<?xml version="1.0" encoding="UTF-8"?>
<!-- Generated by org.testng.reporters.JUnitReportReporter -->
<testsuite hostname="DESKTOP-URFV0HQ" failures="0" tests="2" name="com.herokuapp.restfulbooker.HealthCheckTest" time="1.507" errors="0" timestamp="3 Mar 2020 00:56:04 GMT">
  <testcase classname="com.herokuapp.restfulbooker.HealthCheckTest" name="healthCheckTest" time="0.308"/>
  <testcase classname="com.herokuapp.restfulbooker.HealthCheckTest" name="headersAndCookiesTest" time="1.199"/>
</testsuite> <!-- com.herokuapp.restfulbooker.HealthCheckTest -->
