<?xml version="1.0" encoding="UTF-8"?>
<!-- Generated by org.testng.reporters.JUnitReportReporter -->
<testsuite skipped="0" hostname="Naveen-Mac.local" name="com.MyTests.LoginTest" tests="6" failures="0" timestamp="27 Jul 2019 14:08:26 GMT" time="67.850" errors="0">
  <testcase name="verifyLoginPageTitleTest" time="10.264" classname="com.MyTests.LoginTest"/>
  <testcase name="verifyLoginPageTitleTest" time="10.250" classname="com.MyTests.LoginTest"/>
  <testcase name="verifyLoginPageHeaderTest" time="10.089" classname="com.MyTests.LoginTest"/>
  <testcase name="verifyLoginPageHeaderTest" time="8.982" classname="com.MyTests.LoginTest"/>
  <testcase name="doLoginTest" time="13.785" classname="com.MyTests.LoginTest"/>
  <testcase name="doLoginTest" time="14.480" classname="com.MyTests.LoginTest"/>
</testsuite> <!-- com.MyTests.LoginTest -->
