<?xml version="1.0" encoding="UTF-8"?>
<!-- Generated by org.testng.reporters.JUnitReportReporter -->
<testsuite skipped="0" hostname="Administrators-MacBook-Pro-9.local" name="com.qa.rest.tests.PostCallWithJavaObjects" tests="1" failures="0" timestamp="22 Jan 2018 16:47:27 GMT" time="2.039" errors="0">
  <testcase name="createCustomerTest" time="2.039" classname="com.qa.rest.tests.PostCallWithJavaObjects"/>
</testsuite> <!-- com.qa.rest.tests.PostCallWithJavaObjects -->
