<?xml version="1.0" encoding="UTF-8"?>
<!-- Generated by org.testng.reporters.JUnitReportReporter -->
<testsuite skipped="0" hostname="Administrators-MacBook-Pro-9.local" name="com.qa.rest.tests.WeatherGetTests" tests="1" failures="0" timestamp="17 Jan 2018 16:45:07 GMT" time="3.321" errors="0">
  <testcase name="getWeatherDetailsTest" time="3.321" classname="com.qa.rest.tests.WeatherGetTests"/>
</testsuite> <!-- com.qa.rest.tests.WeatherGetTests -->
