<?xml version="1.0" encoding="UTF-8"?>
<!-- Generated by org.testng.reporters.JUnitReportReporter -->
<testsuite hostname="Dee-PC" failures="0" tests="2" name="com.herokuapp.theinternet.hoverstests.HoversTests" time="19.698" errors="0" timestamp="29 Sep 2018 15:29:43 GMT" skipped="0">
  <testcase classname="com.herokuapp.theinternet.hoverstests.HoversTests" name="user2ProfileTest" time="10.356"/>
  <testcase classname="com.herokuapp.theinternet.hoverstests.HoversTests" name="user2ProfileTest" time="9.342"/>
</testsuite> <!-- com.herokuapp.theinternet.hoverstests.HoversTests -->
