<?xml version="1.0" encoding="UTF-8"?>
<!-- Generated by org.testng.reporters.JUnitReportReporter -->
<testsuite skipped="0" hostname="Naveen-Mac.local" name="com.qa.hubspot.tests.TestNGAnnotations" tests="2" failures="0" timestamp="27 Feb 2019 02:41:57 GMT" time="0.008" errors="0">
  <testcase name="test2" time="0.002" classname="com.qa.hubspot.tests.TestNGAnnotations"/>
  <testcase name="test1" time="0.006" classname="com.qa.hubspot.tests.TestNGAnnotations"/>
</testsuite> <!-- com.qa.hubspot.tests.TestNGAnnotations -->
