<?xml version="1.0" encoding="UTF-8"?>
<!-- Generated by org.testng.reporters.JUnitReportReporter -->
<testsuite skipped="0" hostname="Naveen-Mac.local" name="com.qa.hubspot.tests.PriorityConcept" tests="4" failures="0" timestamp="27 Feb 2019 02:21:51 GMT" time="0.015" errors="0">
  <testcase name="dloginTest4" time="0.011" classname="com.qa.hubspot.tests.PriorityConcept"/>
  <testcase name="aloginTest1" time="0.002" classname="com.qa.hubspot.tests.PriorityConcept"/>
  <testcase name="bloginTest2" time="0.001" classname="com.qa.hubspot.tests.PriorityConcept"/>
  <testcase name="cloginTest3" time="0.001" classname="com.qa.hubspot.tests.PriorityConcept"/>
</testsuite> <!-- com.qa.hubspot.tests.PriorityConcept -->
