<?xml version="1.0" encoding="UTF-8"?>
<!-- Generated by org.testng.reporters.JUnitReportReporter -->
<testsuite hostname="DESKTOP-URFV0HQ" failures="0" tests="1" name="com.herokuapp.restfulbooker.HealthCheckTest" time="1.226" errors="0" timestamp="29 Feb 2020 17:10:54 GMT">
  <testcase classname="com.herokuapp.restfulbooker.HealthCheckTest" name="healthCheckTest" time="1.226"/>
</testsuite> <!-- com.herokuapp.restfulbooker.HealthCheckTest -->
