<?xml version="1.0" encoding="UTF-8"?>
<!-- Generated by org.testng.reporters.JUnitReportReporter -->
<testsuite skipped="2" hostname="Naveen-Mac.local" name="com.qa.hubspot.tests.LoginTest" tests="3" failures="0" timestamp="03 Sep 2019 02:34:00 GMT" time="0.674" errors="1">
  <testcase name="setUp" time="0.674" classname="com.qa.hubspot.tests.LoginTest">
    <error type="java.lang.NoSuchMethodError" message="org.apache.commons.io.IOUtils.toString(Ljava/io/InputStream;Ljava/nio/charset/Charset;)Ljava/lang/String;">
      <![CDATA[java.lang.NoSuchMethodError: org.apache.commons.io.IOUtils.toString(Ljava/io/InputStream;Ljava/nio/charset/Charset;)Ljava/lang/String;
at io.github.bonigarcia.wdm.Shell.runAndWaitNoLog(Shell.java:66)
at io.github.bonigarcia.wdm.Shell.runAndWaitArray(Shell.java:56)
at io.github.bonigarcia.wdm.Shell.runAndWait(Shell.java:46)
at io.github.bonigarcia.wdm.WebDriverManager.getDefaultBrowserVersion(WebDriverManager.java:1164)
at io.github.bonigarcia.wdm.ChromeDriverManager.getBrowserVersion(ChromeDriverManager.java:103)
at io.github.bonigarcia.wdm.WebDriverManager.detectDriverVersionFromBrowser(WebDriverManager.java:558)
at io.github.bonigarcia.wdm.WebDriverManager.manage(WebDriverManager.java:494)
at io.github.bonigarcia.wdm.WebDriverManager.setup(WebDriverManager.java:260)
at com.qa.hubspot.Base.BasePage.initialize_driver(BasePage.java:41)
at com.qa.hubspot.tests.LoginTest.setUp(LoginTest.java:30)
at sun.reflect.NativeMethodAccessorImpl.invoke0(Native Method)
at sun.reflect.NativeMethodAccessorImpl.invoke(NativeMethodAccessorImpl.java:62)
at sun.reflect.DelegatingMethodAccessorImpl.invoke(DelegatingMethodAccessorImpl.java:43)
at java.lang.reflect.Method.invoke(Method.java:498)
at org.testng.internal.MethodInvocationHelper.invokeMethod(MethodInvocationHelper.java:124)
at org.testng.internal.MethodInvocationHelper.invokeMethodConsideringTimeout(MethodInvocationHelper.java:59)
at org.testng.internal.Invoker.invokeConfigurationMethod(Invoker.java:458)
at org.testng.internal.Invoker.invokeConfigurations(Invoker.java:222)
at org.testng.internal.Invoker.invokeMethod(Invoker.java:523)
at org.testng.internal.Invoker.invokeTestMethod(Invoker.java:719)
at org.testng.internal.Invoker.invokeTestMethods(Invoker.java:989)
at org.testng.internal.TestMethodWorker.invokeTestMethods(TestMethodWorker.java:125)
at org.testng.internal.TestMethodWorker.run(TestMethodWorker.java:109)
at org.testng.TestRunner.privateRun(TestRunner.java:648)
at org.testng.TestRunner.run(TestRunner.java:505)
at org.testng.SuiteRunner.runTest(SuiteRunner.java:455)
at org.testng.SuiteRunner.runSequentially(SuiteRunner.java:450)
at org.testng.SuiteRunner.privateRun(SuiteRunner.java:415)
at org.testng.SuiteRunner.run(SuiteRunner.java:364)
at org.testng.SuiteRunnerWorker.runSuite(SuiteRunnerWorker.java:52)
at org.testng.SuiteRunnerWorker.run(SuiteRunnerWorker.java:84)
at org.testng.TestNG.runSuitesSequentially(TestNG.java:1208)
at org.testng.TestNG.runSuitesLocally(TestNG.java:1137)
at org.testng.TestNG.runSuites(TestNG.java:1049)
at org.testng.TestNG.run(TestNG.java:1017)
at org.testng.remote.AbstractRemoteTestNG.run(AbstractRemoteTestNG.java:114)
at org.testng.remote.RemoteTestNG.initAndRun(RemoteTestNG.java:251)
at org.testng.remote.RemoteTestNG.main(RemoteTestNG.java:77)
]]>
    </error>
  </testcase> <!-- setUp -->
  <testcase name="loginTest" time="0.000" classname="com.qa.hubspot.tests.LoginTest">
    <skipped/>
  </testcase> <!-- loginTest -->
  <testcase name="loginPageTitleTest" time="0.000" classname="com.qa.hubspot.tests.LoginTest">
    <skipped/>
  </testcase> <!-- loginPageTitleTest -->
</testsuite> <!-- com.qa.hubspot.tests.LoginTest -->
