<?xml version="1.0" encoding="UTF-8"?>
<!-- Generated by org.testng.reporters.JUnitReportReporter -->
<testsuite skipped="0" hostname="Naveen-Mac.local" name="com.qa.hubspot.tests.LoginPFTest" tests="1" failures="0" timestamp="30 Aug 2019 01:49:28 GMT" time="12.401" errors="0">
  <testcase name="loginTest" time="12.401" classname="com.qa.hubspot.tests.LoginPFTest"/>
</testsuite> <!-- com.qa.hubspot.tests.LoginPFTest -->
