<?xml version="1.0" encoding="UTF-8"?>
<!-- Generated by org.testng.reporters.JUnitReportReporter -->
<testsuite skipped="0" hostname="Administrators-MacBook-Pro-9.local" name="MyTestDemo" tests="2" failures="0" timestamp="04 Jan 2019 18:40:05 GMT" time="42.484" errors="0">
  <testcase name="navigationTest" time="11.038" classname="MyTestDemo"/>
  <testcase name="navigation_FeatureTest" time="31.446" classname="MyTestDemo"/>
</testsuite> <!-- MyTestDemo -->
