<?xml version="1.0" encoding="UTF-8"?>
<!-- Generated by org.testng.reporters.JUnitReportReporter -->
<testsuite skipped="0" hostname="Administrators-MacBook-Pro-9.local" name="MyTest" tests="1" failures="0" timestamp="04 Jan 2019 18:17:10 GMT" time="10.867" errors="0">
  <testcase name="loginTest_Data" time="10.867" classname="MyTest"/>
</testsuite> <!-- MyTest -->
