<?xml version="1.0" encoding="UTF-8"?>
<!-- Generated by org.testng.reporters.JUnitReportReporter -->
<testsuite hostname="LSQLAP-1033" failures="0" tests="4" name="test.Day2" time="0.022" errors="0" timestamp="2022-07-04T21:35:02 IST" skipped="0">
  <testcase classname="test.Day2" name="day2" time="0.011"/>
  <system-out/>
  <testcase classname="test.Day2" name="day2" time="0.004"/>
  <system-out/>
  <testcase classname="test.Day2" name="day2" time="0.004"/>
  <system-out/>
  <testcase classname="test.Day2" name="smoke" time="0.003"/>
  <system-out/>
</testsuite> <!-- test.Day2 -->
