<?xml version="1.0" encoding="UTF-8"?>
<!-- Generated by org.testng.reporters.JUnitReportReporter -->
<testsuite hostname="SMAs-MacBook-Pro.local" failures="0" tests="1" name="test.Day4" time="0.003" errors="0" timestamp="2022-07-03T21:05:40 IST" skipped="0">
  <testcase classname="test.Day4" name="APILoginHome" time="0.003"/>
  <system-out/>
</testsuite> <!-- test.Day4 -->
