<?xml version="1.0" encoding="UTF-8"?>
<!-- Generated by org.testng.reporters.JUnitReportReporter -->
<testsuite hostname="LSQLAP-1033" failures="0" tests="6" name="test.Day5" time="0.012" errors="0" timestamp="2022-07-04T21:35:02 IST" skipped="1">
  <testcase classname="test.Day5" name="APILoginCar4" time="0.006"/>
  <system-out/>
  <testcase classname="test.Day5" name="APILoginCar" time="0.001"/>
  <system-out/>
  <testcase classname="test.Day5" name="MobileLoginCar" time="0.002"/>
  <system-out/>
  <testcase classname="test.Day5" name="APILoginCar2" time="0.001"/>
  <system-out/>
  <testcase classname="test.Day5" name="WebLoginCar" time="0.002"/>
  <system-out/>
  <testcase classname="test.Day5" name="APILoginCar3">
    <skipped/>
  </testcase> <!-- APILoginCar3 -->
  <system-out/>
</testsuite> <!-- test.Day5 -->
