<?xml version="1.0" encoding="UTF-8"?>
<!-- Generated by org.testng.reporters.JUnitReportReporter -->
<testsuite hostname="IN-39DXTN3" failures="0" tests="1" name="saucedemoTest.testdummy" time="2.034" errors="0" timestamp="2022-10-06T10:18:52 IST" skipped="0">
  <testcase classname="saucedemoTest.testdummy" name="demo" time="2.034"/>
  <system-out/>
</testsuite> <!-- saucedemoTest.testdummy -->
