<?xml version="1.0" encoding="UTF-8"?>
<!-- Generated by org.testng.reporters.JUnitReportReporter -->
<testsuite hostname="IN-39DXTN3" failures="0" tests="1" name="base.Base" time="0.011" errors="0" timestamp="2022-10-04T11:31:25 IST" skipped="0">
  <testcase classname="base.Base" name="demoExtent" time="0.011"/>
  <system-out/>
</testsuite> <!-- base.Base -->
