<?xml version="1.0" encoding="UTF-8"?>
<!-- Generated by org.testng.reporters.JUnitReportReporter -->
<testsuite hostname="IN-39DXTN3" failures="0" tests="1" name="testParaBank.demo" time="7.120" errors="0" timestamp="2022-11-03T13:10:47 IST" skipped="0">
  <testcase classname="testParaBank.demo" name="demo1Login1" time="7.120"/>
  <system-out/>
</testsuite> <!-- testParaBank.demo -->
