<?xml version="1.0" encoding="UTF-8"?>
<!-- Generated by org.testng.reporters.JUnitReportReporter -->
<testsuite hostname="IN-39DXTN3" failures="0" tests="1" name="testSauceDemo.TestAddProduct" time="8.082" errors="0" timestamp="2022-10-06T13:22:49 IST" skipped="0">
  <testcase classname="testSauceDemo.TestAddProduct" name="ByVisibleElement" time="8.082"/>
  <system-out/>
</testsuite> <!-- testSauceDemo.TestAddProduct -->
