<?xml version="1.0" encoding="UTF-8"?>
<!-- Generated by org.testng.reporters.JUnitReportReporter -->
<testsuite hostname="IN-39DXTN3" failures="0" tests="1" name="saucedemoTest.TestLoginPage" time="6.965" errors="0" timestamp="2022-10-06T10:41:15 IST" skipped="0">
  <testcase classname="saucedemoTest.TestLoginPage" name="validloginpage" time="6.965"/>
  <system-out/>
</testsuite> <!-- saucedemoTest.TestLoginPage -->
