<?xml version="1.0" encoding="UTF-8"?>
<!-- Generated by org.testng.reporters.JUnitReportReporter -->
<testsuite hostname="IN-39DXTN3" failures="0" tests="5" name="testSauceDemo.TestValidCompleteFlow" time="24.396" errors="0" timestamp="2022-11-23T22:17:26 IST" skipped="0">
  <testcase classname="testSauceDemo.TestValidCompleteFlow" name="validloginpage" time="6.318"/>
  <system-out/>
  <testcase classname="testSauceDemo.TestValidCompleteFlow" name="addProductToCart" time="8.663"/>
  <system-out/>
  <testcase classname="testSauceDemo.TestValidCompleteFlow" name="enterUserInfo" time="6.596"/>
  <system-out/>
  <testcase classname="testSauceDemo.TestValidCompleteFlow" name="Checkout" time="1.312"/>
  <system-out/>
  <testcase classname="testSauceDemo.TestValidCompleteFlow" name="completeCheckout" time="1.507"/>
  <system-out/>
</testsuite> <!-- testSauceDemo.TestValidCompleteFlow -->
