<?xml version="1.0" encoding="UTF-8"?>
<!-- Generated by org.testng.reporters.JUnitReportReporter -->
<testsuite hostname="IN-39DXTN3" failures="0" tests="1" name="testSauceDemo.demo" time="5.779" errors="0" timestamp="2022-11-03T11:10:59 IST" skipped="0">
  <testcase classname="testSauceDemo.demo" name="demo1" time="5.779"/>
  <system-out/>
</testsuite> <!-- testSauceDemo.demo -->
