<?xml version="1.0" encoding="UTF-8"?>
<!-- Generated by org.testng.reporters.JUnitReportReporter -->
<testsuite hostname="DESKTOP-L1DSRNK" failures="0" tests="2" name="testcases.Login" time="0.345" errors="0" timestamp="12 Jun 2018 03:57:41 GMT" skipped="0">
  <testcase classname="testcases.Login" name="verifyLoginAsManager" time="0.223"/>
  <testcase classname="testcases.Login" name="loginAsManager" time="0.122"/>
</testsuite> <!-- testcases.Login -->
