<?xml version="1.0" encoding="UTF-8"?>
<!-- Generated by org.testng.reporters.JUnitReportReporter -->
<testsuite hostname="DESKTOP-L1DSRNK" failures="0" tests="1" name="testcases.AddCustomerTest" time="0.388" errors="0" timestamp="12 Jun 2018 03:57:41 GMT" skipped="0">
  <testcase classname="testcases.AddCustomerTest" name="addCustomer" time="0.388"/>
</testsuite> <!-- testcases.AddCustomerTest -->
