<?xml version="1.0" encoding="UTF-8"?>
<!-- Generated by org.testng.reporters.JUnitReportReporter -->
<testsuite hostname="WFX-Saurabh" name="Test.SWN" tests="1" failures="0" timestamp="25 Jan 2016 10:52:03 GMT" time="47.121" errors="0">
  <testcase name="TestSWN" time="47.121" classname="Test.SWN"/>
</testsuite> <!-- Test.SWN -->
