<?xml version="1.0" encoding="UTF-8"?>
<!-- Generated by org.testng.reporters.JUnitReportReporter -->
<testsuite hostname="WFX-Saurabh" name="Test.TestDNCN" tests="3" failures="0" timestamp="13 Jan 2016 10:39:15 GMT" time="106.173" errors="0">
  <testcase name="TestPWN" time="57.777" classname="Test.TestDNCN"/>
  <testcase name="TestCreditNoteAgainnstPWN" time="22.027" classname="Test.TestDNCN"/>
  <testcase name="TestDebitNoteAgainnstPWN" time="26.369" classname="Test.TestDNCN"/>
</testsuite> <!-- Test.TestDNCN -->
