<?xml version="1.0" encoding="UTF-8"?>
<!-- Generated by org.testng.reporters.JUnitReportReporter -->
<testsuite hostname="WFX-Saurabh" name="frame.ExecuteTest" tests="1" failures="0" timestamp="1 Dec 2015 05:35:37 GMT" time="764.864" errors="0">
  <testcase name="TestExecute" time="764.864" classname="frame.ExecuteTest"/>
</testsuite> <!-- frame.ExecuteTest -->
