<?xml version="1.0" encoding="UTF-8"?>
<!-- Generated by org.testng.reporters.JUnitReportReporter -->
<testsuite hostname="WFX-Saurabh" name="frame.ExecuteSampling" tests="7" failures="0" timestamp="1 Dec 2015 06:09:55 GMT" time="744.834" errors="0">
  <testcase name="TestSampleDebitNote" time="28.938" classname="frame.ExecuteSampling"/>
  <testcase name="TestBuyer" time="403.284" classname="frame.ExecuteSampling"/>
  <testcase name="TestSupplier" time="227.598" classname="frame.ExecuteSampling"/>
  <testcase name="TestCourierDispatch" time="23.283" classname="frame.ExecuteSampling"/>
  <testcase name="TestReciept" time="17.274" classname="frame.ExecuteSampling"/>
  <testcase name="TestSWN" time="34.073" classname="frame.ExecuteSampling"/>
  <testcase name="TestSVC" time="10.384" classname="frame.ExecuteSampling"/>
</testsuite> <!-- frame.ExecuteSampling -->
