<?xml version="1.0" encoding="UTF-8"?>
<!-- Generated by org.testng.reporters.JUnitReportReporter -->
<testsuite hostname="WFX-Saurabh" name="Test.FAAP" tests="9" failures="0" timestamp="8 Feb 2016 12:26:29 GMT" time="492.091" errors="0">
  <testcase name="TestBuyerOrderConfermation" time="18.566" classname="Test.FAAP"/>
  <testcase name="TestBuyerPI" time="18.574" classname="Test.FAAP"/>
  <testcase name="TestBuyerTradInvoice" time="29.065" classname="Test.FAAP"/>
  <testcase name="TestSupplierDebitNote" time="22.409" classname="Test.FAAP"/>
  <testcase name="TestPWNShipment" time="35.671" classname="Test.FAAP"/>
  <testcase name="TestPWN" time="275.872" classname="Test.FAAP"/>
  <testcase name="TestSupplierInvoice" time="27.283" classname="Test.FAAP"/>
  <testcase name="TestSupplierCreditNote" time="22.654" classname="Test.FAAP"/>
  <testcase name="TestSupplierInvoicePayment" time="41.997" classname="Test.FAAP"/>
</testsuite> <!-- Test.FAAP -->
