<?xml version="1.0" encoding="UTF-8"?>
<!-- Generated by org.testng.reporters.JUnitReportReporter -->
<testsuite skipped="0" hostname="DESKTOP-6QB07EQ" name="com.qa.api.gorest.tests.CreateUserTest" tests="2" failures="0" timestamp="29 Mar 2020 12:29:12 GMT" time="10.052" errors="0">
  <testcase name="createUserAPIPOSTTest" time="9.189" classname="com.qa.api.gorest.tests.CreateUserTest"/>
  <testcase name="createUserAPIPOSTTest" time="0.863" classname="com.qa.api.gorest.tests.CreateUserTest"/>
</testsuite> <!-- com.qa.api.gorest.tests.CreateUserTest -->
