<?xml version="1.0" encoding="UTF-8"?>
<!-- Generated by org.testng.reporters.JUnitReportReporter -->
<testsuite skipped="0" hostname="DESKTOP-6QB07EQ" name="com.qa.api.gorest.tests.GetImgurApiTest" tests="2" failures="0" timestamp="29 Mar 2020 12:29:12 GMT" time="24.011" errors="0">
  <testcase name="getUsernameBlockStatus" time="2.387" classname="com.qa.api.gorest.tests.GetImgurApiTest"/>
  <testcase name="postImageUploadApiTest" time="21.624" classname="com.qa.api.gorest.tests.GetImgurApiTest"/>
</testsuite> <!-- com.qa.api.gorest.tests.GetImgurApiTest -->
