<?xml version="1.0" encoding="UTF-8"?>
<!-- Generated by org.testng.reporters.JUnitReportReporter -->
<testsuite skipped="0" hostname="DESKTOP-6QB07EQ" name="com.qa.api.gorest.tests.GetUserTest" tests="2" failures="0" timestamp="29 Mar 2020 12:29:12 GMT" time="1.546" errors="0">
  <testcase name="getAllUserListAPITest" time="0.808" classname="com.qa.api.gorest.tests.GetUserTest"/>
  <testcase name="getUserWithQueryParamsAPITest" time="0.738" classname="com.qa.api.gorest.tests.GetUserTest"/>
</testsuite> <!-- com.qa.api.gorest.tests.GetUserTest -->
