<?xml version="1.0" encoding="UTF-8"?>
<!-- Generated by org.testng.reporters.JUnitReportReporter -->
<testsuite skipped="0" hostname="DESKTOP-6QB07EQ" name="com.ecomm.qa.testcases.ContactsPageTest" tests="3" failures="0" timestamp="28 Sep 2018 09:42:42 GMT" time="1.446" errors="0">
  <testcase name="verifyContactPageLabel" time="0.187" classname="com.ecomm.qa.testcases.ContactsPageTest"/>
  <testcase name="selectSingleName" time="0.540" classname="com.ecomm.qa.testcases.ContactsPageTest"/>
  <testcase name="selectMultipleName" time="0.719" classname="com.ecomm.qa.testcases.ContactsPageTest"/>
</testsuite> <!-- com.ecomm.qa.testcases.ContactsPageTest -->
