<?xml version="1.0" encoding="UTF-8"?>
<!-- Generated by org.testng.reporters.JUnitReportReporter -->
<testsuite skipped="0" hostname="Administrators-MacBook-Pro-9.local" name="com.qa.hubspot.testcases.LoginTest" tests="1" failures="0" timestamp="09 Nov 2018 03:23:11 GMT" time="6.618" errors="0">
  <testcase name="verifyLoginPageTitleTest" time="6.618" classname="com.qa.hubspot.testcases.LoginTest"/>
</testsuite> <!-- com.qa.hubspot.testcases.LoginTest -->
