<?xml version="1.0" encoding="UTF-8"?>
<!-- Generated by org.testng.reporters.JUnitReportReporter -->
<testsuite skipped="0" hostname="DESKTOP-6QB07EQ" name="com.crm.qa.testcases.LoginPageTest" tests="3" failures="0" timestamp="01 Oct 2018 04:26:32 GMT" time="45.954" errors="0">
  <testcase name="loginPageTitle" time="13.876" classname="com.crm.qa.testcases.LoginPageTest"/>
  <testcase name="crmLogoImageTest" time="10.963" classname="com.crm.qa.testcases.LoginPageTest"/>
  <testcase name="loginTest" time="21.115" classname="com.crm.qa.testcases.LoginPageTest"/>
</testsuite> <!-- com.crm.qa.testcases.LoginPageTest -->
