<?xml version="1.0" encoding="UTF-8"?>
<!-- Generated by org.testng.reporters.JUnitReportReporter -->
<testsuite skipped="0" hostname="DESKTOP-6QB07EQ" name="com.ecomm.qa.testcases.LoginPageTest" tests="3" failures="0" timestamp="23 Sep 2018 13:53:58 GMT" time="88.200" errors="0">
  <testcase name="loginPageTitle" time="31.860" classname="com.ecomm.qa.testcases.LoginPageTest"/>
  <testcase name="crmLogoImageTest" time="17.780" classname="com.ecomm.qa.testcases.LoginPageTest"/>
  <testcase name="loginTest" time="38.560" classname="com.ecomm.qa.testcases.LoginPageTest"/>
</testsuite> <!-- com.ecomm.qa.testcases.LoginPageTest -->
