<?xml version="1.0" encoding="UTF-8"?>
<!-- Generated by org.testng.reporters.JUnitReportReporter -->
<testsuite hostname="DESKTOP-25FDBGI" failures="0" tests="1" name="com.artoftesting.test.SauceDemoLoginTest" time="1.094" errors="0" timestamp="2020-12-30T16:56:57 IST" skipped="0">
  <testcase classname="com.artoftesting.test.SauceDemoLoginTest" name="loginTest" time="1.094"/>
  <system-out/>
</testsuite> <!-- com.artoftesting.test.SauceDemoLoginTest -->
