<?xml version="1.0" encoding="UTF-8"?>
<!-- Generated by org.testng.reporters.JUnitReportReporter -->
<testsuite hostname="DESKTOP-NUT9ITH" failures="0" tests="1" name="TestCases.LocationSearchTest_TC001" time="36.819" errors="0" timestamp="2022-11-04T18:09:30 IST" skipped="0">
  <testcase classname="TestCases.LocationSearchTest_TC001" name="LocationSearch" time="36.819"/>
  <system-out/>
</testsuite> <!-- TestCases.LocationSearchTest_TC001 -->
