<?xml version="1.0" encoding="UTF-8"?>
<!-- Generated by org.testng.reporters.JUnitReportReporter -->
<testsuite skipped="0" hostname="CNDDINESHVENKAT" name="Seetest.SampleTest" tests="1" failures="0" timestamp="27 Jun 2017 12:24:32 GMT" time="24.843" errors="0">
  <testcase name="test1" time="24.843" classname="Seetest.SampleTest"/>
</testsuite> <!-- Seetest.SampleTest -->
