<?xml version="1.0" encoding="UTF-8"?>
<!-- Generated by org.testng.reporters.JUnitReportReporter -->
<testsuite skipped="0" hostname="Administrators-MacBook-Pro-9.local" name="com.qa.tests.posttest" tests="1" failures="0" timestamp="26 Nov 2017 08:54:54 GMT" time="1.614" errors="0">
  <testcase name="getAPITes" time="1.614" classname="com.qa.tests.posttest"/>
</testsuite> <!-- com.qa.tests.posttest -->
