<?xml version="1.0" encoding="UTF-8"?>
<!-- Generated by org.testng.reporters.JUnitReportReporter -->
<testsuite hostname="Administrators-MacBook-Pro-9.local" name="com.qa.tests.GetAPITest" tests="2" failures="0" timestamp="4 Nov 2017 14:55:37 GMT" time="4.465" errors="0">
  <testcase name="getAPITestWithoutHeaders" time="3.189" classname="com.qa.tests.GetAPITest"/>
  <testcase name="getAPITestWithHeaders" time="1.276" classname="com.qa.tests.GetAPITest"/>
</testsuite> <!-- com.qa.tests.GetAPITest -->
