<?xml version="1.0" encoding="UTF-8"?>
<!-- Generated by org.testng.reporters.JUnitReportReporter -->
<testsuite skipped="0" hostname="Administrators-MacBook-Pro-9.local" name="com.qa.tests.PostAPITest" tests="1" failures="0" timestamp="26 Nov 2017 10:00:16 GMT" time="1.513" errors="0">
  <testcase name="postAPITest" time="1.513" classname="com.qa.tests.PostAPITest"/>
</testsuite> <!-- com.qa.tests.PostAPITest -->
