<?xml version="1.0" encoding="UTF-8"?>
<!-- Generated by org.testng.reporters.JUnitReportReporter -->
<testsuite hostname="DESKTOP-URFV0HQ" failures="0" tests="1" name="com.herokuapp.restfulbooker.GetBookingTests" time="1.708" errors="0" timestamp="29 Feb 2020 17:20:42 GMT">
  <testcase classname="com.herokuapp.restfulbooker.GetBookingTests" name="getBookingTest" time="1.708"/>
</testsuite> <!-- com.herokuapp.restfulbooker.GetBookingTests -->
