<?xml version="1.0" encoding="UTF-8"?>
<!-- Generated by org.testng.reporters.JUnitReportReporter -->
<testsuite skipped="0" hostname="Naveen-Mac.local" name="com.qa.hs.tests.LoginTest" tests="2" failures="0" timestamp="25 Feb 2019 17:22:10 GMT" time="22.339" errors="0">
  <testcase name="loginTest" time="6.546" classname="com.qa.hs.tests.LoginTest"/>
  <testcase name="signUpTest" time="15.793" classname="com.qa.hs.tests.LoginTest"/>
</testsuite> <!-- com.qa.hs.tests.LoginTest -->
