<?xml version="1.0" encoding="UTF-8"?>
<!-- Generated by org.testng.reporters.JUnitReportReporter -->
<testsuite hostname="INCNU348D1X1" failures="0" tests="1" name="PartialUpdateBooking" time="4.275" errors="0" timestamp="28 May 2019 10:39:31 GMT" skipped="0">
  <testcase classname="PartialUpdateBooking" name="updateBooking" time="4.275"/>
</testsuite> <!-- PartialUpdateBooking -->
