<?xml version="1.0" encoding="UTF-8"?>
<!-- Generated by org.testng.reporters.JUnitReportReporter -->
<testsuite hostname="INCNU348D1X1" failures="0" tests="1" name="POST_test" time="5.807" errors="0" timestamp="28 May 2019 05:34:49 GMT" skipped="0">
  <testcase classname="POST_test" name="post_CreateAuth" time="5.807"/>
</testsuite> <!-- POST_test -->
