<?xml version="1.0" encoding="UTF-8"?>
<!-- Generated by org.testng.reporters.JUnitReportReporter -->
<testsuite hostname="INCNU348D1X1" failures="0" tests="1" name="com.dxc.TestingProjects.PlaceAPICheck" time="4.161" errors="0" timestamp="16 May 2019 10:57:14 GMT" skipped="0">
  <testcase classname="com.dxc.TestingProjects.PlaceAPICheck" name="RESTAutomation" time="4.161"/>
</testsuite> <!-- com.dxc.TestingProjects.PlaceAPICheck -->
