<?xml version="1.0" encoding="UTF-8"?>
<!-- Generated by org.testng.reporters.JUnitReportReporter -->
<testsuite skipped="0" hostname="Naveens-MacBook-Air.local" name="com.parameters.ParameterTest" tests="1" failures="0" timestamp="17 Sep 2017 19:35:58 GMT" time="7.996" errors="0">
  <testcase name="yahooLoginTest" time="7.996" classname="com.parameters.ParameterTest"/>
</testsuite> <!-- com.parameters.ParameterTest -->
