<?xml version="1.0" encoding="UTF-8"?>
<!-- Generated by org.testng.reporters.JUnitReportReporter -->
<testsuite skipped="0" hostname="Naveens-MacBook-Air.local" name="com.test.TestNgBasics" tests="3" failures="0" timestamp="13 Sep 2017 03:46:22 GMT" time="0.008" errors="0">
  <testcase name="googleTitleTest" time="0.006" classname="com.test.TestNgBasics"/>
  <testcase name="googleLogoTest" time="0.001" classname="com.test.TestNgBasics"/>
  <testcase name="searchTest" time="0.001" classname="com.test.TestNgBasics"/>
</testsuite> <!-- com.test.TestNgBasics -->
