<?xml version="1.0" encoding="UTF-8"?>
<!-- Generated by org.testng.reporters.JUnitReportReporter -->
<testsuite skipped="0" hostname="Naveens-MacBook-Air.local" name="com.test.TestNgFeatures" tests="1" failures="0" timestamp="13 Sep 2017 03:46:27 GMT" time="0.002" errors="0">
  <testcase name="loginTest" time="0.002" classname="com.test.TestNgFeatures"/>
</testsuite> <!-- com.test.TestNgFeatures -->
