<?xml version="1.0" encoding="UTF-8"?>
<!-- Generated by org.testng.reporters.JUnitReportReporter -->
<testsuite skipped="0" hostname="Naveens-MacBook-Air.local" name="com.datadriven.test.HalfEbdayTest" tests="4" failures="0" timestamp="17 Sep 2017 09:46:59 GMT" time="43.239" errors="0">
  <testcase name="halfEbayRegPageTest" time="13.445" classname="com.datadriven.test.HalfEbdayTest"/>
  <testcase name="halfEbayRegPageTest" time="10.059" classname="com.datadriven.test.HalfEbdayTest"/>
  <testcase name="halfEbayRegPageTest" time="9.392" classname="com.datadriven.test.HalfEbdayTest"/>
  <testcase name="halfEbayRegPageTest" time="10.343" classname="com.datadriven.test.HalfEbdayTest"/>
</testsuite> <!-- com.datadriven.test.HalfEbdayTest -->
