<?xml version="1.0" encoding="UTF-8"?>
<!-- Generated by org.testng.reporters.JUnitReportReporter -->
<testsuite hostname="Dell-PC" name="loginpagetest" tests="1" failures="0" timestamp="15 Jan 2020 18:36:24 GMT" time="65.999" errors="0">
  <testcase name="successfullLogin" time="65.999" classname="loginpagetest"/>
</testsuite> <!-- loginpagetest -->
