<?xml version="1.0" encoding="UTF-8"?>
<!-- Generated by org.testng.reporters.JUnitReportReporter -->
<testsuite hostname="Dell-PC" name="homepagetest" tests="1" failures="0" timestamp="5 Apr 2020 11:18:08 GMT" time="28.487" errors="0">
  <testcase name="Usernamedisplayed" time="28.487" classname="homepagetest"/>
</testsuite> <!-- homepagetest -->
