<?xml version="1.0" encoding="UTF-8"?>
<!-- Generated by org.testng.reporters.JUnitReportReporter -->
<testsuite hostname="Dell-PC" name="contactpage_test" tests="1" failures="0" timestamp="5 Apr 2020 12:22:42 GMT" time="22.244" errors="0">
  <testcase name="verifycontactpagenavigation" time="22.244" classname="contactpage_test"/>
</testsuite> <!-- contactpage_test -->
