<?xml version="1.0" encoding="UTF-8"?>
<!-- Generated by org.testng.reporters.JUnitReportReporter -->
<testsuite hostname="Dell-PC" name="Testcases.homepagetest" tests="1" failures="0" timestamp="11 Apr 2020 16:30:31 GMT" time="25.955" errors="0">
  <testcase name="Usernamedisplayed" time="25.955" classname="Testcases.homepagetest"/>
</testsuite> <!-- Testcases.homepagetest -->
