<?xml version="1.0" encoding="UTF-8"?>
<!-- Generated by org.testng.reporters.JUnitReportReporter -->
<testsuite hostname="Dell-PC" name="Testcases.loginpagetest" tests="1" failures="0" timestamp="11 Apr 2020 16:30:31 GMT" time="45.397" errors="0">
  <testcase name="successfullLogin" time="45.397" classname="Testcases.loginpagetest"/>
</testsuite> <!-- Testcases.loginpagetest -->
