<?xml version="1.0" encoding="UTF-8"?>
<!-- Generated by org.testng.reporters.JUnitReportReporter -->
<testsuite hostname="Dell-PC" name="Testcases.contactpage_test" tests="1" failures="0" timestamp="24 Apr 2020 13:19:16 GMT" time="44.244" errors="0">
  <testcase name="verifycontactpagenavigation" time="44.244" classname="Testcases.contactpage_test"/>
</testsuite> <!-- Testcases.contactpage_test -->
