<?xml version="1.0" encoding="UTF-8"?>
<!-- Generated by org.testng.reporters.JUnitReportReporter -->
<testsuite hostname="DESKTOP-URFV0HQ" failures="0" tests="2" name="com.herokuapp.restfulbooker.GetBookingIdsTests" time="1.666" errors="0" timestamp="29 Feb 2020 17:34:58 GMT">
  <testcase classname="com.herokuapp.restfulbooker.GetBookingIdsTests" name="getBookingIdsWithFilterTest" time="1.379"/>
  <testcase classname="com.herokuapp.restfulbooker.GetBookingIdsTests" name="getBookingIdsWithoutFilterTest" time="0.287"/>
</testsuite> <!-- com.herokuapp.restfulbooker.GetBookingIdsTests -->
