<?xml version="1.0" encoding="UTF-8"?>
<!-- Generated by org.testng.reporters.JUnitReportReporter -->
<testsuite hostname="DESKTOP-URFV0HQ" failures="0" tests="1" name="com.herokuapp.restfulbooker.CreateBookingTests" time="1.469" errors="0" timestamp="4 Mar 2020 01:23:22 GMT">
  <testcase classname="com.herokuapp.restfulbooker.CreateBookingTests" name="createBookingWithPOJOTest" time="1.469"/>
</testsuite> <!-- com.herokuapp.restfulbooker.CreateBookingTests -->
