<?xml version="1.0" encoding="UTF-8"?>
<!-- Generated by org.testng.reporters.JUnitReportReporter -->
<testsuite hostname="Dee-PC" failures="0" tests="1" name="com.herokuapp.theinternet.loginpagetests.PositiveLogInTests" time="12.744" errors="0" timestamp="13 Oct 2018 15:13:10 GMT" skipped="0">
  <testcase classname="com.herokuapp.theinternet.loginpagetests.PositiveLogInTests" name="logInTest" time="12.744"/>
</testsuite> <!-- com.herokuapp.theinternet.loginpagetests.PositiveLogInTests -->
