<?xml version="1.0" encoding="UTF-8"?>
<!-- Generated by org.testng.reporters.JUnitReportReporter -->
<testsuite skipped="0" hostname="DESKTOP-BA3ENRQ" name="testCase.TC002_VerifyPageTitle" tests="1" failures="0" timestamp="2022-05-06T21:22:20 BDT" time="18.581" errors="0">
  <testcase name="locatorLearning" time="18.581" classname="testCase.TC002_VerifyPageTitle"/>
  <system-out/>
</testsuite> <!-- testCase.TC002_VerifyPageTitle -->
