<?xml version="1.0" encoding="UTF-8"?>
<!-- Generated by org.testng.reporters.JUnitReportReporter -->
<testsuite skipped="0" hostname="DESKTOP-BA3ENRQ" name="testCase.TC001_LocatorLearning" tests="1" failures="0" timestamp="2022-05-07T16:33:07 BDT" time="20.734" errors="0">
  <testcase name="locatorLearning" time="20.734" classname="testCase.TC001_LocatorLearning"/>
  <system-out/>
</testsuite> <!-- testCase.TC001_LocatorLearning -->
