<?xml version="1.0" encoding="UTF-8"?>
<!-- Generated by org.testng.reporters.JUnitReportReporter -->
<testsuite skipped="0" hostname="Naveen-Mac.local" name="WebScrapTest" tests="3" failures="0" timestamp="29 Sep 2020 16:46:42 GMT" time="29.080" errors="0">
  <testcase name="webScrapeTest" time="4.990" classname="WebScrapTest"/>
  <testcase name="webScrapeTest" time="16.806" classname="WebScrapTest"/>
  <testcase name="webScrapeTest" time="7.284" classname="WebScrapTest"/>
</testsuite> <!-- WebScrapTest -->
