<?xml version="1.0" encoding="UTF-8"?>
<!-- Generated by org.testng.reporters.JUnitReportReporter -->
<testsuite skipped="0" hostname="Naveen-Mac.local" name="WebDataTest" tests="2" failures="0" timestamp="29 Sep 2020 15:31:14 GMT" time="12.242" errors="0">
  <testcase name="webScrapeTest" time="6.121" classname="WebDataTest"/>
  <testcase name="webScrapeTest" time="6.121" classname="WebDataTest"/>
</testsuite> <!-- WebDataTest -->
