<?xml version="1.0" encoding="UTF-8"?>
<!-- Generated by org.testng.reporters.JUnitReportReporter -->
<testsuite skipped="0" hostname="DESKTOP-KEHKU6I" name="runner.BlogPageRunner" tests="1" failures="0" timestamp="25 Sep 2019 05:14:31 GMT" time="23.363" errors="0">
  <testcase name="runScenario" time="23.363" classname="runner.BlogPageRunner"/>
</testsuite> <!-- runner.BlogPageRunner -->
