<?xml version="1.0" encoding="UTF-8"?>
<!-- Generated by org.testng.reporters.JUnitReportReporter -->
<testsuite hostname="LAPTOP-HSPQSV91" failures="0" tests="2" name="Files.TestNG.Assertions" time="17.239" errors="0" timestamp="30 Aug 2018 15:03:35 GMT" skipped="0">
  <testcase classname="Files.TestNG.Assertions" name="verify02" time="0.111"/>
  <testcase classname="Files.TestNG.Assertions" name="verify01" time="17.128"/>
</testsuite> <!-- Files.TestNG.Assertions -->
