<?xml version="1.0" encoding="UTF-8"?>
<!-- Generated by org.testng.reporters.JUnitReportReporter -->
<testsuite hostname="LAPTOP-HSPQSV91" failures="0" tests="1" name="Files.TestNG.Dropbox.SignUp" time="3.415" errors="0" timestamp="21 Aug 2018 12:45:57 GMT" skipped="0">
  <testcase classname="Files.TestNG.Dropbox.SignUp" name="SignupDetails" time="3.415"/>
</testsuite> <!-- Files.TestNG.Dropbox.SignUp -->
