<?xml version="1.0" encoding="UTF-8"?>
<!-- Generated by org.testng.reporters.JUnitReportReporter -->
<testsuite hostname="LAPTOP-HSPQSV91" failures="0" tests="5" name="ReadingDataFromFile.ReadingDataFromExcelDataProvider" time="39.622" errors="0" timestamp="01 Sep 2018 11:42:57 GMT" skipped="0">
  <testcase classname="ReadingDataFromFile.ReadingDataFromExcelDataProvider" name="datafromExcelTest" time="8.049"/>
  <testcase classname="ReadingDataFromFile.ReadingDataFromExcelDataProvider" name="datafromExcelTest" time="8.761"/>
  <testcase classname="ReadingDataFromFile.ReadingDataFromExcelDataProvider" name="datafromExcelTest" time="7.509"/>
  <testcase classname="ReadingDataFromFile.ReadingDataFromExcelDataProvider" name="datafromExcelTest" time="7.427"/>
  <testcase classname="ReadingDataFromFile.ReadingDataFromExcelDataProvider" name="datafromExcelTest" time="7.876"/>
</testsuite> <!-- ReadingDataFromFile.ReadingDataFromExcelDataProvider -->
