<?xml version="1.0" encoding="UTF-8"?>
<!-- Generated by org.testng.reporters.JUnitReportReporter -->
<testsuite skipped="0" hostname="LAPTOP-HSPQSV91" name="Files.TestNG.Testexample" tests="1" failures="0" timestamp="22 Oct 2018 10:56:35 GMT" time="0.009" errors="0">
  <testcase name="verifyTest_1" time="0.009" classname="Files.TestNG.Testexample"/>
</testsuite> <!-- Files.TestNG.Testexample -->
