<?xml version="1.0" encoding="UTF-8"?>
<!-- Generated by org.testng.reporters.JUnitReportReporter -->
<testsuite hostname="LAPTOP-HSPQSV91" failures="0" tests="3" name="Com.Test.Utility.ReadDataFromExcelFile" time="46.942" errors="0" timestamp="01 Sep 2018 11:36:44 GMT" skipped="0">
  <testcase classname="Com.Test.Utility.ReadDataFromExcelFile" name="setUp" time="18.536"/>
  <testcase classname="Com.Test.Utility.ReadDataFromExcelFile" name="CheckoutTest" time="5.306"/>
  <testcase classname="Com.Test.Utility.ReadDataFromExcelFile" name="GetDataFromExcel" time="23.100"/>
</testsuite> <!-- Com.Test.Utility.ReadDataFromExcelFile -->
