<?xml version="1.0" encoding="UTF-8"?>
<!-- Generated by org.testng.reporters.JUnitReportReporter -->
<testsuite hostname="LAPTOP-HSPQSV91" failures="0" tests="2" name="Files.TestNG.Dropbox.Login" time="16.984" errors="0" timestamp="21 Aug 2018 18:09:02 GMT" skipped="0">
  <testcase classname="Files.TestNG.Dropbox.Login" name="DropboxLogin" time="11.588"/>
  <testcase classname="Files.TestNG.Dropbox.Login" name="SignupDetails" time="5.396"/>
</testsuite> <!-- Files.TestNG.Dropbox.Login -->
