<?xml version="1.0" encoding="UTF-8"?>
<!-- Generated by org.testng.reporters.JUnitReportReporter -->
<testsuite hostname="LAPTOP-HSPQSV91" failures="0" tests="3" name="Files.TestNG.DataProviderWithExcel" time="21.270" errors="0" timestamp="30 Aug 2018 17:42:01 GMT" skipped="0">
  <testcase classname="Files.TestNG.DataProviderWithExcel" name="dataProviderUsage" time="7.136"/>
  <testcase classname="Files.TestNG.DataProviderWithExcel" name="dataProviderUsage" time="7.273"/>
  <testcase classname="Files.TestNG.DataProviderWithExcel" name="dataProviderUsage" time="6.861"/>
</testsuite> <!-- Files.TestNG.DataProviderWithExcel -->
