<?xml version="1.0" encoding="UTF-8"?>
<!-- Generated by org.testng.reporters.JUnitReportReporter -->
<testsuite hostname="LAPTOP-HSPQSV91" failures="0" tests="1" name="Files.TestNG.Dropbox.SignUpWithGoogle" time="23.844" errors="0" timestamp="22 Aug 2018 15:55:54 GMT" skipped="0">
  <testcase classname="Files.TestNG.Dropbox.SignUpWithGoogle" name="SignupDetails" time="23.844"/>
</testsuite> <!-- Files.TestNG.Dropbox.SignUpWithGoogle -->
