<?xml version="1.0" encoding="UTF-8"?>
<!-- Generated by org.testng.reporters.JUnitReportReporter -->
<testsuite hostname="LAPTOP-HSPQSV91" failures="0" tests="5" name="Files.TestNG.TestSuite.DataProviderExample" time="0.029" errors="0" timestamp="30 Aug 2018 12:13:16 GMT" skipped="0">
  <testcase classname="Files.TestNG.TestSuite.DataProviderExample" name="test" time="0.004"/>
  <testcase classname="Files.TestNG.TestSuite.DataProviderExample" name="testA" time="0.003"/>
  <testcase classname="Files.TestNG.TestSuite.DataProviderExample" name="testA" time="0.002"/>
  <testcase classname="Files.TestNG.TestSuite.DataProviderExample" name="test" time="0.016"/>
  <testcase classname="Files.TestNG.TestSuite.DataProviderExample" name="testA" time="0.004"/>
</testsuite> <!-- Files.TestNG.TestSuite.DataProviderExample -->
