<?xml version="1.0" encoding="UTF-8"?>
<!-- Generated by org.testng.reporters.JUnitReportReporter -->
<testsuite hostname="LAPTOP-HSPQSV91" failures="0" tests="2" name="Files.TestNG.Dropbox.DropboxBusiness" time="37.338" errors="0" timestamp="22 Aug 2018 18:14:48 GMT" skipped="0">
  <testcase classname="Files.TestNG.Dropbox.DropboxBusiness" name="Launch_Browser" time="10.589"/>
  <testcase classname="Files.TestNG.Dropbox.DropboxBusiness" name="DropboxTabs" time="26.749"/>
</testsuite> <!-- Files.TestNG.Dropbox.DropboxBusiness -->
