<?xml version="1.0" encoding="UTF-8"?>
<!-- Generated by org.testng.reporters.JUnitReportReporter -->
<testsuite hostname="LAPTOP-HSPQSV91" failures="0" tests="3" name="com.HelloFresh.CheckOutTest" time="68.551" errors="0" timestamp="27 Aug 2018 09:45:12 GMT" skipped="0">
  <testcase classname="com.HelloFresh.CheckOutTest" name="setUp" time="32.307"/>
  <testcase classname="com.HelloFresh.CheckOutTest" name="CheckoutTest" time="35.635"/>
  <testcase classname="com.HelloFresh.CheckOutTest" name="closeApplication" time="0.609"/>
</testsuite> <!-- com.HelloFresh.CheckOutTest -->
