<?xml version="1.0" encoding="UTF-8"?>
<!-- Generated by org.testng.reporters.JUnitReportReporter -->
<testsuite hostname="LAPTOP-HSPQSV91" failures="0" tests="5" name="ReadingDataFromFile.ReadingDataFromExcel" time="35.535" errors="0" timestamp="31 Aug 2018 17:13:39 GMT" skipped="0">
  <testcase classname="ReadingDataFromFile.ReadingDataFromExcel" name="datafromExcelTest" time="6.868"/>
  <testcase classname="ReadingDataFromFile.ReadingDataFromExcel" name="datafromExcelTest" time="7.943"/>
  <testcase classname="ReadingDataFromFile.ReadingDataFromExcel" name="datafromExcelTest" time="7.040"/>
  <testcase classname="ReadingDataFromFile.ReadingDataFromExcel" name="datafromExcelTest" time="6.867"/>
  <testcase classname="ReadingDataFromFile.ReadingDataFromExcel" name="datafromExcelTest" time="6.817"/>
</testsuite> <!-- ReadingDataFromFile.ReadingDataFromExcel -->
