<?xml version="1.0" encoding="UTF-8"?>
<!-- Generated by org.testng.reporters.JUnitReportReporter -->
<testsuite hostname="LAPTOP-HSPQSV91" failures="0" tests="1" name="com.HelloFresh.SignInTest" time="13.080" errors="0" timestamp="27 Aug 2018 14:00:03 GMT" skipped="0">
  <testcase classname="com.HelloFresh.SignInTest" name="signInTest" time="13.080"/>
</testsuite> <!-- com.HelloFresh.SignInTest -->
