<?xml version="1.0" encoding="UTF-8"?>
<!-- Generated by org.testng.reporters.JUnitReportReporter -->
<testsuite skipped="0" hostname="LAPTOP-HSPQSV91" name="Files.TestNG.TestSuite.TestAnnotationsExample" tests="5" failures="0" timestamp="05 Nov 2018 17:43:20 GMT" time="0.025" errors="0">
  <testcase name="testCase5" time="0.008" classname="Files.TestNG.TestSuite.TestAnnotationsExample"/>
  <testcase name="testCase4" time="0.004" classname="Files.TestNG.TestSuite.TestAnnotationsExample"/>
  <testcase name="testCase3" time="0.008" classname="Files.TestNG.TestSuite.TestAnnotationsExample"/>
  <testcase name="testCase2" time="0.002" classname="Files.TestNG.TestSuite.TestAnnotationsExample"/>
  <testcase name="testCase1" time="0.003" classname="Files.TestNG.TestSuite.TestAnnotationsExample"/>
</testsuite> <!-- Files.TestNG.TestSuite.TestAnnotationsExample -->
