<?xml version="1.0" encoding="UTF-8"?>
<!-- Generated by org.testng.reporters.JUnitReportReporter -->
<testsuite hostname="LAPTOP-HSPQSV91" failures="0" tests="3" name="Files.TestNG.DataProviderWithFacebook" time="17.916" errors="0" timestamp="22 Sep 2018 17:22:02 GMT" skipped="0">
  <testcase classname="Files.TestNG.DataProviderWithFacebook" name="dataProviderUsage" time="6.300"/>
  <testcase classname="Files.TestNG.DataProviderWithFacebook" name="dataProviderUsage" time="5.890"/>
  <testcase classname="Files.TestNG.DataProviderWithFacebook" name="dataProviderUsage" time="5.726"/>
</testsuite> <!-- Files.TestNG.DataProviderWithFacebook -->
