<?xml version="1.0" encoding="UTF-8"?>
<!-- Generated by org.testng.reporters.JUnitReportReporter -->
<testsuite skipped="0" hostname="LAPTOP-HSPQSV91" name="Files.TestNG.CheckGroups" tests="5" failures="0" timestamp="10 Nov 2018 14:59:52 GMT" time="0.016" errors="0">
  <testcase name="testLogin" time="0.005" classname="Files.TestNG.CheckGroups"/>
  <testcase name="testCreateAdmin" time="0.003" classname="Files.TestNG.CheckGroups"/>
  <testcase name="testEditAdmin" time="0.003" classname="Files.TestNG.CheckGroups"/>
  <testcase name="testCreateUser" time="0.001" classname="Files.TestNG.CheckGroups"/>
  <testcase name="testDeleteUser" time="0.004" classname="Files.TestNG.CheckGroups"/>
</testsuite> <!-- Files.TestNG.CheckGroups -->
