<?xml version="1.0" encoding="UTF-8"?>
<!-- Generated by org.testng.reporters.JUnitReportReporter -->
<testsuite hostname="LAPTOP-HSPQSV91" failures="0" tests="1" name="com.HelloFresh.WebTest" time="16.913" errors="0" timestamp="25 Aug 2018 11:34:05 GMT" skipped="0">
  <testcase classname="com.HelloFresh.WebTest" name="signInTest" time="16.913"/>
</testsuite> <!-- com.HelloFresh.WebTest -->
