<?xml version="1.0" encoding="UTF-8"?>
<!-- Generated by org.testng.reporters.JUnitReportReporter -->
<testsuite skipped="0" hostname="LAPTOP-HSPQSV91" name="Files.TestNG.CheckParameters" tests="1" failures="0" timestamp="10 Nov 2018 14:59:52 GMT" time="0.007" errors="0">
  <testcase name="checkSingleparam" time="0.007" classname="Files.TestNG.CheckParameters"/>
</testsuite> <!-- Files.TestNG.CheckParameters -->
