<?xml version="1.0" encoding="UTF-8"?>
<!-- Generated by org.testng.reporters.JUnitReportReporter -->
<testsuite skipped="0" hostname="LAPTOP-HSPQSV91" name="MyWebDriverPrograms.HeadlessBrowserChrome" tests="2" failures="0" timestamp="07 Dec 2018 17:41:09 GMT" time="0.129" errors="0">
  <testcase name="logoCheck" time="0.080" classname="MyWebDriverPrograms.HeadlessBrowserChrome"/>
  <testcase name="HomePageTittleValidation" time="0.049" classname="MyWebDriverPrograms.HeadlessBrowserChrome"/>
</testsuite> <!-- MyWebDriverPrograms.HeadlessBrowserChrome -->
