<?xml version="1.0" encoding="UTF-8"?>
<!-- Generated by org.testng.reporters.JUnitReportReporter -->
<testsuite hostname="LAPTOP-HSPQSV91" failures="0" tests="3" name="com.HelloFresh.LogInTest" time="25.317" errors="0" timestamp="29 Aug 2018 17:04:37 GMT" skipped="0">
  <testcase classname="com.HelloFresh.LogInTest" name="setUp" time="16.410"/>
  <testcase classname="com.HelloFresh.LogInTest" name="logInTest" time="6.373"/>
  <testcase classname="com.HelloFresh.LogInTest" name="LogOut" time="2.534"/>
</testsuite> <!-- com.HelloFresh.LogInTest -->
