<?xml version="1.0" encoding="UTF-8"?>
<!-- Generated by org.testng.reporters.JUnitReportReporter -->
<testsuite hostname="LAPTOP-HSPQSV91" failures="0" tests="3" name="Files.TestNG.Dropbox.LoginandLogout" time="24.218" errors="0" timestamp="23 Aug 2018 17:25:54 GMT" skipped="0">
  <testcase classname="Files.TestNG.Dropbox.LoginandLogout" name="DropboxLogin" time="12.522"/>
  <testcase classname="Files.TestNG.Dropbox.LoginandLogout" name="SignupDetails" time="0.687"/>
  <testcase classname="Files.TestNG.Dropbox.LoginandLogout" name="LogOut" time="11.009"/>
</testsuite> <!-- Files.TestNG.Dropbox.LoginandLogout -->
