<?xml version="1.0" encoding="UTF-8"?>
<!-- Generated by org.testng.reporters.JUnitReportReporter -->
<testsuite hostname="LAPTOP-HSPQSV91" failures="0" tests="2" name="Files.TestNG.Dropbox.CreateFolder" time="53.181" errors="0" timestamp="14 Sep 2018 15:09:54 GMT" skipped="0">
  <testcase classname="Files.TestNG.Dropbox.CreateFolder" name="DropboxLogin" time="24.834"/>
  <testcase classname="Files.TestNG.Dropbox.CreateFolder" name="CreateAFolder" time="28.347"/>
</testsuite> <!-- Files.TestNG.Dropbox.CreateFolder -->
