<?xml version="1.0" encoding="UTF-8"?>
<!-- Generated by org.testng.reporters.JUnitReportReporter -->
<testsuite skipped="0" hostname="Desta" name="runner.RunnerOpenApp" tests="1" failures="0" timestamp="2022-07-27T23:01:53 ICT" time="7.137" errors="0">
  <testcase name="runScenario" time="7.137" classname="runner.RunnerOpenApp"/>
  <system-out/>
</testsuite> <!-- runner.RunnerOpenApp -->
