<?xml version="1.0" encoding="UTF-8"?>
<!-- Generated by org.testng.reporters.JUnitReportReporter -->
<testsuite skipped="0" hostname="Desta" name="runner.RunnerBookmark" tests="1" failures="0" timestamp="2022-07-27T23:01:53 ICT" time="4.712" errors="0">
  <testcase name="runScenario" time="4.712" classname="runner.RunnerBookmark"/>
  <system-out/>
</testsuite> <!-- runner.RunnerBookmark -->
