<?xml version="1.0" encoding="UTF-8"?>
<!-- Generated by org.testng.reporters.JUnitReportReporter -->
<testsuite hostname="DESKTOP-AU74U2U" failures="0" tests="1" name="selenium_framework_project.Error_verify_test" time="26.410" errors="0" timestamp="09 Nov 2022 08:32:50 GMT" skipped="0">
  <testcase classname="selenium_framework_project.Error_verify_test" name="Login_error" time="26.410"/>
</testsuite> <!-- selenium_framework_project.Error_verify_test -->
