<?xml version="1.0" encoding="UTF-8"?>
<!-- Generated by org.testng.reporters.JUnitReportReporter -->
<testsuite hostname="DESKTOP-AU74U2U" failures="0" tests="2" name="cucumber_part.TestngTestRunner" time="11.461" errors="0" timestamp="16 Nov 2022 10:10:06 GMT" skipped="0">
  <testcase classname="cucumber_part.TestngTestRunner" name="runScenario" time="3.998"/>
  <testcase classname="cucumber_part.TestngTestRunner" name="runScenario" time="7.463"/>
</testsuite> <!-- cucumber_part.TestngTestRunner -->
