<?xml version="1.0" encoding="UTF-8"?>
<!-- Generated by org.testng.reporters.JUnitReportReporter -->
<testsuite hostname="DESKTOP-AU74U2U" failures="0" tests="3" name="selenium_framework_project.Analysed_tests_pages" time="31.817" errors="0" timestamp="01 Nov 2022 07:13:21 GMT" skipped="0">
  <testcase classname="selenium_framework_project.Analysed_tests_pages" name="OrderHistoryTest" time="5.354"/>
  <testcase classname="selenium_framework_project.Analysed_tests_pages" name="AnalyzedTest" time="9.261"/>
  <testcase classname="selenium_framework_project.Analysed_tests_pages" name="AnalyzedTest" time="17.202"/>
</testsuite> <!-- selenium_framework_project.Analysed_tests_pages -->
