<?xml version="1.0" encoding="UTF-8"?>
<!-- Generated by org.testng.reporters.JUnitReportReporter -->
<testsuite hostname="RajKawale7" failures="0" tests="1" name="com.selenium.testing.AutoIT" time="10.102" errors="0" timestamp="2022-09-12T16:36:46 IST" skipped="0">
  <testcase classname="com.selenium.testing.AutoIT" name="uploadFileAlert" time="10.102"/>
  <system-out/>
</testsuite> <!-- com.selenium.testing.AutoIT -->
