<?xml version="1.0" encoding="UTF-8"?>
<!-- Generated by org.testng.reporters.JUnitReportReporter -->
<testsuite hostname="RajKawale7" failures="0" tests="1" name="com.selenium.testing.RelativesXpath" time="37.682" errors="0" timestamp="2022-09-30T10:25:34 IST" skipped="0">
  <testcase classname="com.selenium.testing.RelativesXpath" name="xpath" time="37.682"/>
  <system-out/>
</testsuite> <!-- com.selenium.testing.RelativesXpath -->
