<?xml version="1.0" encoding="UTF-8"?>
<!-- Generated by org.testng.reporters.JUnitReportReporter -->
<testsuite hostname="RajKawale7" failures="0" tests="1" name="com.selenium.testing.LinkedIn" time="18.480" errors="0" timestamp="2022-09-13T15:15:29 IST" skipped="0">
  <testcase classname="com.selenium.testing.LinkedIn" name="login" time="18.480"/>
  <system-out/>
</testsuite> <!-- com.selenium.testing.LinkedIn -->
