<?xml version="1.0" encoding="UTF-8"?>
<!-- Generated by org.testng.reporters.JUnitReportReporter -->
<testsuite hostname="RajKawale7" failures="0" tests="1" name="com.selenium.testing.FindElements" time="9.227" errors="0" timestamp="2022-09-13T17:11:05 IST" skipped="0">
  <testcase classname="com.selenium.testing.FindElements" name="findLinks" time="9.227"/>
  <system-out/>
</testsuite> <!-- com.selenium.testing.FindElements -->
