<?xml version="1.0" encoding="UTF-8"?>
<!-- Generated by org.testng.reporters.JUnitReportReporter -->
<testsuite hostname="RajKawale7" failures="0" tests="1" name="com.selenium.testing.DropdownHandling" time="6.840" errors="0" timestamp="2022-09-13T22:42:57 IST" skipped="0">
  <testcase classname="com.selenium.testing.DropdownHandling" name="selectOption" time="6.840"/>
  <system-out/>
</testsuite> <!-- com.selenium.testing.DropdownHandling -->
