<?xml version="1.0" encoding="UTF-8"?>
<!-- Generated by org.testng.reporters.JUnitReportReporter -->
<testsuite hostname="RajKawale7" failures="0" tests="1" name="com.selenium.testing.RobotClasses" time="20.008" errors="0" timestamp="2022-09-10T00:41:42 IST" skipped="0">
  <testcase classname="com.selenium.testing.RobotClasses" name="UseOfKeyboard" time="20.008"/>
  <system-out/>
</testsuite> <!-- com.selenium.testing.RobotClasses -->
