<?xml version="1.0" encoding="UTF-8"?>
<!-- Generated by org.testng.reporters.JUnitReportReporter -->
<testsuite hostname="RajKawale7" failures="0" tests="1" name="com.selenium.testing.ActionClass" time="31.905" errors="0" timestamp="2022-09-05T22:14:40 IST" skipped="0">
  <testcase classname="com.selenium.testing.ActionClass" name="DragnDrop" time="31.905"/>
  <system-out/>
</testsuite> <!-- com.selenium.testing.ActionClass -->
