<?xml version="1.0" encoding="UTF-8"?>
<!-- Generated by org.testng.reporters.JUnitReportReporter -->
<testsuite hostname="RajKawale7" failures="0" tests="1" name="com.selenium.testing.ActionClass_RightClick" time="14.631" errors="0" timestamp="2022-09-26T21:51:18 IST" skipped="0">
  <testcase classname="com.selenium.testing.ActionClass_RightClick" name="rightClick" time="14.631"/>
  <system-out/>
</testsuite> <!-- com.selenium.testing.ActionClass_RightClick -->
