<?xml version="1.0" encoding="UTF-8"?>
<!-- Generated by org.testng.reporters.JUnitReportReporter -->
<testsuite hostname="RajKawale7" failures="0" tests="1" name="com.selenium.testing.PopUpHandling" time="19.780" errors="0" timestamp="2022-09-09T23:41:40 IST" skipped="0">
  <testcase classname="com.selenium.testing.PopUpHandling" name="popUpWindow" time="19.780"/>
  <system-out/>
</testsuite> <!-- com.selenium.testing.PopUpHandling -->
