<?xml version="1.0" encoding="UTF-8"?>
<!-- Generated by org.testng.reporters.JUnitReportReporter -->
<testsuite skipped="0" hostname="Administrators-MacBook-Pro-9.local" name="com.qa.xyz.tests.ContactsPageTest" tests="4" failures="0" timestamp="18 Oct 2018 02:36:28 GMT" time="76.635" errors="0">
  <testcase name="createContactTest" time="17.437" classname="com.qa.xyz.tests.ContactsPageTest"/>
  <testcase name="createContactTest" time="21.058" classname="com.qa.xyz.tests.ContactsPageTest"/>
  <testcase name="createContactTest" time="17.390" classname="com.qa.xyz.tests.ContactsPageTest"/>
  <testcase name="createContactTest" time="20.750" classname="com.qa.xyz.tests.ContactsPageTest"/>
</testsuite> <!-- com.qa.xyz.tests.ContactsPageTest -->
