<?xml version="1.0" encoding="UTF-8"?>
<!-- Generated by org.testng.reporters.JUnitReportReporter -->
<testsuite hostname="DESKTOP-URFV0HQ" failures="0" tests="1" name="com.herokuapp.restfulbooker.PartialUpdateBookingTests" time="1.713" errors="0" timestamp="29 Feb 2020 01:00:50 GMT">
  <testcase classname="com.herokuapp.restfulbooker.PartialUpdateBookingTests" name="partialUpdateBookingTest" time="1.713"/>
</testsuite> <!-- com.herokuapp.restfulbooker.PartialUpdateBookingTests -->
