<?xml version="1.0" encoding="UTF-8"?>
<!-- Generated by org.testng.reporters.JUnitReportReporter -->
<testsuite hostname="DESKTOP-URFV0HQ" failures="0" tests="1" name="com.herokuapp.restfulbooker.DeleteBookingTests" time="2.887" errors="0" timestamp="29 Feb 2020 01:14:43 GMT">
  <testcase classname="com.herokuapp.restfulbooker.DeleteBookingTests" name="deleteBookingTest" time="2.887"/>
</testsuite> <!-- com.herokuapp.restfulbooker.DeleteBookingTests -->
