<?xml version="1.0" encoding="UTF-8"?>
<!-- Generated by org.testng.reporters.JUnitReportReporter -->
<testsuite hostname="HASSEN-HP" failures="0" tests="1" name="com.extentreports.tests.AttachScreenshots" time="15.236" errors="0" timestamp="2022-09-07T18:06:36 EDT" skipped="0">
  <testcase classname="com.extentreports.tests.AttachScreenshots" name="attachScreenShotTest" time="15.236"/>
  <system-out/>
</testsuite> <!-- com.extentreports.tests.AttachScreenshots -->
