<?xml version="1.0" encoding="UTF-8"?>
<!-- Generated by org.testng.reporters.JUnitReportReporter -->
<testsuite skipped="0" hostname="Naveen-Mac.local" name="com.qa.hubspot.tests.HubSpotLoginTest" tests="1" failures="0" timestamp="23 Feb 2019 13:14:08 GMT" time="5.873" errors="0">
  <testcase name="loginTest" time="5.873" classname="com.qa.hubspot.tests.HubSpotLoginTest"/>
</testsuite> <!-- com.qa.hubspot.tests.HubSpotLoginTest -->
