<?xml version="1.0" encoding="UTF-8"?>
<!-- Generated by org.testng.reporters.JUnitReportReporter -->
<testsuite skipped="0" hostname="Naveen-Mac.local" name="com.qa.hubspot.tests.LoginTest" tests="2" failures="0" timestamp="23 Feb 2019 14:56:07 GMT" time="23.051" errors="0">
  <testcase name="loginTest" time="7.951" classname="com.qa.hubspot.tests.LoginTest"/>
  <testcase name="loginTest" time="15.100" classname="com.qa.hubspot.tests.LoginTest"/>
</testsuite> <!-- com.qa.hubspot.tests.LoginTest -->
