<?xml version="1.0" encoding="UTF-8"?>
<!-- Generated by org.testng.reporters.JUnitReportReporter -->
<testsuite hostname="DESKTOP-G43AE6T" failures="0" tests="1" name="tests.AccountDetailsInformation" time="34.857" errors="0" timestamp="2022-10-11T22:48:26 BDT" skipped="0">
  <testcase classname="tests.AccountDetailsInformation" name="accountDetails" time="34.857"/>
  <system-out/>
</testsuite> <!-- tests.AccountDetailsInformation -->
