<?xml version="1.0" encoding="UTF-8"?>
<!-- Generated by org.testng.reporters.JUnitReportReporter -->
<testsuite hostname="DESKTOP-G43AE6T" failures="0" tests="1" name="tests.AccountCreate" time="16.651" errors="0" timestamp="2022-10-11T22:48:26 BDT" skipped="0">
  <testcase classname="tests.AccountCreate" name="createAnAccount" time="16.651"/>
  <system-out/>
</testsuite> <!-- tests.AccountCreate -->
