<?xml version="1.0" encoding="UTF-8"?>
<!-- Generated by org.testng.reporters.JUnitReportReporter -->
<testsuite hostname="DESKTOP-G43AE6T" failures="0" tests="1" name="tests.LoginAccount" time="64.102" errors="0" timestamp="2022-11-01T20:31:13 BDT" skipped="0">
  <testcase classname="tests.LoginAccount" name="loginAnAccount" time="64.102"/>
  <system-out/>
</testsuite> <!-- tests.LoginAccount -->
