<?xml version="1.0" encoding="UTF-8"?>
<!-- Generated by org.testng.reporters.JUnitReportReporter -->
<testsuite skipped="0" hostname="Naveen-Mac.local" name="com.qa.hubspot.tests.LoginTest" tests="3" failures="0" timestamp="10 May 2019 03:16:53 GMT" time="29.072" errors="0">
  <testcase name="verifyLoginPageTitleTest" time="7.703" classname="com.qa.hubspot.tests.LoginTest"/>
  <testcase name="verifySignUpLinkTest" time="8.341" classname="com.qa.hubspot.tests.LoginTest"/>
  <testcase name="loginTest" time="13.028" classname="com.qa.hubspot.tests.LoginTest"/>
</testsuite> <!-- com.qa.hubspot.tests.LoginTest -->
