<?xml version="1.0" encoding="UTF-8"?>
<!-- Generated by org.testng.reporters.JUnitReportReporter -->
<testsuite skipped="0" hostname="Desta" name="test.TestClass" tests="3" failures="0" timestamp="02 Sep 2022 09:01:13 GMT" time="14.011" errors="0">
  <testcase name="onBoardingPage" time="1.713" classname="test.TestClass"/>
  <testcase name="homePage" time="5.655" classname="test.TestClass"/>
  <testcase name="SearchBar" time="6.643" classname="test.TestClass"/>
</testsuite> <!-- test.TestClass -->
