<?xml version="1.0" encoding="UTF-8"?>
<!-- Generated by org.testng.reporters.JUnitReportReporter -->
<testsuite skipped="0" hostname="Naveen-Mac.local" name="com.qa.hubspot.tests.LoginPageTest" tests="6" failures="0" timestamp="24 Jul 2020 05:30:02 GMT" time="13.065" errors="0">
  <testcase name="verifySignUpLinkTest" time="4.583" classname="com.qa.hubspot.tests.LoginPageTest"/>
  <testcase name="verifySignUpLinkTest" time="5.587" classname="com.qa.hubspot.tests.LoginPageTest"/>
  <testcase name="verifyLoginPageTitleTest" time="0.018" classname="com.qa.hubspot.tests.LoginPageTest"/>
  <testcase name="verifyLoginPageTitleTest" time="0.026" classname="com.qa.hubspot.tests.LoginPageTest"/>
  <testcase name="loginTest" time="2.037" classname="com.qa.hubspot.tests.LoginPageTest"/>
  <testcase name="loginTest" time="0.814" classname="com.qa.hubspot.tests.LoginPageTest"/>
</testsuite> <!-- com.qa.hubspot.tests.LoginPageTest -->
