<?xml version="1.0" encoding="UTF-8"?>
<!-- Generated by org.testng.reporters.JUnitReportReporter -->
<testsuite skipped="0" hostname="Naveen-Mac.local" name="com.qa.hubspot.tests.LoginPageTestNPF" tests="1" failures="0" timestamp="15 Jul 2019 03:48:30 GMT" time="8.591" errors="0">
  <testcase name="verifySignUpLinkTest" time="8.591" classname="com.qa.hubspot.tests.LoginPageTestNPF"/>
</testsuite> <!-- com.qa.hubspot.tests.LoginPageTestNPF -->
