<?xml version="1.0" encoding="UTF-8"?>
<!-- Generated by org.testng.reporters.JUnitReportReporter -->
<testsuite skipped="0" hostname="Administrators-MacBook-Pro-9.local" name="com.hubspot.qa.tests.DT" tests="6" failures="0" timestamp="05 Nov 2018 19:48:57 GMT" time="0.013" errors="0">
  <testcase name="createUser" time="0.008" classname="com.hubspot.qa.tests.DT"/>
  <testcase name="createUser" time="0.002" classname="com.hubspot.qa.tests.DT"/>
  <testcase name="createUser" time="0.001" classname="com.hubspot.qa.tests.DT"/>
  <testcase name="createUser" time="0.000" classname="com.hubspot.qa.tests.DT"/>
  <testcase name="createUser" time="0.001" classname="com.hubspot.qa.tests.DT"/>
  <testcase name="createUser" time="0.001" classname="com.hubspot.qa.tests.DT"/>
</testsuite> <!-- com.hubspot.qa.tests.DT -->
