<?xml version="1.0" encoding="UTF-8"?>
<!-- Generated by org.testng.reporters.JUnitReportReporter -->
<testsuite skipped="0" hostname="Administrators-MacBook-Pro-9.local" name="com.hubspot.qa.tests.LoginTest" tests="2" failures="0" timestamp="06 Nov 2018 02:30:04 GMT" time="16.304" errors="0">
  <testcase name="verifyLoginPageTitleTest" time="7.648" classname="com.hubspot.qa.tests.LoginTest"/>
  <testcase name="loginTest" time="8.656" classname="com.hubspot.qa.tests.LoginTest"/>
</testsuite> <!-- com.hubspot.qa.tests.LoginTest -->
