<?xml version="1.0" encoding="UTF-8"?>
<!-- Generated by org.testng.reporters.JUnitReportReporter -->
<testsuite skipped="6" hostname="Administrators-MacBook-Pro-9.local" name="com.hubspot.qa.tests.ContactsPageTest" tests="7" failures="0" timestamp="06 Nov 2018 02:05:01 GMT" time="8.500" errors="1">
  <testcase name="createContactTest" time="0.000" classname="com.hubspot.qa.tests.ContactsPageTest">
    <skipped/>
  </testcase> <!-- createContactTest -->
  <testcase name="createContactTest" time="0.000" classname="com.hubspot.qa.tests.ContactsPageTest">
    <skipped/>
  </testcase> <!-- createContactTest -->
  <testcase name="createContactTest" time="0.000" classname="com.hubspot.qa.tests.ContactsPageTest">
    <skipped/>
  </testcase> <!-- createContactTest -->
  <testcase name="createContactTest" time="0.000" classname="com.hubspot.qa.tests.ContactsPageTest">
    <skipped/>
  </testcase> <!-- createContactTest -->
  <testcase name="createContactTest" time="0.000" classname="com.hubspot.qa.tests.ContactsPageTest">
    <skipped/>
  </testcase> <!-- createContactTest -->
  <testcase name="setUp" time="8.500" classname="com.hubspot.qa.tests.ContactsPageTest">
    <error type="java.lang.NullPointerException">
      <![CDATA[java.lang.NullPointerException
at com.hubspot.qa.util.TestUtil.takeScreenshot(TestUtil.java:64)
at com.hubspot.qa.eventlistener.WebEventListener.onException(WebEventListener.java:65)
at sun.reflect.NativeMethodAccessorImpl.invoke0(Native Method)
at sun.reflect.NativeMethodAccessorImpl.invoke(NativeMethodAccessorImpl.java:62)
at sun.reflect.DelegatingMethodAccessorImpl.invoke(DelegatingMethodAccessorImpl.java:43)
at java.lang.reflect.Method.invoke(Method.java:498)
at org.openqa.selenium.support.events.EventFiringWebDriver.lambda$new$0(EventFiringWebDriver.java:84)
at com.sun.proxy.$Proxy7.onException(Unknown Source)
at org.openqa.selenium.support.events.EventFiringWebDriver.lambda$new$1(EventFiringWebDriver.java:107)
at com.sun.proxy.$Proxy8.findElement(Unknown Source)
at org.openqa.selenium.support.events.EventFiringWebDriver.findElement(EventFiringWebDriver.java:194)
at org.openqa.selenium.support.pagefactory.DefaultElementLocator.findElement(DefaultElementLocator.java:69)
at org.openqa.selenium.support.pagefactory.internal.LocatingElementHandler.invoke(LocatingElementHandler.java:38)
at com.sun.proxy.$Proxy12.isDisplayed(Unknown Source)
at org.openqa.selenium.support.ui.ExpectedConditions.elementIfVisible(ExpectedConditions.java:315)
at org.openqa.selenium.support.ui.ExpectedConditions.access$100(ExpectedConditions.java:44)
at org.openqa.selenium.support.ui.ExpectedConditions$10.apply(ExpectedConditions.java:301)
at org.openqa.selenium.support.ui.ExpectedConditions$10.apply(ExpectedConditions.java:298)
at org.openqa.selenium.support.ui.FluentWait.until(FluentWait.java:248)
at com.hubspot.qa.pages.HomePage.clickContacts(HomePage.java:62)
at com.hubspot.qa.pages.HomePage.goToContactsPage(HomePage.java:70)
at com.hubspot.qa.tests.ContactsPageTest.setUp(ContactsPageTest.java:36)
at sun.reflect.NativeMethodAccessorImpl.invoke0(Native Method)
at sun.reflect.NativeMethodAccessorImpl.invoke(NativeMethodAccessorImpl.java:62)
at sun.reflect.DelegatingMethodAccessorImpl.invoke(DelegatingMethodAccessorImpl.java:43)
at java.lang.reflect.Method.invoke(Method.java:498)
at org.testng.internal.MethodInvocationHelper.invokeMethod(MethodInvocationHelper.java:124)
at org.testng.internal.MethodInvocationHelper.invokeMethodConsideringTimeout(MethodInvocationHelper.java:59)
at org.testng.internal.Invoker.invokeConfigurationMethod(Invoker.java:455)
at org.testng.internal.Invoker.invokeConfigurations(Invoker.java:222)
at org.testng.internal.Invoker.invokeMethod(Invoker.java:520)
at org.testng.internal.Invoker.invokeTestMethod(Invoker.java:716)
at org.testng.internal.Invoker.invokeTestMethods(Invoker.java:988)
at org.testng.internal.TestMethodWorker.invokeTestMethods(TestMethodWorker.java:125)
at org.testng.internal.TestMethodWorker.run(TestMethodWorker.java:109)
at java.util.concurrent.ThreadPoolExecutor.runWorker(ThreadPoolExecutor.java:1149)
at java.util.concurrent.ThreadPoolExecutor$Worker.run(ThreadPoolExecutor.java:624)
at java.lang.Thread.run(Thread.java:748)
]]>
    </error>
  </testcase> <!-- setUp -->
  <testcase name="createContactTest" time="0.000" classname="com.hubspot.qa.tests.ContactsPageTest">
    <skipped/>
  </testcase> <!-- createContactTest -->
</testsuite> <!-- com.hubspot.qa.tests.ContactsPageTest -->
