<?xml version="1.0" encoding="UTF-8"?>
<!-- Generated by org.testng.reporters.JUnitReportReporter -->
<testsuite skipped="0" hostname="Administrators-MacBook-Pro-9.local" name="com.hubspot.qa.tests.HomePageTest" tests="3" failures="0" timestamp="06 Nov 2018 02:30:04 GMT" time="46.625" errors="0">
  <testcase name="homePageHeaderTest" time="20.833" classname="com.hubspot.qa.tests.HomePageTest"/>
  <testcase name="homePageTitleTest" time="10.379" classname="com.hubspot.qa.tests.HomePageTest"/>
  <testcase name="accountNameTest" time="15.413" classname="com.hubspot.qa.tests.HomePageTest"/>
</testsuite> <!-- com.hubspot.qa.tests.HomePageTest -->
