<?xml version="1.0" encoding="UTF-8"?>
<!-- Generated by org.testng.reporters.JUnitReportReporter -->
<testsuite hostname="DESKTOP-IEHN5CK" failures="0" tests="1" name="com.LW.test.checklist8" time="45.212" errors="0" timestamp="2022-04-05T15:23:18 IST" skipped="0">
  <testcase classname="com.LW.test.checklist8" name="Cheklist8_InternalUser_TillPreviewPage" time="45.212"/>
  <system-out>
    <![CDATA[Login as internal user,check the document till preview page woking fine
Document is in cart, click on edit from the cart , Its working fine]]>
  </system-out>
</testsuite> <!-- com.LW.test.checklist8 -->
