<?xml version="1.0" encoding="UTF-8"?>
<!-- Generated by org.testng.reporters.JUnitReportReporter -->
<testsuite hostname="ActiveMac03s-iMac.local" failures="0" tests="1" name="com.LW.test.CheckMyAccountUI" time="74.340" errors="0" timestamp="2022-02-19T13:02:20 IST" skipped="0">
  <testcase classname="com.LW.test.CheckMyAccountUI" name="TestMyAccount" time="74.340"/>
  <system-out>
    <![CDATA[Profile Pass
MyAccount Pass
Completed Documents pass
Saved For Later pass
Document cart pass
UI My Account detail]]>
  </system-out>
</testsuite> <!-- com.LW.test.CheckMyAccountUI -->
