<?xml version="1.0" encoding="UTF-8"?>
<!-- Generated by org.testng.reporters.JUnitReportReporter -->
<testsuite hostname="DESKTOP-IEHN5CK" failures="0" tests="1" name="com.LW.test.CheckList1" time="24.867" errors="0" timestamp="2022-05-30T15:50:48 IST" skipped="0">
  <testcase classname="com.LW.test.CheckList1" name="Checklist1_InternalLogin" time="24.867"/>
  <system-out>
    <![CDATA[Internal login working fine]]>
  </system-out>
</testsuite> <!-- com.LW.test.CheckList1 -->
