<?xml version="1.0" encoding="UTF-8"?>
<!-- Generated by org.testng.reporters.JUnitReportReporter -->
<testsuite hostname="DESKTOP-IEHN5CK" failures="0" tests="1" name="com.LW.test.Checklist3And4" time="44.903" errors="0" timestamp="2022-04-05T15:29:44 IST" skipped="0">
  <testcase classname="com.LW.test.Checklist3And4" name="Checklist3and4_backend_EQuestionnaireForNewAndOldDocument" time="44.903"/>
  <system-out>
    <![CDATA[backend EQuestionnaire For New And OldDocument working fine]]>
  </system-out>
</testsuite> <!-- com.LW.test.Checklist3And4 -->
