<?xml version="1.0" encoding="UTF-8"?>
<!-- Generated by org.testng.reporters.JUnitReportReporter -->
<testsuite hostname="Dee-PC" failures="0" tests="1" name="com.herokuapp.theinternet.uploadtests.UploadTests" time="10.739" errors="0" timestamp="29 Sep 2018 14:54:07 GMT" skipped="0">
  <testcase classname="com.herokuapp.theinternet.uploadtests.UploadTests" name="imageUploadTest" time="10.739"/>
</testsuite> <!-- com.herokuapp.theinternet.uploadtests.UploadTests -->
