<?xml version="1.0" encoding="UTF-8"?>
<!-- Generated by org.testng.reporters.JUnitReportReporter -->
<testsuite hostname="DESKTOP-BA3ENRQ" failures="0" tests="1" name="testCase.TC001_LocatorLearning" time="18.543" errors="0" timestamp="2022-05-08T02:39:56 BDT" skipped="0">
  <testcase classname="testCase.TC001_LocatorLearning" name="locatorLearning" time="18.543"/>
  <system-out/>
</testsuite> <!-- testCase.TC001_LocatorLearning -->
