<?xml version="1.0" encoding="UTF-8"?>
<!-- Generated by org.testng.reporters.JUnitReportReporter -->
<testsuite hostname="DESKTOP-GM23KH9" name="com.parallelExecution.tests.SearchHotelTC" tests="1" failures="0" timestamp="15 Sep 2019 04:36:23 GMT" time="37.469" errors="0">
  <testcase name="searchHotel" time="37.469" classname="com.parallelExecution.tests.SearchHotelTC"/>
</testsuite> <!-- com.parallelExecution.tests.SearchHotelTC -->
