<?xml version="1.0" encoding="UTF-8"?>
<!-- Generated by org.testng.reporters.JUnitReportReporter -->
<testsuite hostname="Dee-PC" failures="0" tests="1" name="com.herokuapp.theinternet.windowstests.WindowsTests" time="12.969" errors="0" timestamp="29 Sep 2018 14:08:38 GMT" skipped="0">
  <testcase classname="com.herokuapp.theinternet.windowstests.WindowsTests" name="newWindowTest" time="12.969"/>
</testsuite> <!-- com.herokuapp.theinternet.windowstests.WindowsTests -->
