<?xml version="1.0" encoding="UTF-8"?>
<!-- Generated by org.testng.reporters.JUnitReportReporter -->
<testsuite skipped="0" hostname="Desta" name="com.kitalulus.bookmarkLove" tests="1" failures="0" timestamp="2022-08-13T10:32:34 ICT" time="0.152" errors="0">
  <testcase name="bookmarkTest" time="0.152" classname="com.kitalulus.bookmarkLove"/>
  <system-out/>
</testsuite> <!-- com.kitalulus.bookmarkLove -->
