<?xml version="1.0" encoding="UTF-8"?>
<!-- Generated by org.testng.reporters.JUnitReportReporter -->
<testsuite skipped="0" hostname="Desta" name="runner.RunnerData" tests="10" failures="1" timestamp="2022-08-09T17:46:37 ICT" time="166.420" errors="0">
  <testcase name="runScenario" time="15.595" classname="runner.RunnerData"/>
  <system-out/>
  <testcase name="runScenario" time="14.606" classname="runner.RunnerData"/>
  <system-out/>
  <testcase name="runScenario" time="13.094" classname="runner.RunnerData"/>
  <system-out/>
  <testcase name="runScenario" time="13.211" classname="runner.RunnerData">
    <failure type="java.lang.AssertionError" message="expected [] but found [Berhasil]">
      <![CDATA[java.lang.AssertionError: expected [] but found [Berhasil]
at org.testng.Assert.fail(Assert.java:97)
at org.testng.Assert.assertEqualsImpl(Assert.java:136)
at org.testng.Assert.assertEquals(Assert.java:118)
at org.testng.Assert.assertEquals(Assert.java:575)
at org.testng.Assert.assertEquals(Assert.java:585)
at definitionData.EditData.user_see_data_changed_successfully(EditData.java:199)
at âœ½.User see data changed successfully(file:///C:/Users/ASUS/Desktop/Quality%20Assurance/SQA%20Project/SQA-KerjaPraktek/src/test/resources/DataFeatureFiles/editData.feature:12)
]]>
    </failure>
  </testcase> <!-- runScenario -->
  <system-out/>
  <testcase name="runScenario" time="19.385" classname="runner.RunnerData"/>
  <system-out/>
  <testcase name="runScenario" time="18.983" classname="runner.RunnerData"/>
  <system-out/>
  <testcase name="runScenario" time="12.017" classname="runner.RunnerData"/>
  <system-out/>
  <testcase name="runScenario" time="19.080" classname="runner.RunnerData"/>
  <system-out/>
  <testcase name="runScenario" time="22.196" classname="runner.RunnerData"/>
  <system-out/>
  <testcase name="runScenario" time="18.253" classname="runner.RunnerData"/>
  <system-out/>
</testsuite> <!-- runner.RunnerData -->
