<?xml version="1.0" encoding="UTF-8"?>
<!-- Generated by org.testng.reporters.JUnitReportReporter -->
<testsuite skipped="4" hostname="Desta" name="runner.RunnerDistributeData" tests="4" failures="0" timestamp="2022-08-04T18:45:19 ICT" time="0.205" errors="0">
  <testcase name="runScenario" time="0.021" classname="runner.RunnerDistributeData">
    <skipped/>
  </testcase> <!-- runScenario -->
  <system-out/>
  <testcase name="runScenario" time="0.013" classname="runner.RunnerDistributeData">
    <skipped/>
  </testcase> <!-- runScenario -->
  <system-out/>
  <testcase name="runScenario" time="0.019" classname="runner.RunnerDistributeData">
    <skipped/>
  </testcase> <!-- runScenario -->
  <system-out/>
  <testcase name="runScenario" time="0.152" classname="runner.RunnerDistributeData">
    <skipped/>
  </testcase> <!-- runScenario -->
  <system-out/>
</testsuite> <!-- runner.RunnerDistributeData -->
