<?xml version="1.0" encoding="UTF-8"?>
<!-- Generated by org.testng.reporters.JUnitReportReporter -->
<testsuite skipped="6" hostname="Desta" name="runner.RunnerUploadData" tests="6" failures="0" timestamp="2022-08-04T18:46:27 ICT" time="0.297" errors="0">
  <testcase name="runScenario" time="0.025" classname="runner.RunnerUploadData">
    <skipped/>
  </testcase> <!-- runScenario -->
  <system-out/>
  <testcase name="runScenario" time="0.206" classname="runner.RunnerUploadData">
    <skipped/>
  </testcase> <!-- runScenario -->
  <system-out/>
  <testcase name="runScenario" time="0.015" classname="runner.RunnerUploadData">
    <skipped/>
  </testcase> <!-- runScenario -->
  <system-out/>
  <testcase name="runScenario" time="0.018" classname="runner.RunnerUploadData">
    <skipped/>
  </testcase> <!-- runScenario -->
  <system-out/>
  <testcase name="runScenario" time="0.014" classname="runner.RunnerUploadData">
    <skipped/>
  </testcase> <!-- runScenario -->
  <system-out/>
  <testcase name="runScenario" time="0.019" classname="runner.RunnerUploadData">
    <skipped/>
  </testcase> <!-- runScenario -->
  <system-out/>
</testsuite> <!-- runner.RunnerUploadData -->
