<?xml version="1.0" encoding="UTF-8"?>
<!-- Generated by org.testng.reporters.JUnitReportReporter -->
<testsuite skipped="2" hostname="Desta" name="runnerData.runnerUploadData" tests="2" failures="0" timestamp="2022-08-02T18:48:56 ICT" time="0.221" errors="0">
  <testcase name="runScenario" time="0.034" classname="runnerData.runnerUploadData">
    <skipped/>
  </testcase> <!-- runScenario -->
  <system-out/>
  <testcase name="runScenario" time="0.187" classname="runnerData.runnerUploadData">
    <skipped/>
  </testcase> <!-- runScenario -->
  <system-out/>
</testsuite> <!-- runnerData.runnerUploadData -->
