<?xml version="1.0" encoding="UTF-8"?>
<!-- Generated by org.testng.reporters.JUnitReportReporter -->
<testsuite skipped="0" hostname="Administrators-MacBook-Pro-9.local" name="com.qa.freecrm.tests.HomePageTest" tests="3" failures="0" timestamp="07 Sep 2018 03:00:25 GMT" time="44.341" errors="0">
  <testcase name="verifyHomePageTitleTest" time="10.686" classname="com.qa.freecrm.tests.HomePageTest"/>
  <testcase name="verifyContactInformationPageTest" time="17.273" classname="com.qa.freecrm.tests.HomePageTest"/>
  <testcase name="createNewContactTest" time="16.382" classname="com.qa.freecrm.tests.HomePageTest"/>
</testsuite> <!-- com.qa.freecrm.tests.HomePageTest -->
