<?xml version="1.0" encoding="UTF-8"?>
<!-- Generated by org.testng.reporters.JUnitReportReporter -->
<testsuite skipped="0" hostname="Administrators-MacBook-Pro-9.local" name="MyRunner.TestRunner" tests="1" failures="0" timestamp="11 Apr 2018 19:20:15 GMT" time="27.465" errors="0">
  <testcase name="feature" time="27.465" classname="MyRunner.TestRunner"/>
</testsuite> <!-- MyRunner.TestRunner -->
