<?xml version="1.0" encoding="UTF-8"?>
<!-- Generated by org.testng.reporters.JUnitReportReporter -->
<testsuite hostname="Karthiks-MBP.hub" failures="0" tests="2" name="runner.TestRunner" time="6.187" errors="0" timestamp="2021-04-02T12:48:59 NZDT" skipped="0">
  <testcase classname="runner.TestRunner" name="runScenario" time="2.627"/>
  <system-out/>
  <testcase classname="runner.TestRunner" name="runScenario" time="3.560"/>
  <system-out/>
</testsuite> <!-- runner.TestRunner -->
