<?xml version="1.0" encoding="UTF-8"?>
<!-- Generated by org.testng.reporters.JUnitReportReporter -->
<testsuite hostname="VenkateswaraS-74" name="test.testNGAnnotationsSample" tests="1" failures="0" timestamp="2 Jun 2022 17:53:11 GMT" time="0.002" errors="0">
  <testcase name="Test2" time="0.002" classname="test.testNGAnnotationsSample"/>
</testsuite> <!-- test.testNGAnnotationsSample -->
