<?xml version="1.0" encoding="UTF-8"?>
<!-- Generated by org.testng.reporters.JUnitReportReporter -->
<testsuite hostname="IN-39DXTN3" failures="0" tests="1" name="demotest2.Testdemo2" time="11.001" errors="0" timestamp="2022-11-03T19:09:58 IST" skipped="0">
  <testcase classname="demotest2.Testdemo2" name="testdemo2" time="11.001"/>
  <system-out/>
</testsuite> <!-- demotest2.Testdemo2 -->
