<?xml version="1.0" encoding="UTF-8"?>
<!-- Generated by org.testng.reporters.JUnitReportReporter -->
<testsuite hostname="IN-39DXTN3" failures="0" tests="5" name="testSauceDemo.TestLoginPage" time="24.353" errors="0" timestamp="2022-10-06T13:44:38 IST" skipped="0">
  <testcase classname="testSauceDemo.TestLoginPage" name="validloginpage" time="6.584"/>
  <system-out/>
  <testcase classname="testSauceDemo.TestLoginPage" name="addProductToCart" time="8.494"/>
  <system-out/>
  <testcase classname="testSauceDemo.TestLoginPage" name="enterUserInfo" time="6.560"/>
  <system-out/>
  <testcase classname="testSauceDemo.TestLoginPage" name="Checkout" time="1.265"/>
  <system-out/>
  <testcase classname="testSauceDemo.TestLoginPage" name="completeCheckout" time="1.450"/>
  <system-out/>
</testsuite> <!-- testSauceDemo.TestLoginPage -->
