<?xml version="1.0" encoding="UTF-8"?>
<!-- Generated by org.testng.reporters.JUnitReportReporter -->
<testsuite hostname="IN-39DXTN3" failures="0" tests="3" name="dummy.Test_TestNG" time="12.449" errors="0" timestamp="2022-10-05T19:23:01 IST" skipped="0">
  <testcase classname="dummy.Test_TestNG" name="testdriver" time="4.166"/>
  <system-out/>
  <testcase classname="dummy.Test_TestNG" name="showDetails" time="0.727"/>
  <system-out/>
  <testcase classname="dummy.Test_TestNG" name="dropDown" time="7.556"/>
  <system-out/>
</testsuite> <!-- dummy.Test_TestNG -->
