<?xml version="1.0" encoding="UTF-8"?>
<!-- Generated by org.testng.reporters.JUnitReportReporter -->
<testsuite hostname="IN-39DXTN3" failures="0" tests="1" name="testSauceDemo.testdummy" time="1.825" errors="0" timestamp="2022-10-06T11:04:23 IST" skipped="0">
  <testcase classname="testSauceDemo.testdummy" name="demo" time="1.825"/>
  <system-out/>
</testsuite> <!-- testSauceDemo.testdummy -->
