<?xml version="1.0" encoding="UTF-8"?>
<!-- Generated by org.testng.reporters.JUnitReportReporter -->
<testsuite hostname="IN-39DXTN3" failures="0" tests="1" name="testSauceDemo.login_ProblemUser" time="7.082" errors="0" timestamp="2022-11-23T22:17:26 IST" skipped="0">
  <testcase classname="testSauceDemo.login_ProblemUser" name="login_Problem_User" time="7.082"/>
  <system-out/>
</testsuite> <!-- testSauceDemo.login_ProblemUser -->
