<?xml version="1.0" encoding="UTF-8"?>
<!-- Generated by org.testng.reporters.JUnitReportReporter -->
<testsuite hostname="LAPTOP-J6JNDT39" failures="0" tests="1" name="JSONSchemaValidator" time="3.206" errors="0" timestamp="2022-02-26T08:02:16 EST" skipped="0">
  <testcase classname="JSONSchemaValidator" name="getAllJobs" time="3.206"/>
  <system-out/>
</testsuite> <!-- JSONSchemaValidator -->
