<?xml version="1.0" encoding="UTF-8"?>
<!-- Generated by org.testng.reporters.JUnitReportReporter -->
<testsuite hostname="LAPTOP-J6JNDT39" failures="0" tests="1" name="tests.TestsExamples" time="15.518" errors="0" timestamp="2022-02-24T15:04:28 EST" skipped="0">
  <testcase classname="tests.TestsExamples" name="test_1" time="15.518"/>
  <system-out/>
</testsuite> <!-- tests.TestsExamples -->
