<?xml version="1.0" encoding="UTF-8"?>
<!-- Generated by org.testng.reporters.JUnitReportReporter -->
<testsuite skipped="0" hostname="Naveen-Mac.local" name="com.qa.hubspot.tests.LoginPageTest" tests="2" failures="0" timestamp="22 Jul 2019 16:19:03 GMT" time="23.174" errors="0">
  <testcase name="verifyLoginPageTitleTest" time="8.099" classname="com.qa.hubspot.tests.LoginPageTest"/>
  <testcase name="loginTest" time="15.075" classname="com.qa.hubspot.tests.LoginPageTest"/>
</testsuite> <!-- com.qa.hubspot.tests.LoginPageTest -->
