<?xml version="1.0" encoding="UTF-8"?>
<!-- Generated by org.testng.reporters.JUnitReportReporter -->
<testsuite hostname="DESKTOP-UNNIIFI" failures="0" tests="2" name="CucumberOptions.TestRunner" time="35.228" errors="0" timestamp="2022-08-10T01:10:08 TRT" skipped="0">
  <testcase classname="CucumberOptions.TestRunner" name="runScenario" time="7.027"/>
  <system-out/>
  <testcase classname="CucumberOptions.TestRunner" name="runScenario" time="28.201"/>
  <system-out/>
</testsuite> <!-- CucumberOptions.TestRunner -->
