<?xml version="1.0" encoding="UTF-8"?>
<!-- Generated by org.testng.reporters.JUnitReportReporter -->
<testsuite hostname="HASSEN-HP" failures="0" tests="1" name="assertJ.AssertJodaDemo" time="0.312" errors="0" timestamp="2022-08-26T17:50:27 EDT" skipped="0">
  <testcase classname="assertJ.AssertJodaDemo" name="dataTimeTest" time="0.312"/>
  <system-out/>
</testsuite> <!-- assertJ.AssertJodaDemo -->
