<?xml version="1.0" encoding="UTF-8"?>
<!-- Generated by org.testng.reporters.JUnitReportReporter -->
<testsuite hostname="Cihan-MacBook-Pro.local" failures="0" tests="1" name="CaseStudy.API_Test" time="4.047" errors="0" timestamp="2022-10-08T14:08:41 EET" skipped="0">
  <testcase classname="CaseStudy.API_Test" name="CreateBoard" time="4.047"/>
  <system-out/>
</testsuite> <!-- CaseStudy.API_Test -->
