<?xml version="1.0" encoding="UTF-8"?>
<!-- Generated by org.testng.reporters.JUnitReportReporter -->
<testsuite hostname="DESKTOP-UNNIIFI" failures="0" tests="2" name="CaseStudy.HepsiBurada.testhepsiburada" time="67.334" errors="0" timestamp="2022-08-07T15:04:47 TRT" skipped="0">
  <testcase classname="CaseStudy.HepsiBurada.testhepsiburada" name="validateHomepage" time="30.666"/>
  <system-out/>
  <testcase classname="CaseStudy.HepsiBurada.testhepsiburada" name="validateProductpage" time="36.668"/>
  <system-out/>
</testsuite> <!-- CaseStudy.HepsiBurada.testhepsiburada -->
