<?xml version="1.0" encoding="UTF-8"?>
<!-- Generated by org.testng.reporters.JUnitReportReporter -->
<testsuite hostname="Cihan-MacBook-Pro.local" failures="0" tests="3" name="CaseStudy.Web_Test" time="27.734" errors="0" timestamp="2022-10-09T16:22:40 EET" skipped="0">
  <testcase classname="CaseStudy.Web_Test" name="Homepage" time="6.193"/>
  <system-out/>
  <testcase classname="CaseStudy.Web_Test" name="ProductPage" time="18.387"/>
  <system-out/>
  <testcase classname="CaseStudy.Web_Test" name="basketPage" time="3.154"/>
  <system-out/>
</testsuite> <!-- CaseStudy.Web_Test -->
