<?xml version="1.0" encoding="UTF-8"?>
<!-- Generated by org.testng.reporters.JUnitReportReporter -->
<testsuite hostname="Cihan-MacBook-Pro.local" failures="0" tests="1" name="CaseStudy.ShoppingPageTest" time="21.313" errors="0" timestamp="2022-09-23T20:47:20 EET" skipped="0">
  <testcase classname="CaseStudy.ShoppingPageTest" name="endtoend" time="21.313"/>
  <system-out/>
</testsuite> <!-- CaseStudy.ShoppingPageTest -->
