<?xml version="1.0" encoding="UTF-8"?>
<!-- Generated by org.testng.reporters.JUnitReportReporter -->
<testsuite hostname="Cihan-MacBook-Pro.local" failures="0" tests="1" name="CaseStudy.deneme" time="16.967" errors="0" timestamp="2022-09-23T20:38:39 EET" skipped="0">
  <testcase classname="CaseStudy.deneme" name="endtoend" time="16.967"/>
  <system-out/>
</testsuite> <!-- CaseStudy.deneme -->
