<?xml version="1.0" encoding="UTF-8"?>
<!-- Generated by org.testng.reporters.JUnitReportReporter -->
<testsuite skipped="0" hostname="Administrators-MacBook-Pro-9.local" name="com.qa.xyz.tests.HomePageTest" tests="2" failures="0" timestamp="15 Oct 2018 16:28:14 GMT" time="27.164" errors="0">
  <testcase name="verifyLoggedInUserTest" time="10.026" classname="com.qa.xyz.tests.HomePageTest"/>
  <testcase name="verifyHomePageTitleTest" time="17.138" classname="com.qa.xyz.tests.HomePageTest"/>
</testsuite> <!-- com.qa.xyz.tests.HomePageTest -->
