<?xml version="1.0" encoding="UTF-8"?>
<!-- Generated by org.testng.reporters.JUnitReportReporter -->
<testsuite skipped="0" hostname="Administrators-MacBook-Pro-9.local" name="com.qa.xyz.tests.LoginTest" tests="3" failures="0" timestamp="11 Oct 2018 18:50:12 GMT" time="18.183" errors="0">
  <testcase name="VerifyLoginPageTitleTest" time="3.852" classname="com.qa.xyz.tests.LoginTest"/>
  <testcase name="verifyForgotPwdLinkPresentTest" time="3.510" classname="com.qa.xyz.tests.LoginTest"/>
  <testcase name="loginTest" time="10.821" classname="com.qa.xyz.tests.LoginTest"/>
</testsuite> <!-- com.qa.xyz.tests.LoginTest -->
