<?xml version="1.0" encoding="UTF-8"?>
<!-- Generated by org.testng.reporters.JUnitReportReporter -->
<testsuite skipped="0" hostname="VenkataathysMBP" name="com.google.tests.GoogleSearchTest" tests="1" failures="0" timestamp="2021-12-25T12:19:51 EST" time="2.141" errors="0">
  <testcase name="validateGoogleResult" time="2.141" classname="com.google.tests.GoogleSearchTest"/>
  <system-out/>
</testsuite> <!-- com.google.tests.GoogleSearchTest -->
