<?xml version="1.0" encoding="UTF-8"?>
<!-- Generated by org.testng.reporters.JUnitReportReporter -->
<testsuite hostname="DESKTOP-FHDL5FE" name="projectImDB.Imdb" tests="2" failures="0" timestamp="20 Oct 2017 19:44:33 GMT" time="246.094" errors="0">
  <testcase name="extractData" time="246.079" classname="projectImDB.Imdb"/>
  <testcase name="extractTextData" time="0.015" classname="projectImDB.Imdb"/>
</testsuite> <!-- projectImDB.Imdb -->
