<?xml version="1.0" encoding="UTF-8"?>
<!-- Generated by org.testng.reporters.JUnitReportReporter -->
<testsuite name="com.qa.hubspot.tests.ContactsPageTest" tests="2" time="58.924" ignored="0" failures="0" timestamp="11 Feb 2020 02:19:27 GMT" skipped="0" hostname="Naveen-Mac.local" errors="0">
  <testcase name="verifyContactsPageTitle" time="29.605" classname="com.qa.hubspot.tests.ContactsPageTest"/>
  <testcase name="createContactsTest" time="29.319" classname="com.qa.hubspot.tests.ContactsPageTest"/>
</testsuite> <!-- com.qa.hubspot.tests.ContactsPageTest -->
