<?xml version="1.0" encoding="UTF-8"?>
<!-- Generated by org.testng.reporters.JUnitReportReporter -->
<testsuite hostname="DESKTOP-URFV0HQ" failures="0" tests="1" name="com.herokuapp.restfulbooker.UpdateBookingTests" time="1.701" errors="0" timestamp="28 Feb 2020 02:18:18 GMT">
  <testcase classname="com.herokuapp.restfulbooker.UpdateBookingTests" name="updateBookingTest" time="1.701"/>
</testsuite> <!-- com.herokuapp.restfulbooker.UpdateBookingTests -->
