<?xml version="1.0" encoding="UTF-8"?>
<!-- Generated by org.testng.reporters.JUnitReportReporter -->
<testsuite hostname="DESKTOP-URFV0HQ" failures="0" tests="1" name="com.herokuapp.restfulbooker.GetBookingTests" time="1.764" errors="0" timestamp="3 Mar 2020 01:10:09 GMT">
  <testcase classname="com.herokuapp.restfulbooker.GetBookingTests" name="getBookingXMLTest" time="1.764"/>
</testsuite> <!-- com.herokuapp.restfulbooker.GetBookingTests -->
