<?xml version="1.0" encoding="UTF-8"?>
<!-- Generated by org.testng.reporters.JUnitReportReporter -->
<testsuite skipped="0" hostname="INCNU348D1X1" name="com.dxc.TestingProjects.SeleniumTest" tests="1" failures="0" timestamp="2019-02-14T15:01:08 IST" time="0.013" errors="0">
  <testcase name="BrowserAutomation" time="0.013" classname="com.dxc.TestingProjects.SeleniumTest"/>
</testsuite> <!-- com.dxc.TestingProjects.SeleniumTest -->
