<?xml version="1.0" encoding="UTF-8"?>
<!-- Generated by org.testng.reporters.JUnitReportReporter -->
<testsuite skipped="0" hostname="INCNU348D1X1" name="com.dxc.TestingProjects.APITest" tests="1" failures="0" timestamp="2019-02-13T07:26:43 IST" time="0.014" errors="0">
  <testcase name="RESTAutomation" time="0.014" classname="com.dxc.TestingProjects.APITest"/>
</testsuite> <!-- com.dxc.TestingProjects.APITest -->
