<?xml version="1.0" encoding="UTF-8"?>
<!-- Generated by org.testng.reporters.JUnitReportReporter -->
<testsuite skipped="0" hostname="SDD-18" name="tests.TC001_VerifyImagesForDefaultCarouselBlock" tests="1" failures="0" timestamp="08 May 2018 12:35:35 GMT" time="65.410" errors="0">
  <testcase name="VerifyAllCarouselImagesAreVisibleForDefaultCarousel" time="65.410" classname="tests.TC001_VerifyImagesForDefaultCarouselBlock"/>
</testsuite> <!-- tests.TC001_VerifyImagesForDefaultCarouselBlock -->
