<?xml version="1.0" encoding="UTF-8"?>
<!-- Generated by org.testng.reporters.JUnitReportReporter -->
<testsuite skipped="3" hostname="SDD-18" name="tests.TC005_VerifyAddEditDeleteCarouselFeature" tests="4" failures="0" timestamp="08 May 2018 12:35:35 GMT" time="9.827" errors="1">
  <testcase name="VerifyAbleToAddNewCarouselInTheSystem" time="0.000" classname="tests.TC005_VerifyAddEditDeleteCarouselFeature">
    <skipped/>
  </testcase> <!-- VerifyAbleToAddNewCarouselInTheSystem -->
  <testcase name="beforeMethod" time="9.827" classname="tests.TC005_VerifyAddEditDeleteCarouselFeature">
    <error type="java.lang.NullPointerException">
      <![CDATA[java.lang.NullPointerExceptionat org.openqa.selenium.support.pagefactory.DefaultElementLocator.findElement(DefaultElementLocator.java:59)at org.openqa.selenium.support.pagefactory.internal.LocatingElementHandler.invoke(LocatingElementHandler.java:34)at com.sun.proxy.$Proxy13.sendKeys(Unknown Source)at pages.Login.loginToApplication_aroundBody0(Login.java:39)at pages.Login$AjcClosure1.run(Login.java:1)at org.aspectj.runtime.reflect.JoinPointImpl.proceed(JoinPointImpl.java:149)at io.qameta.allure.aspects.StepsAspects.step(StepsAspects.java:51)at pages.Login.loginToApplication(Login.java:39)at tests.TC005_VerifyAddEditDeleteCarouselFeature.beforeMethod(TC005_VerifyAddEditDeleteCarouselFeature.java:50)at sun.reflect.NativeMethodAccessorImpl.invoke0(Native Method)at sun.reflect.NativeMethodAccessorImpl.invoke(NativeMethodAccessorImpl.java:62)at sun.reflect.DelegatingMethodAccessorImpl.invoke(DelegatingMethodAccessorImpl.java:43)at java.lang.reflect.Method.invoke(Method.java:498)at org.testng.internal.MethodInvocationHelper.invokeMethod(MethodInvocationHelper.java:124)at org.testng.internal.MethodInvocationHelper.invokeMethodConsideringTimeout(MethodInvocationHelper.java:59)at org.testng.internal.Invoker.invokeConfigurationMethod(Invoker.java:451)at org.testng.internal.Invoker.invokeConfigurations(Invoker.java:222)at org.testng.internal.Invoker.invokeMethod(Invoker.java:516)at org.testng.internal.Invoker.invokeTestMethod(Invoker.java:707)at org.testng.internal.Invoker.invokeTestMethods(Invoker.java:979)at org.testng.internal.TestMethodWorker.invokeTestMethods(TestMethodWorker.java:125)at org.testng.internal.TestMethodWorker.run(TestMethodWorker.java:109)at org.testng.TestRunner.privateRun(TestRunner.java:648)at org.testng.TestRunner.run(TestRunner.java:505)at org.testng.SuiteRunner.runTest(SuiteRunner.java:455)at org.testng.SuiteRunner.runSequentially(SuiteRunner.java:450)at org.testng.SuiteRunner.privateRun(SuiteRunner.java:415)at org.testng.SuiteRunner.run(SuiteRunner.java:364)at org.testng.SuiteRunnerWorker.runSuite(SuiteRunnerWorker.java:52)at org.testng.SuiteRunnerWorker.run(SuiteRunnerWorker.java:84)at org.testng.TestNG.runSuitesSequentially(TestNG.java:1187)at org.testng.TestNG.runSuitesLocally(TestNG.java:1116)at org.testng.TestNG.runSuites(TestNG.java:1028)at org.testng.TestNG.run(TestNG.java:996)at org.apache.maven.surefire.testng.TestNGExecutor.run(TestNGExecutor.java:283)at org.apache.maven.surefire.testng.TestNGXmlTestSuite.execute(TestNGXmlTestSuite.java:75)at org.apache.maven.surefire.testng.TestNGProvider.invoke(TestNGProvider.java:120)at org.apache.maven.surefire.booter.ForkedBooter.invokeProviderInSameClassLoader(ForkedBooter.java:386)at org.apache.maven.surefire.booter.ForkedBooter.runSuitesInProcess(ForkedBooter.java:323)at org.apache.maven.surefire.booter.ForkedBooter.main(ForkedBooter.java:143)]]>
    </error>
  </testcase> <!-- beforeMethod -->
  <testcase name="VerifyIsAbleToEditNewlyAddedCarousel" time="0.000" classname="tests.TC005_VerifyAddEditDeleteCarouselFeature">
    <skipped/>
  </testcase> <!-- VerifyIsAbleToEditNewlyAddedCarousel -->
  <testcase name="VerifyIsAbleToDeleteItemsFromAddedEditedCarousel" time="0.000" classname="tests.TC005_VerifyAddEditDeleteCarouselFeature">
    <skipped/>
  </testcase> <!-- VerifyIsAbleToDeleteItemsFromAddedEditedCarousel -->
</testsuite> <!-- tests.TC005_VerifyAddEditDeleteCarouselFeature -->
