<?xml version="1.0" encoding="UTF-8"?>
<!-- Generated by org.testng.reporters.JUnitReportReporter -->
<testsuite skipped="0" hostname="Naveen-Mac.local" name="TestNGSessions.InvocationCountConcept" tests="10" failures="0" timestamp="25 Oct 2019 02:04:39 GMT" time="0.031" errors="0">
  <testcase name="login" time="0.001" classname="TestNGSessions.InvocationCountConcept"/>
  <testcase name="login" time="0.003" classname="TestNGSessions.InvocationCountConcept"/>
  <testcase name="login" time="0.002" classname="TestNGSessions.InvocationCountConcept"/>
  <testcase name="login" time="0.001" classname="TestNGSessions.InvocationCountConcept"/>
  <testcase name="login" time="0.001" classname="TestNGSessions.InvocationCountConcept"/>
  <testcase name="login" time="0.018" classname="TestNGSessions.InvocationCountConcept"/>
  <testcase name="login" time="0.001" classname="TestNGSessions.InvocationCountConcept"/>
  <testcase name="login" time="0.001" classname="TestNGSessions.InvocationCountConcept"/>
  <testcase name="login" time="0.001" classname="TestNGSessions.InvocationCountConcept"/>
  <testcase name="login" time="0.002" classname="TestNGSessions.InvocationCountConcept"/>
</testsuite> <!-- TestNGSessions.InvocationCountConcept -->
