<?xml version="1.0" encoding="UTF-8"?>
<!-- Generated by org.testng.reporters.JUnitReportReporter -->
<testsuite skipped="0" hostname="Naveen-Mac.local" name="TestNGSessions.LoginPageCase2" tests="2" failures="0" timestamp="29 Oct 2019 01:45:31 GMT" time="6.697" errors="0">
  <testcase name="loginPageTitleTest" time="6.631" classname="TestNGSessions.LoginPageCase2"/>
  <testcase name="signUpLinkTest" time="0.066" classname="TestNGSessions.LoginPageCase2"/>
</testsuite> <!-- TestNGSessions.LoginPageCase2 -->
