<?xml version="1.0" encoding="UTF-8"?>
<!-- Generated by org.testng.reporters.JUnitReportReporter -->
<testsuite skipped="0" hostname="Naveen-Mac.local" name="TestNGSessions.NetworkConditions" tests="3" failures="0" timestamp="03 Nov 2019 13:10:06 GMT" time="41.626" errors="0">
  <testcase name="test" time="21.376" classname="TestNGSessions.NetworkConditions"/>
  <testcase name="test" time="15.785" classname="TestNGSessions.NetworkConditions"/>
  <testcase name="test" time="4.465" classname="TestNGSessions.NetworkConditions"/>
</testsuite> <!-- TestNGSessions.NetworkConditions -->
