<?xml version="1.0" encoding="UTF-8"?>
<!-- Generated by org.testng.reporters.JUnitReportReporter -->
<testsuite skipped="1" hostname="Naveen-Mac.local" name="TestNGSessions.HomePageTest" tests="3" failures="0" timestamp="25 Oct 2019 01:52:55 GMT" time="0.007" errors="0">
  <testcase name="homePageTitleTest" time="0.006" classname="TestNGSessions.HomePageTest"/>
  <testcase name="homePageHeaderTest" time="0.001" classname="TestNGSessions.HomePageTest"/>
  <testcase name="homePageLinkTest" classname="TestNGSessions.HomePageTest">
    <skipped/>
  </testcase> <!-- homePageLinkTest -->
</testsuite> <!-- TestNGSessions.HomePageTest -->
