<?xml version="1.0" encoding="UTF-8"?>
<!-- Generated by org.testng.reporters.JUnitReportReporter -->
<testsuite skipped="0" hostname="Naveen-Mac.local" name="TestNGSessions.TestPriority" tests="4" failures="0" timestamp="25 Oct 2019 02:10:52 GMT" time="0.027" errors="0">
  <testcase name="homePageTitleTest" time="0.002" classname="TestNGSessions.TestPriority"/>
  <testcase name="homePageHeaderTest" time="0.022" classname="TestNGSessions.TestPriority"/>
  <testcase name="homePageLinkTest" time="0.001" classname="TestNGSessions.TestPriority"/>
  <testcase name="homePageUserTest" time="0.002" classname="TestNGSessions.TestPriority"/>
</testsuite> <!-- TestNGSessions.TestPriority -->
