<?xml version="1.0" encoding="UTF-8"?>
<!-- Generated by org.testng.reporters.JUnitReportReporter -->
<testsuite skipped="2" hostname="Naveen-Mac.local" name="com.qa.hubspot.tests.LoginPageTest" tests="3" failures="0" timestamp="10 Apr 2020 06:41:37 GMT" time="5.357" errors="0">
  <testcase name="verifyLoginPageTitleTest" time="5.357" classname="com.qa.hubspot.tests.LoginPageTest"/>
  <testcase name="verifySignUpLinkTest" classname="com.qa.hubspot.tests.LoginPageTest">
    <skipped/>
  </testcase> <!-- verifySignUpLinkTest -->
  <testcase name="loginTest" classname="com.qa.hubspot.tests.LoginPageTest">
    <skipped/>
  </testcase> <!-- loginTest -->
</testsuite> <!-- com.qa.hubspot.tests.LoginPageTest -->
