<?xml version="1.0" encoding="UTF-8"?>
<!-- Generated by org.testng.reporters.JUnitReportReporter -->
<testsuite hostname="Dee-PC" failures="0" tests="4" name="com.herokuapp.theinternet.loginpagetests.NegativeLogInTests" time="70.790" errors="0" timestamp="15 Sep 2018 15:21:51 GMT" skipped="0">
  <testcase classname="com.herokuapp.theinternet.loginpagetests.NegativeLogInTests" name="negativeTest" time="15.756"/>
  <testcase classname="com.herokuapp.theinternet.loginpagetests.NegativeLogInTests" name="negativeTest" time="19.847"/>
  <testcase classname="com.herokuapp.theinternet.loginpagetests.NegativeLogInTests" name="negativeTest" time="19.336"/>
  <testcase classname="com.herokuapp.theinternet.loginpagetests.NegativeLogInTests" name="negativeTest" time="15.851"/>
</testsuite> <!-- com.herokuapp.theinternet.loginpagetests.NegativeLogInTests -->
