<?xml version="1.0" encoding="UTF-8"?>
<!-- Generated by org.testng.reporters.JUnitReportReporter -->
<testsuite hostname="DESKTOP-6QB07EQ" name="cricbuzz.Main" tests="2" failures="0" timestamp="14 Aug 2018 14:15:03 GMT" time="52.750" errors="0">
  <testcase name="test2" time="27.988" classname="cricbuzz.Main"/>
  <testcase name="test1" time="24.762" classname="cricbuzz.Main"/>
</testsuite> <!-- cricbuzz.Main -->
