<?xml version="1.0" encoding="UTF-8"?>
<!-- Generated by org.testng.reporters.JUnitReportReporter -->
<testsuite hostname="DESKTOP-URFV0HQ" failures="0" tests="1" name="com.herokuapp.restfulbooker.GetBookingTests" time="1.389" errors="0" timestamp="26 Feb 2020 01:22:19 GMT">
  <testcase classname="com.herokuapp.restfulbooker.GetBookingTests" name="getBookingTest" time="1.389"/>
</testsuite> <!-- com.herokuapp.restfulbooker.GetBookingTests -->
