<?xml version="1.0" encoding="UTF-8"?>
<!-- Generated by org.testng.reporters.JUnitReportReporter -->
<testsuite hostname="Dee-PC" failures="0" tests="3" name="com.herokuapp.theinternet.uploadtests.UploadTests" time="33.324" errors="0" timestamp="06 Oct 2018 15:27:21 GMT" skipped="0">
  <testcase classname="com.herokuapp.theinternet.uploadtests.UploadTests" name="fileUploadTest" time="10.139"/>
  <testcase classname="com.herokuapp.theinternet.uploadtests.UploadTests" name="fileUploadTest" time="13.316"/>
  <testcase classname="com.herokuapp.theinternet.uploadtests.UploadTests" name="fileUploadTest" time="9.869"/>
</testsuite> <!-- com.herokuapp.theinternet.uploadtests.UploadTests -->
