<?xml version="1.0" encoding="UTF-8"?>
<!-- Generated by org.testng.reporters.JUnitReportReporter -->
<testsuite skipped="0" hostname="LAPTOP-TI485JC7" name="com.SearchFunctionality.SearchFunctionalityTest" tests="3" failures="0" timestamp="17 Feb 2019 14:24:59 GMT" time="203.573" errors="0">
  <testcase name="noDataTest" time="54.885" classname="com.SearchFunctionality.SearchFunctionalityTest"/>
  <testcase name="validDataTest" time="71.293" classname="com.SearchFunctionality.SearchFunctionalityTest"/>
  <testcase name="invalidDataTest" time="77.395" classname="com.SearchFunctionality.SearchFunctionalityTest"/>
</testsuite> <!-- com.SearchFunctionality.SearchFunctionalityTest -->
