<?xml version="1.0" encoding="UTF-8"?>
<!-- Generated by org.testng.reporters.JUnitReportReporter -->
<testsuite skipped="0" hostname="Naveens-MacBook-Air.local" name="IntersectionTest" tests="3" failures="0" timestamp="14 Mar 2017 18:52:27 GMT" time="13.213" errors="0">
  <testcase name="IntersectionWithHashImpTest" time="0.499" classname="IntersectionTest"/>
  <testcase name="IntersectionWithHashIteratorTest" time="0.466" classname="IntersectionTest"/>
  <testcase name="bruteForceIntersectionTest" time="12.248" classname="IntersectionTest"/>
</testsuite> <!-- IntersectionTest -->
