<?xml version="1.0" encoding="UTF-8"?>
<!-- Generated by org.testng.reporters.JUnitReportReporter -->
<testsuite skipped="0" hostname="DESKTOP-BLC4JLR" name="Loginpage_test.homepage_test" tests="1" failures="0" timestamp="27 Jan 2020 09:29:20 GMT" time="9.902" errors="0">
  <testcase name="userpagenavigation" time="9.902" classname="Loginpage_test.homepage_test"/>
</testsuite> <!-- Loginpage_test.homepage_test -->
