<?xml version="1.0" encoding="UTF-8"?>
<!-- Generated by org.testng.reporters.JUnitReportReporter -->
<testsuite skipped="0" hostname="DESKTOP-BLC4JLR" name="dRSTinV3_Tests.AdvanceQuery_Test" tests="1" failures="0" timestamp="13 Feb 2020 13:30:24 GMT" time="40.953" errors="0">
  <testcase name="PerformAdvanceQueryFilterFunction" time="40.953" classname="dRSTinV3_Tests.AdvanceQuery_Test"/>
</testsuite> <!-- dRSTinV3_Tests.AdvanceQuery_Test -->
