<?xml version="1.0" encoding="UTF-8"?>
<!-- Generated by org.testng.reporters.JUnitReportReporter -->
<testsuite skipped="0" hostname="DESKTOP-BLC4JLR" name="dRSTinV3_Tests.homepage_test" tests="1" failures="0" timestamp="11 Feb 2020 12:34:22 GMT" time="21.058" errors="0">
  <testcase name="userpagenavigation" time="21.058" classname="dRSTinV3_Tests.homepage_test"/>
</testsuite> <!-- dRSTinV3_Tests.homepage_test -->
