<?xml version="1.0" encoding="UTF-8"?>
<!-- Generated by org.testng.reporters.JUnitReportReporter -->
<testsuite skipped="0" hostname="DESKTOP-BLC4JLR" name="dRSTinV3_Tests.loginpage_test" tests="1" failures="0" timestamp="11 Feb 2020 12:32:26 GMT" time="18.694" errors="0">
  <testcase name="SuccesfulLogin" time="18.694" classname="dRSTinV3_Tests.loginpage_test"/>
</testsuite> <!-- dRSTinV3_Tests.loginpage_test -->
