<?xml version="1.0" encoding="UTF-8"?>
<!-- Generated by org.testng.reporters.JUnitReportReporter -->
<testsuite skipped="2" hostname="DESKTOP-BLC4JLR" name="dRSTinV3_Tests.manageuserpage_test" tests="3" failures="0" timestamp="11 Feb 2020 12:34:43 GMT" time="0.532" errors="1">
  <testcase name="createadminuser" time="0.532" classname="dRSTinV3_Tests.manageuserpage_test">
    <error type="org.testng.internal.reflect.MethodMatcherException" message="
Data provider mismatch
Method: createadminuser([])
Arguments: [(java.lang.String) fef,(java.lang.String) abc@gmail.com]">
      <![CDATA[org.testng.internal.reflect.MethodMatcherException: 
Data provider mismatch
Method: createadminuser([])
Arguments: [(java.lang.String) fef,(java.lang.String) abc@gmail.com]
at org.testng.internal.reflect.DataProviderMethodMatcher.getConformingArguments(DataProviderMethodMatcher.java:45)
at org.testng.internal.Parameters.injectParameters(Parameters.java:796)
at org.testng.internal.Invoker.invokeTestMethods(Invoker.java:983)
at org.testng.internal.TestMethodWorker.invokeTestMethods(TestMethodWorker.java:125)
at org.testng.internal.TestMethodWorker.run(TestMethodWorker.java:109)
at org.testng.TestRunner.privateRun(TestRunner.java:648)
at org.testng.TestRunner.run(TestRunner.java:505)
at org.testng.SuiteRunner.runTest(SuiteRunner.java:455)
at org.testng.SuiteRunner.runSequentially(SuiteRunner.java:450)
at org.testng.SuiteRunner.privateRun(SuiteRunner.java:415)
at org.testng.SuiteRunner.run(SuiteRunner.java:364)
at org.testng.SuiteRunnerWorker.runSuite(SuiteRunnerWorker.java:52)
at org.testng.SuiteRunnerWorker.run(SuiteRunnerWorker.java:84)
at org.testng.TestNG.runSuitesSequentially(TestNG.java:1208)
at org.testng.TestNG.runSuitesLocally(TestNG.java:1137)
at org.testng.TestNG.runSuites(TestNG.java:1049)
at org.testng.TestNG.run(TestNG.java:1017)
at org.testng.remote.AbstractRemoteTestNG.run(AbstractRemoteTestNG.java:115)
at org.testng.remote.RemoteTestNG.initAndRun(RemoteTestNG.java:251)
at org.testng.remote.RemoteTestNG.main(RemoteTestNG.java:77)
]]>
    </error>
  </testcase> <!-- createadminuser -->
  <testcase name="userremoval" classname="dRSTinV3_Tests.manageuserpage_test">
    <skipped/>
  </testcase> <!-- userremoval -->
  <testcase name="edituser" classname="dRSTinV3_Tests.manageuserpage_test">
    <skipped/>
  </testcase> <!-- edituser -->
</testsuite> <!-- dRSTinV3_Tests.manageuserpage_test -->
