<?xml version="1.0" encoding="UTF-8"?>
<!-- Generated by org.testng.reporters.JUnitReportReporter -->
<testsuite skipped="0" hostname="Administrators-MacBook-Pro-9.local" name="TestNGSessions.InvocationCount" tests="10" failures="0" timestamp="15 Jan 2019 03:32:12 GMT" time="0.026" errors="0">
  <testcase name="homePageUserInfoTest" time="0.001" classname="TestNGSessions.InvocationCount"/>
  <testcase name="homePageUserInfoTest" time="0.001" classname="TestNGSessions.InvocationCount"/>
  <testcase name="homePageUserInfoTest" time="0.001" classname="TestNGSessions.InvocationCount"/>
  <testcase name="homePageUserInfoTest" time="0.002" classname="TestNGSessions.InvocationCount"/>
  <testcase name="homePageUserInfoTest" time="0.001" classname="TestNGSessions.InvocationCount"/>
  <testcase name="homePageUserInfoTest" time="0.001" classname="TestNGSessions.InvocationCount"/>
  <testcase name="homePageUserInfoTest" time="0.001" classname="TestNGSessions.InvocationCount"/>
  <testcase name="homePageUserInfoTest" time="0.016" classname="TestNGSessions.InvocationCount"/>
  <testcase name="homePageUserInfoTest" time="0.001" classname="TestNGSessions.InvocationCount"/>
  <testcase name="homePageUserInfoTest" time="0.001" classname="TestNGSessions.InvocationCount"/>
</testsuite> <!-- TestNGSessions.InvocationCount -->
