<?xml version="1.0" encoding="UTF-8"?>
<!-- Generated by org.testng.reporters.JUnitReportReporter -->
<testsuite skipped="0" hostname="Administrators-MacBook-Pro-9.local" name="TestNGSessions.PriorityConcept" tests="4" failures="0" timestamp="15 Jan 2019 03:29:26 GMT" time="0.015" errors="0">
  <testcase name="homePageHeaderTest" time="0.012" classname="TestNGSessions.PriorityConcept"/>
  <testcase name="homePageUserInfoTest" time="0.001" classname="TestNGSessions.PriorityConcept"/>
  <testcase name="homePageSearchTest" time="0.001" classname="TestNGSessions.PriorityConcept"/>
  <testcase name="homePageTitleTest" time="0.001" classname="TestNGSessions.PriorityConcept"/>
</testsuite> <!-- TestNGSessions.PriorityConcept -->
