<?xml version="1.0" encoding="UTF-8"?>
<!-- Generated by org.testng.reporters.JUnitReportReporter -->
<testsuite skipped="0" hostname="Administrators-MacBook-Pro-9.local" name="TestNGSessions.TestNGAnnotations" tests="4" failures="0" timestamp="15 Jan 2019 03:21:11 GMT" time="0.010" errors="0">
  <testcase name="homePageHeaderTest" time="0.005" classname="TestNGSessions.TestNGAnnotations"/>
  <testcase name="homePageUserInfoTest" time="0.002" classname="TestNGSessions.TestNGAnnotations"/>
  <testcase name="homePageTitleTest" time="0.002" classname="TestNGSessions.TestNGAnnotations"/>
  <testcase name="homePageSearchTest" time="0.001" classname="TestNGSessions.TestNGAnnotations"/>
</testsuite> <!-- TestNGSessions.TestNGAnnotations -->
