<?xml version="1.0" encoding="UTF-8"?>
<!-- Generated by org.testng.reporters.JUnitReportReporter -->
<testsuite skipped="0" hostname="DESKTOP-6QB07EQ" name="com.qa.tests.HomePageTest" tests="3" failures="0" timestamp="25 Nov 2018 01:54:58 GMT" time="45.487" errors="0">
  <testcase name="verifyTitleTest" time="14.858" classname="com.qa.tests.HomePageTest"/>
  <testcase name="verifySearch" time="14.457" classname="com.qa.tests.HomePageTest"/>
  <testcase name="clickSignInTest" time="16.172" classname="com.qa.tests.HomePageTest"/>
</testsuite> <!-- com.qa.tests.HomePageTest -->
