<?xml version="1.0" encoding="UTF-8"?>
<!-- Generated by org.testng.reporters.JUnitReportReporter -->
<testsuite skipped="0" hostname="DESKTOP-6QB07EQ" name="com.qa.tests.RegisterAccountTest" tests="2" failures="0" timestamp="25 Nov 2018 02:04:19 GMT" time="42.568" errors="0">
  <testcase name="verifyCreateNewAccountTest" time="21.074" classname="com.qa.tests.RegisterAccountTest"/>
  <testcase name="verifyCreateNewAccountTest" time="21.494" classname="com.qa.tests.RegisterAccountTest"/>
</testsuite> <!-- com.qa.tests.RegisterAccountTest -->
