<?xml version="1.0" encoding="UTF-8"?>
<!-- Generated by org.testng.reporters.JUnitReportReporter -->
<testsuite skipped="0" hostname="DESKTOP-6QB07EQ" name="com.qa.tests.SignInPageTest" tests="1" failures="0" timestamp="25 Nov 2018 01:54:58 GMT" time="18.099" errors="0">
  <testcase name="verifyCreateAccountTest" time="18.099" classname="com.qa.tests.SignInPageTest"/>
</testsuite> <!-- com.qa.tests.SignInPageTest -->
