<?xml version="1.0" encoding="UTF-8"?>
<!-- Generated by org.testng.reporters.JUnitReportReporter -->
<testsuite skipped="0" hostname="DESKTOP-6QB07EQ" name="com.tests.UserAcceptanceTest" tests="12" failures="0" timestamp="18 Jul 2019 15:21:26 GMT" time="1524.999" errors="0">
  <testcase name="sydney_Brisbane_Bags_1to5" time="209.682" classname="com.tests.UserAcceptanceTest"/>
  <testcase name="verify_domestic_flights_bags" time="161.953" classname="com.tests.UserAcceptanceTest"/>
  <testcase name="verify_domestic_flights_bags" time="108.690" classname="com.tests.UserAcceptanceTest"/>
  <testcase name="verify_domestic_flights_bags" time="124.333" classname="com.tests.UserAcceptanceTest"/>
  <testcase name="sydney_Brisbane_Bags_1to5" time="225.107" classname="com.tests.UserAcceptanceTest"/>
  <testcase name="verify_domestic_flights_bags" time="97.965" classname="com.tests.UserAcceptanceTest"/>
  <testcase name="verify_domestic_flights_bags" time="86.720" classname="com.tests.UserAcceptanceTest"/>
  <testcase name="verify_domestic_flights_bags" time="93.507" classname="com.tests.UserAcceptanceTest"/>
  <testcase name="verify_domestic_flights_bags" time="106.585" classname="com.tests.UserAcceptanceTest"/>
  <testcase name="verify_domestic_flights_bags" time="111.618" classname="com.tests.UserAcceptanceTest"/>
  <testcase name="verify_domestic_flights_bags" time="83.206" classname="com.tests.UserAcceptanceTest"/>
  <testcase name="verify_domestic_flights_bags" time="115.633" classname="com.tests.UserAcceptanceTest"/>
</testsuite> <!-- com.tests.UserAcceptanceTest -->
