<?xml version="1.0" encoding="UTF-8"?>
<!-- Generated by org.testng.reporters.JUnitReportReporter -->
<testsuite skipped="0" hostname="abhi-PC" name="com.seleniumPOM.testcases.LoginTest" tests="1" failures="0" timestamp="05 Nov 2019 15:15:31 GMT" time="43.815" errors="0">
  <testcase name="getLogin" time="43.815" classname="com.seleniumPOM.testcases.LoginTest"/>
</testsuite> <!-- com.seleniumPOM.testcases.LoginTest -->
