<?xml version="1.0" encoding="UTF-8"?>
<!-- Generated by org.testng.reporters.JUnitReportReporter -->
<testsuite skipped="0" hostname="abhi-PC" name="com.seleniumPOM.testcases.HomePageTest" tests="4" failures="0" timestamp="05 Nov 2019 15:15:31 GMT" time="90.087" errors="0">
  <testcase name="getLogin" time="38.722" classname="com.seleniumPOM.testcases.HomePageTest"/>
  <testcase name="verifyFlashText" time="15.206" classname="com.seleniumPOM.testcases.HomePageTest"/>
  <testcase name="verifyMessageText" time="23.461" classname="com.seleniumPOM.testcases.HomePageTest"/>
  <testcase name="logout" time="12.698" classname="com.seleniumPOM.testcases.HomePageTest"/>
</testsuite> <!-- com.seleniumPOM.testcases.HomePageTest -->
