<?xml version="1.0" encoding="UTF-8"?>
<!-- Generated by org.testng.reporters.JUnitReportReporter -->
<testsuite skipped="0" hostname="Administrators-MacBook-Pro-9.local" name="com.qa.hubspot.tests.ContactsPageTest" tests="1" failures="0" timestamp="29 Jan 2019 03:21:36 GMT" time="21.220" errors="0">
  <testcase name="createContactsTest" time="21.220" classname="com.qa.hubspot.tests.ContactsPageTest"/>
</testsuite> <!-- com.qa.hubspot.tests.ContactsPageTest -->
