<?xml version="1.0" encoding="UTF-8"?>
<!-- Generated by org.testng.reporters.JUnitReportReporter -->
<testsuite skipped="0" hostname="Administrators-MacBook-Pro-9.local" name="com.qa.hubspot.tests.HomePageTest" tests="1" failures="0" timestamp="29 Jan 2019 02:47:17 GMT" time="10.946" errors="0">
  <testcase name="verifyHomePageTitleTest" time="10.946" classname="com.qa.hubspot.tests.HomePageTest"/>
</testsuite> <!-- com.qa.hubspot.tests.HomePageTest -->
