<?xml version="1.0" encoding="UTF-8"?>
<!-- Generated by org.testng.reporters.JUnitReportReporter -->
<testsuite skipped="0" hostname="Administrators-MacBook-Pro-9.local" name="com.qa.hubspot.tests.LoginTest" tests="1" failures="0" timestamp="25 Jan 2019 03:22:35 GMT" time="5.240" errors="0">
  <testcase name="loginPageTitleTest" time="5.240" classname="com.qa.hubspot.tests.LoginTest"/>
</testsuite> <!-- com.qa.hubspot.tests.LoginTest -->
