<?xml version="1.0" encoding="UTF-8"?>
<!-- Generated by org.testng.reporters.JUnitReportReporter -->
<testsuite skipped="0" hostname="Naveen-Mac.local" name="com.qa.hubspot.tests.InvocationCount" tests="10" failures="0" timestamp="27 Feb 2019 02:25:03 GMT" time="0.025" errors="0">
  <testcase name="createUserTest" time="0.002" classname="com.qa.hubspot.tests.InvocationCount"/>
  <testcase name="createUserTest" time="0.001" classname="com.qa.hubspot.tests.InvocationCount"/>
  <testcase name="createUserTest" time="0.001" classname="com.qa.hubspot.tests.InvocationCount"/>
  <testcase name="createUserTest" time="0.001" classname="com.qa.hubspot.tests.InvocationCount"/>
  <testcase name="createUserTest" time="0.002" classname="com.qa.hubspot.tests.InvocationCount"/>
  <testcase name="createUserTest" time="0.001" classname="com.qa.hubspot.tests.InvocationCount"/>
  <testcase name="createUserTest" time="0.013" classname="com.qa.hubspot.tests.InvocationCount"/>
  <testcase name="createUserTest" time="0.001" classname="com.qa.hubspot.tests.InvocationCount"/>
  <testcase name="createUserTest" time="0.001" classname="com.qa.hubspot.tests.InvocationCount"/>
  <testcase name="createUserTest" time="0.002" classname="com.qa.hubspot.tests.InvocationCount"/>
</testsuite> <!-- com.qa.hubspot.tests.InvocationCount -->
