<?xml version="1.0" encoding="UTF-8"?>
<!-- Generated by org.testng.reporters.JUnitReportReporter -->
<testsuite hostname="DESKTOP-25FDBGI" failures="0" tests="3" name="com.artoftesting.test.SauceDemoLoginTest" time="2.261" errors="0" timestamp="2021-02-08T12:19:49 IST" skipped="0">
  <testcase classname="com.artoftesting.test.SauceDemoLoginTest" name="tempTest" time="0.077"/>
  <testcase classname="com.artoftesting.test.SauceDemoLoginTest" name="tempTest" time="0.107"/>
  <testcase classname="com.artoftesting.test.SauceDemoLoginTest" name="loginTest" time="2.077"/>
</testsuite> <!-- com.artoftesting.test.SauceDemoLoginTest -->
