<?xml version="1.0" encoding="UTF-8"?>
<!-- Generated by org.testng.reporters.JUnitReportReporter -->
<testsuite hostname="DESKTOP-KEHKU6I" name="TestRunner" tests="1" failures="0" timestamp="17 Sep 2019 06:11:30 GMT" time="66.951" errors="0">
  <testcase name="feature" time="66.951" classname="TestRunner"/>
</testsuite> <!-- TestRunner -->
