<?xml version="1.0" encoding="UTF-8"?>
<!-- Generated by org.testng.reporters.JUnitReportReporter -->
<testsuite hostname="HASSEN-HP" failures="0" tests="4" name="com.tests.BasePageTest" time="3.391" errors="0" timestamp="2021-04-09T22:48:35 EDT" skipped="0">
  <testcase classname="com.tests.BasePageTest" name="baseTest2" time="3.187"/>
  <system-out/>
  <testcase classname="com.tests.BasePageTest" name="verifyHomePage" time="0.014"/>
  <system-out/>
  <testcase classname="com.tests.BasePageTest" name="baseTest3" time="0.004"/>
  <system-out/>
  <testcase classname="com.tests.BasePageTest" name="baseTest1" time="0.186"/>
  <system-out/>
</testsuite> <!-- com.tests.BasePageTest -->
