<?xml version="1.0" encoding="UTF-8"?>
<!-- Generated by org.testng.reporters.JUnitReportReporter -->
<testsuite skipped="0" hostname="Administrators-MacBook-Pro-9.local" name="testcases.JqueryGrowl" tests="1" failures="0" timestamp="01 Jul 2018 07:24:53 GMT" time="127.175" errors="0">
  <testcase name="growlTest" time="127.175" classname="testcases.JqueryGrowl"/>
</testsuite> <!-- testcases.JqueryGrowl -->
