<?xml version="1.0" encoding="UTF-8"?>
<!-- Generated by org.testng.reporters.JUnitReportReporter -->
<testsuite skipped="0" hostname="Administrators-MacBook-Pro-9.local" name="testcases.KeyPressEvent" tests="1" failures="0" timestamp="21 Jun 2018 18:40:30 GMT" time="4.428" errors="0">
  <testcase name="keyEventTest" time="4.428" classname="testcases.KeyPressEvent"/>
</testsuite> <!-- testcases.KeyPressEvent -->
