<?xml version="1.0" encoding="UTF-8"?>
<!-- Generated by org.testng.reporters.JUnitReportReporter -->
<testsuite skipped="0" hostname="Administrators-MacBook-Pro-9.local" name="testcases.DwonloadFileConcept" tests="1" failures="0" timestamp="21 Jun 2018 12:22:16 GMT" time="87.725" errors="0">
  <testcase name="downloanFileTest" time="87.725" classname="testcases.DwonloadFileConcept"/>
</testsuite> <!-- testcases.DwonloadFileConcept -->
