<?xml version="1.0" encoding="UTF-8"?>
<!-- Generated by org.testng.reporters.JUnitReportReporter -->
<testsuite skipped="0" hostname="Administrators-MacBook-Pro-9.local" name="TestNGSessions.FreeCrmTest" tests="2" failures="0" timestamp="24 Jul 2018 02:27:05 GMT" time="12.143" errors="0">
  <testcase name="freeCrmTitleTest" time="6.346" classname="TestNGSessions.FreeCrmTest"/>
  <testcase name="freeCrmLogoTest" time="5.797" classname="TestNGSessions.FreeCrmTest"/>
</testsuite> <!-- TestNGSessions.FreeCrmTest -->
