<?xml version="1.0" encoding="UTF-8"?>
<!-- Generated by org.testng.reporters.JUnitReportReporter -->
<testsuite skipped="1" hostname="Administrators-MacBook-Pro-9.local" name="TestNGSessions.TestNGBasics" tests="2" failures="0" timestamp="24 Jul 2018 02:10:14 GMT" time="7.428" errors="0">
  <testcase name="freeCrmTitleTest" time="7.428" classname="TestNGSessions.TestNGBasics"/>
  <testcase name="freeCrmLogoTest" classname="TestNGSessions.TestNGBasics">
    <skipped/>
  </testcase> <!-- freeCrmLogoTest -->
</testsuite> <!-- TestNGSessions.TestNGBasics -->
