<?xml version="1.0" encoding="UTF-8"?>
<!-- Generated by org.testng.reporters.JUnitReportReporter -->
<testsuite skipped="0" hostname="Administrators-MacBook-Pro-9.local" name="TestNGSessions.TestNGAnnotations" tests="3" failures="0" timestamp="23 Jul 2018 02:14:40 GMT" time="0.007" errors="0">
  <testcase name="homePageTitleTest" time="0.005" classname="TestNGSessions.TestNGAnnotations"/>
  <testcase name="homePageTabTest" time="0.001" classname="TestNGSessions.TestNGAnnotations"/>
  <testcase name="searchTest" time="0.001" classname="TestNGSessions.TestNGAnnotations"/>
</testsuite> <!-- TestNGSessions.TestNGAnnotations -->
