<?xml version="1.0" encoding="UTF-8"?>
<!-- Generated by org.testng.reporters.JUnitReportReporter -->
<testsuite skipped="0" hostname="Administrators-MacBook-Pro-9.local" name="TestNGSessions.TestNG_InvocationCount" tests="10" failures="0" timestamp="24 Jul 2018 02:12:41 GMT" time="0.017" errors="0">
  <testcase name="createDataTest" time="0.001" classname="TestNGSessions.TestNG_InvocationCount"/>
  <testcase name="createDataTest" time="0.007" classname="TestNGSessions.TestNG_InvocationCount"/>
  <testcase name="createDataTest" time="0.001" classname="TestNGSessions.TestNG_InvocationCount"/>
  <testcase name="createDataTest" time="0.001" classname="TestNGSessions.TestNG_InvocationCount"/>
  <testcase name="createDataTest" time="0.001" classname="TestNGSessions.TestNG_InvocationCount"/>
  <testcase name="createDataTest" time="0.001" classname="TestNGSessions.TestNG_InvocationCount"/>
  <testcase name="createDataTest" time="0.002" classname="TestNGSessions.TestNG_InvocationCount"/>
  <testcase name="createDataTest" time="0.001" classname="TestNGSessions.TestNG_InvocationCount"/>
  <testcase name="createDataTest" time="0.001" classname="TestNGSessions.TestNG_InvocationCount"/>
  <testcase name="createDataTest" time="0.001" classname="TestNGSessions.TestNG_InvocationCount"/>
</testsuite> <!-- TestNGSessions.TestNG_InvocationCount -->
