<?xml version="1.0" encoding="UTF-8"?>
<!-- Generated by org.testng.reporters.JUnitReportReporter -->
<testsuite skipped="0" hostname="Administrators-MacBook-Pro-9.local" name="TestNGSessions.GoogleTest" tests="1" failures="0" timestamp="24 Jul 2018 02:27:05 GMT" time="5.035" errors="0">
  <testcase name="googleTitleTest" time="5.035" classname="TestNGSessions.GoogleTest"/>
</testsuite> <!-- TestNGSessions.GoogleTest -->
