<?xml version="1.0" encoding="UTF-8"?>
<!-- Generated by org.testng.reporters.JUnitReportReporter -->
<testsuite hostname="HASSEN-HP" failures="0" tests="1" name="testCases.TwoTest" time="0.001" errors="0" timestamp="2022-08-15T20:11:55 EDT" skipped="0">
  <testcase classname="testCases.TwoTest" name="testTwo" time="0.001"/>
  <system-out/>
</testsuite> <!-- testCases.TwoTest -->
