<?xml version="1.0" encoding="UTF-8"?>
<!-- Generated by org.testng.reporters.JUnitReportReporter -->
<testsuite hostname="HASSEN-HP" failures="0" tests="3" name="testCases.LoginTest" time="90.330" errors="0" timestamp="2022-08-15T20:11:55 EDT" skipped="0">
  <testcase classname="testCases.LoginTest" name="login" time="28.943"/>
  <system-out/>
  <testcase classname="testCases.LoginTest" name="loginDataProvider" time="25.360"/>
  <system-out/>
  <testcase classname="testCases.LoginTest" name="loginDataProvider" time="36.027"/>
  <system-out/>
</testsuite> <!-- testCases.LoginTest -->
