<?xml version="1.0" encoding="UTF-8"?>
<!-- Generated by org.testng.reporters.JUnitReportReporter -->
<testsuite hostname="HASSEN-HP" failures="0" tests="1" name="testCases.FourTest" time="0.000" errors="0" timestamp="2022-08-15T20:11:55 EDT" skipped="0">
  <testcase classname="testCases.FourTest" name="testFour" time="0.000"/>
  <system-out/>
</testsuite> <!-- testCases.FourTest -->
