<?xml version="1.0" encoding="UTF-8"?>
<!-- Generated by org.testng.reporters.JUnitReportReporter -->
<testsuite hostname="Naveens-MacBook-Air.local" name="com.qa.ebay.test.EbayTest" tests="4" failures="0" timestamp="14 Mar 2017 11:26:26 GMT" time="52.803" errors="0">
  <testcase name="ebaySearch_LowerToHigherPriceTest" time="13.042" classname="com.qa.ebay.test.EbayTest"/>
  <testcase name="ebaySearch_HigherToLowerPriceTest" time="13.617" classname="com.qa.ebay.test.EbayTest"/>
  <testcase name="ebaySearch_LowerToHigherPriceTest" time="12.459" classname="com.qa.ebay.test.EbayTest"/>
  <testcase name="ebaySearch_HigherToLowerPriceTest" time="13.685" classname="com.qa.ebay.test.EbayTest"/>
</testsuite> <!-- com.qa.ebay.test.EbayTest -->
