<?xml version="1.0" encoding="UTF-8"?>
<!-- Generated by org.testng.reporters.JUnitReportReporter -->
<testsuite hostname="Naveens-MacBook-Air.local" name="EbayTest" tests="2" failures="0" timestamp="14 Mar 2017 09:47:01 GMT" time="45.516" errors="0">
  <testcase name="ebaySearch_HigherToLowerPriceTest" time="17.099" classname="EbayTest"/>
  <testcase name="ebaySearch_LowerToHigherPriceTest" time="28.417" classname="EbayTest"/>
</testsuite> <!-- EbayTest -->
