<?xml version="1.0" encoding="UTF-8"?>
<!-- Generated by org.testng.reporters.JUnitReportReporter -->
<testsuite hostname="DESKTOP-URFV0HQ" failures="0" tests="1" name="com.herokuapp.restfulbooker.CreateBookingTests" time="1.377" errors="0" timestamp="26 Feb 2020 01:46:39 GMT">
  <testcase classname="com.herokuapp.restfulbooker.CreateBookingTests" name="createBookingTest" time="1.377"/>
</testsuite> <!-- com.herokuapp.restfulbooker.CreateBookingTests -->
