<?xml version="1.0" encoding="UTF-8"?>
<!-- Generated by org.testng.reporters.JUnitReportReporter -->
<testsuite hostname="DESKTOP-GM23KH9" name="Calculator_Winium.Calculator_Winium.AppTest" tests="4" failures="0" timestamp="21 Jul 2019 14:56:41 GMT" time="23.436" errors="0">
  <testcase name="addition" time="8.983" classname="Calculator_Winium.Calculator_Winium.AppTest"/>
  <testcase name="mod" time="4.856" classname="Calculator_Winium.Calculator_Winium.AppTest"/>
  <testcase name="sqrt" time="4.847" classname="Calculator_Winium.Calculator_Winium.AppTest"/>
  <testcase name="division" time="4.750" classname="Calculator_Winium.Calculator_Winium.AppTest"/>
</testsuite> <!-- Calculator_Winium.Calculator_Winium.AppTest -->
