<?xml version="1.0" encoding="UTF-8"?>
<!-- Generated by org.testng.reporters.JUnitReportReporter -->
<testsuite skipped="0" hostname="Naveen-Mac.local" name="com.qa.hubspot.tests.ContactsPageTest" tests="4" failures="0" timestamp="26 Sep 2019 17:23:15 GMT" time="126.416" errors="0">
  <testcase name="createNewContactTest" time="31.236" classname="com.qa.hubspot.tests.ContactsPageTest"/>
  <testcase name="createNewContactTest" time="31.423" classname="com.qa.hubspot.tests.ContactsPageTest"/>
  <testcase name="createNewContactTest" time="31.381" classname="com.qa.hubspot.tests.ContactsPageTest"/>
  <testcase name="createNewContactTest" time="32.376" classname="com.qa.hubspot.tests.ContactsPageTest"/>
</testsuite> <!-- com.qa.hubspot.tests.ContactsPageTest -->
