<?xml version="1.0" encoding="UTF-8"?>
<!-- Generated by org.testng.reporters.JUnitReportReporter -->
<testsuite hostname="RajKawale7" failures="0" tests="2" name="bridgelabz.TestNG.Annotations.MultipleBrowser" time="6.761" errors="0" timestamp="2022-10-02T16:34:42 IST" skipped="0">
  <testcase classname="bridgelabz.TestNG.Annotations.MultipleBrowser" name="LauchBrowser" time="3.338"/>
  <system-out/>
  <testcase classname="bridgelabz.TestNG.Annotations.MultipleBrowser" name="LauchBrowser" time="3.423"/>
  <system-out/>
</testsuite> <!-- bridgelabz.TestNG.Annotations.MultipleBrowser -->
