<?xml version="1.0" encoding="UTF-8"?>
<!-- Generated by org.testng.reporters.JUnitReportReporter -->
<testsuite hostname="RajKawale7" failures="0" tests="3" name="com.TestNG.DataProvider.Multiple_DataProvider_Test" time="0.000" errors="0" timestamp="2022-10-11T09:44:57 IST" skipped="3">
  <testcase classname="com.TestNG.DataProvider.Multiple_DataProvider_Test" name="EmpDetails" time="0.000">
    <skipped/>
  </testcase> <!-- EmpDetails -->
  <system-out/>
  <testcase classname="com.TestNG.DataProvider.Multiple_DataProvider_Test" name="enterUserData" time="0.000">
    <skipped/>
  </testcase> <!-- enterUserData -->
  <system-out/>
  <testcase classname="com.TestNG.DataProvider.Multiple_DataProvider_Test" name="validateHomePage" time="0.000">
    <skipped/>
  </testcase> <!-- validateHomePage -->
  <system-out/>
</testsuite> <!-- com.TestNG.DataProvider.Multiple_DataProvider_Test -->
