<?xml version="1.0" encoding="UTF-8"?>
<!-- Generated by org.testng.reporters.JUnitReportReporter -->
<testsuite hostname="RajKawale7" failures="0" tests="1" name="bridgelabz.TestNG.Annotations.SecondProgram" time="10.144" errors="0" timestamp="2022-09-30T15:24:18 IST" skipped="0">
  <testcase classname="bridgelabz.TestNG.Annotations.SecondProgram" name="lauchBrowser" time="10.144"/>
  <system-out/>
</testsuite> <!-- bridgelabz.TestNG.Annotations.SecondProgram -->
