<?xml version="1.0" encoding="UTF-8"?>
<!-- Generated by org.testng.reporters.JUnitReportReporter -->
<testsuite hostname="RajKawale7" failures="0" tests="1" name="bridgelabz.TestNG.TestNGFiles" time="2.712" errors="0" timestamp="2022-09-29T15:30:39 IST" skipped="0">
  <testcase classname="bridgelabz.TestNG.TestNGFiles" name="register" time="2.712"/>
  <system-out/>
</testsuite> <!-- bridgelabz.TestNG.TestNGFiles -->
