<?xml version="1.0" encoding="UTF-8"?>
<!-- Generated by org.testng.reporters.JUnitReportReporter -->
<testsuite hostname="RajKawale7" failures="0" tests="1" name="com.TestNG.DataProvider.DataProviderWithExcel" time="0.000" errors="0" timestamp="2022-10-11T17:25:26 IST" skipped="1">
  <testcase classname="com.TestNG.DataProvider.DataProviderWithExcel" name="searchKeyword" time="0.000">
    <skipped/>
  </testcase> <!-- searchKeyword -->
  <system-out/>
</testsuite> <!-- com.TestNG.DataProvider.DataProviderWithExcel -->
