<?xml version="1.0" encoding="UTF-8"?>
<!-- Generated by org.testng.reporters.JUnitReportReporter -->
<testsuite hostname="RajKawale7" failures="0" tests="3" name="bridgelabz.TestNG.Annotations.Multiple_DataProvider_Test" time="0.000" errors="0" timestamp="2022-10-02T23:47:42 IST" skipped="3">
  <testcase classname="bridgelabz.TestNG.Annotations.Multiple_DataProvider_Test" name="EmpDetails" time="0.000">
    <skipped/>
  </testcase> <!-- EmpDetails -->
  <system-out/>
  <testcase classname="bridgelabz.TestNG.Annotations.Multiple_DataProvider_Test" name="enterUserData" time="0.000">
    <skipped/>
  </testcase> <!-- enterUserData -->
  <system-out/>
  <testcase classname="bridgelabz.TestNG.Annotations.Multiple_DataProvider_Test" name="validateHomePage" time="0.000">
    <skipped/>
  </testcase> <!-- validateHomePage -->
  <system-out/>
</testsuite> <!-- bridgelabz.TestNG.Annotations.Multiple_DataProvider_Test -->
