<?xml version="1.0" encoding="UTF-8"?>
<!-- Generated by org.testng.reporters.JUnitReportReporter -->
<testsuite hostname="RajKawale7" failures="0" tests="2" name="bridgelabz.TestNG.Annotations.Priority_annotations" time="0.009" errors="0" timestamp="2022-09-30T22:29:04 IST" skipped="0">
  <testcase classname="bridgelabz.TestNG.Annotations.Priority_annotations" name="a_method" time="0.008"/>
  <system-out/>
  <testcase classname="bridgelabz.TestNG.Annotations.Priority_annotations" name="a_method" time="0.001"/>
  <system-out/>
</testsuite> <!-- bridgelabz.TestNG.Annotations.Priority_annotations -->
