<?xml version="1.0" encoding="UTF-8"?>
<!-- Generated by org.testng.reporters.JUnitReportReporter -->
<testsuite hostname="RajKawale7" failures="0" tests="3" name="com.TestNG.DataProvider.DataProvider_Test" time="0.008" errors="0" timestamp="2022-10-11T09:33:23 IST" skipped="0">
  <testcase classname="com.TestNG.DataProvider.DataProvider_Test" name="DataBank" time="0.006"/>
  <system-out/>
  <testcase classname="com.TestNG.DataProvider.DataProvider_Test" name="DataBank" time="0.001"/>
  <system-out/>
  <testcase classname="com.TestNG.DataProvider.DataProvider_Test" name="DataBank" time="0.001"/>
  <system-out/>
</testsuite> <!-- com.TestNG.DataProvider.DataProvider_Test -->
