<?xml version="1.0" encoding="UTF-8"?>
<!-- Generated by org.testng.reporters.JUnitReportReporter -->
<testsuite hostname="RajKawale7" failures="0" tests="1" name="bridgelabz.TestNG.FirstProgram" time="2.571" errors="0" timestamp="2022-09-29T15:32:45 IST" skipped="0">
  <testcase classname="bridgelabz.TestNG.FirstProgram" name="register" time="2.571"/>
  <system-out/>
</testsuite> <!-- bridgelabz.TestNG.FirstProgram -->
