<?xml version="1.0" encoding="UTF-8"?>
<!-- Generated by org.testng.reporters.JUnitReportReporter -->
<testsuite hostname="RajKawale7" failures="0" tests="6" name="bridgelabz.TestNG.Annotations.CyclicDependency" time="0.012" errors="0" timestamp="2022-10-01T22:10:33 IST" skipped="0">
  <testcase classname="bridgelabz.TestNG.Annotations.CyclicDependency" name="createProduct" time="0.001"/>
  <system-out>
    <![CDATA[createProduct]]>
  </system-out>
  <testcase classname="bridgelabz.TestNG.Annotations.CyclicDependency" name="CreateUser" time="0.007"/>
  <system-out>
    <![CDATA[CreateUser]]>
  </system-out>
  <testcase classname="bridgelabz.TestNG.Annotations.CyclicDependency" name="editUser" time="0.002"/>
  <system-out>
    <![CDATA[editUser]]>
  </system-out>
  <testcase classname="bridgelabz.TestNG.Annotations.CyclicDependency" name="editProduct" time="0.001"/>
  <system-out>
    <![CDATA[editProduct]]>
  </system-out>
  <testcase classname="bridgelabz.TestNG.Annotations.CyclicDependency" name="deleteUser" time="0.000"/>
  <system-out>
    <![CDATA[deleteUser]]>
  </system-out>
  <testcase classname="bridgelabz.TestNG.Annotations.CyclicDependency" name="deleteProduct" time="0.001"/>
  <system-out>
    <![CDATA[deleteProduct]]>
  </system-out>
</testsuite> <!-- bridgelabz.TestNG.Annotations.CyclicDependency -->
