<?xml version="1.0" encoding="UTF-8"?>
<!-- Generated by org.testng.reporters.JUnitReportReporter -->
<testsuite hostname="RajKawale7" failures="0" tests="1" name="com.parameterization.testngXML.Parameterization_testNgXml" time="18.862" errors="0" timestamp="2022-10-03T00:36:13 IST" skipped="0">
  <testcase classname="com.parameterization.testngXML.Parameterization_testNgXml" name="LinkedIn" time="18.862"/>
  <system-out/>
</testsuite> <!-- com.parameterization.testngXML.Parameterization_testNgXml -->
