<?xml version="1.0" encoding="UTF-8"?>
<!-- Generated by org.testng.reporters.JUnitReportReporter -->
<testsuite hostname="RajKawale7" failures="0" tests="3" name="bridgelabz.TestNG.Annotations.DataProvider_Test" time="0.006" errors="0" timestamp="2022-10-02T20:52:40 IST" skipped="0">
  <testcase classname="bridgelabz.TestNG.Annotations.DataProvider_Test" name="DataBank" time="0.004"/>
  <system-out/>
  <testcase classname="bridgelabz.TestNG.Annotations.DataProvider_Test" name="DataBank" time="0.001"/>
  <system-out/>
  <testcase classname="bridgelabz.TestNG.Annotations.DataProvider_Test" name="DataBank" time="0.001"/>
  <system-out/>
</testsuite> <!-- bridgelabz.TestNG.Annotations.DataProvider_Test -->
