<?xml version="1.0" encoding="UTF-8"?>
<!-- Generated by org.testng.reporters.JUnitReportReporter -->
<testsuite hostname="RajKawale7" failures="0" tests="4" name="bridgelabz.TestNG.Annotations.Group_Concepts" time="0.010" errors="0" timestamp="2022-10-03T22:24:16 IST" skipped="0">
  <testcase classname="bridgelabz.TestNG.Annotations.Group_Concepts" name="test_Case5" time="0.002"/>
  <system-out/>
  <testcase classname="bridgelabz.TestNG.Annotations.Group_Concepts" name="test_Case2" time="0.006"/>
  <system-out/>
  <testcase classname="bridgelabz.TestNG.Annotations.Group_Concepts" name="test_Case3" time="0.002"/>
  <system-out/>
  <testcase classname="bridgelabz.TestNG.Annotations.Group_Concepts" name="test_Case4" time="0.000"/>
  <system-out/>
</testsuite> <!-- bridgelabz.TestNG.Annotations.Group_Concepts -->
