<?xml version="1.0" encoding="UTF-8"?>
<!-- Generated by org.testng.reporters.JUnitReportReporter -->
<testsuite skipped="0" hostname="Naveen-Mac.local" name="com.tests.SignUpTest" tests="2" failures="0" timestamp="03 Mar 2020 03:47:42 GMT" time="7.994" errors="0">
  <testcase name="verifyCreateAccountTest" time="7.342" classname="com.tests.SignUpTest"/>
  <testcase name="verifyAccountNameTest" time="0.652" classname="com.tests.SignUpTest"/>
</testsuite> <!-- com.tests.SignUpTest -->
