<?xml version="1.0" encoding="UTF-8"?>
<!-- Generated by org.testng.reporters.JUnitReportReporter -->
<testsuite skipped="2" hostname="Naveen-Mac.local" name="TestNGSessions.LoginTestWithAllAnnotations" tests="3" failures="0" timestamp="05 Mar 2020 05:34:50 GMT" time="8.454" errors="0">
  <testcase name="signUpLinkTest" time="8.454" classname="TestNGSessions.LoginTestWithAllAnnotations"/>
  <testcase name="pageTitleTest" classname="TestNGSessions.LoginTestWithAllAnnotations">
    <skipped/>
  </testcase> <!-- pageTitleTest -->
  <testcase name="loginTest" classname="TestNGSessions.LoginTestWithAllAnnotations">
    <skipped/>
  </testcase> <!-- loginTest -->
</testsuite> <!-- TestNGSessions.LoginTestWithAllAnnotations -->
