<?xml version="1.0" encoding="UTF-8"?>
<!-- Generated by org.testng.reporters.JUnitReportReporter -->
<testsuite skipped="0" hostname="Naveen-Mac.local" name="TestNGSessions.RandomOrderTest" tests="2" failures="0" timestamp="18 Mar 2020 03:49:12 GMT" time="0.024" errors="0">
  <testcase name="Test1" time="0.023" classname="TestNGSessions.RandomOrderTest"/>
  <testcase name="Test4" time="0.001" classname="TestNGSessions.RandomOrderTest"/>
</testsuite> <!-- TestNGSessions.RandomOrderTest -->
