<?xml version="1.0" encoding="UTF-8"?>
<!-- Generated by org.testng.reporters.JUnitReportReporter -->
<testsuite skipped="0" hostname="Naveen-Mac.local" name="TestNGSessions.PriorityTest" tests="5" failures="0" timestamp="04 Mar 2020 06:25:52 GMT" time="0.011" errors="0">
  <testcase name="test2" time="0.008" classname="TestNGSessions.PriorityTest"/>
  <testcase name="test3" time="0.001" classname="TestNGSessions.PriorityTest"/>
  <testcase name="test4" time="0.001" classname="TestNGSessions.PriorityTest"/>
  <testcase name="test5" time="0.000" classname="TestNGSessions.PriorityTest"/>
  <testcase name="test1" time="0.001" classname="TestNGSessions.PriorityTest"/>
</testsuite> <!-- TestNGSessions.PriorityTest -->
