<?xml version="1.0" encoding="UTF-8"?>
<!-- Generated by org.testng.reporters.JUnitReportReporter -->
<testsuite skipped="0" hostname="Naveen-Mac.local" name="TestNGSessions.ExpectedExceptionConcept" tests="1" failures="0" timestamp="02 Mar 2020 03:39:52 GMT" time="0.003" errors="0">
  <testcase name="loginTest" time="0.003" classname="TestNGSessions.ExpectedExceptionConcept"/>
</testsuite> <!-- TestNGSessions.ExpectedExceptionConcept -->
