<?xml version="1.0" encoding="UTF-8"?>
<!-- Generated by org.testng.reporters.JUnitReportReporter -->
<testsuite skipped="2" hostname="Naveen-Mac.local" name="TestNGSessions.LoginTest" tests="3" failures="0" timestamp="02 Mar 2020 02:48:40 GMT" time="8.569" errors="0">
  <testcase name="signUpLinkTest" time="8.569" classname="TestNGSessions.LoginTest"/>
  <testcase name="pageTitleTest" classname="TestNGSessions.LoginTest">
    <skipped/>
  </testcase> <!-- pageTitleTest -->
  <testcase name="loginTest" classname="TestNGSessions.LoginTest">
    <skipped/>
  </testcase> <!-- loginTest -->
</testsuite> <!-- TestNGSessions.LoginTest -->
