<?xml version="1.0" encoding="UTF-8"?>
<!-- Generated by org.testng.reporters.JUnitReportReporter -->
<testsuite skipped="0" hostname="Naveen-Mac.local" name="TestNGSessions.InvocationCountConcept" tests="10" failures="0" timestamp="02 Mar 2020 03:33:28 GMT" time="0.018" errors="0">
  <testcase name="CreateUser" time="0.001" classname="TestNGSessions.InvocationCountConcept"/>
  <testcase name="CreateUser" time="0.002" classname="TestNGSessions.InvocationCountConcept"/>
  <testcase name="CreateUser" time="0.000" classname="TestNGSessions.InvocationCountConcept"/>
  <testcase name="CreateUser" time="0.003" classname="TestNGSessions.InvocationCountConcept"/>
  <testcase name="CreateUser" time="0.001" classname="TestNGSessions.InvocationCountConcept"/>
  <testcase name="CreateUser" time="0.006" classname="TestNGSessions.InvocationCountConcept"/>
  <testcase name="CreateUser" time="0.001" classname="TestNGSessions.InvocationCountConcept"/>
  <testcase name="CreateUser" time="0.001" classname="TestNGSessions.InvocationCountConcept"/>
  <testcase name="CreateUser" time="0.002" classname="TestNGSessions.InvocationCountConcept"/>
  <testcase name="CreateUser" time="0.001" classname="TestNGSessions.InvocationCountConcept"/>
</testsuite> <!-- TestNGSessions.InvocationCountConcept -->
