<?xml version="1.0" encoding="UTF-8"?>
<!-- Generated by org.testng.reporters.JUnitReportReporter -->
<testsuite skipped="0" hostname="Naveen-Mac.local" name="com.tests.LoginTest" tests="3" failures="0" timestamp="03 Mar 2020 03:47:37 GMT" time="9.265" errors="0">
  <testcase name="signUpLinkTest" time="4.470" classname="com.tests.LoginTest"/>
  <testcase name="pageTitleTest" time="0.009" classname="com.tests.LoginTest"/>
  <testcase name="loginTest" time="4.786" classname="com.tests.LoginTest"/>
</testsuite> <!-- com.tests.LoginTest -->
