<?xml version="1.0" encoding="UTF-8"?>
<!-- Generated by org.testng.reporters.JUnitReportReporter -->
<testsuite skipped="0" hostname="DESKTOP-6QB07EQ" name="com.crm.qa.testcases.LoginPageTest" tests="3" failures="0" timestamp="29 Sep 2018 14:05:00 GMT" time="70.696" errors="0">
  <testcase name="loginPageTitle" time="11.475" classname="com.crm.qa.testcases.LoginPageTest"/>
  <testcase name="crmLogoImageTest" time="23.549" classname="com.crm.qa.testcases.LoginPageTest"/>
  <testcase name="loginTest" time="35.672" classname="com.crm.qa.testcases.LoginPageTest"/>
</testsuite> <!-- com.crm.qa.testcases.LoginPageTest -->
