<?xml version="1.0" encoding="UTF-8"?>
<!-- Generated by org.testng.reporters.JUnitReportReporter -->
<testsuite hostname="SaurabhM-m2" failures="0" tests="4" name="TestAutothon17.TestCase" time="0.004" errors="0" timestamp="12 Jun 2018 13:50:16 GMT">
  <testcase classname="TestAutothon17.TestCase" name="testThread" time="0.001"/>
  <testcase classname="TestAutothon17.TestCase" name="testThread" time="0.001"/>
  <testcase classname="TestAutothon17.TestCase" name="testThread" time="0.001"/>
  <testcase classname="TestAutothon17.TestCase" name="testThread" time="0.001"/>
</testsuite> <!-- TestAutothon17.TestCase -->
