<?xml version="1.0" encoding="UTF-8"?>
<!-- Generated by org.testng.reporters.JUnitReportReporter -->
<testsuite hostname="SaurabhM-m2" failures="0" tests="4" name="TestAutothon17.InitFactory" time="0.006" errors="0" timestamp="22 Jun 2018 06:41:28 GMT">
  <testcase classname="TestAutothon17.InitFactory" name="test" time="0.000"/>
  <testcase classname="TestAutothon17.InitFactory" name="test" time="0.004"/>
  <testcase classname="TestAutothon17.InitFactory" name="test" time="0.001"/>
  <testcase classname="TestAutothon17.InitFactory" name="test" time="0.001"/>
</testsuite> <!-- TestAutothon17.InitFactory -->
