<?xml version="1.0" encoding="UTF-8"?>
<!-- Generated by org.testng.reporters.JUnitReportReporter -->
<testsuite hostname="SaurabhM-m2" failures="0" tests="2" name="TestNG.TestNG.App" time="0.013" errors="0" timestamp="26 May 2018 16:49:12 GMT">
  <testcase classname="TestNG.TestNG.App" name="testMethod" time="0.001"/>
  <testcase classname="TestNG.TestNG.App" name="testMethod" time="0.012"/>
</testsuite> <!-- TestNG.TestNG.App -->
