<?xml version="1.0" encoding="UTF-8"?>
<!-- Generated by org.testng.reporters.JUnitReportReporter -->
<testsuite hostname="SaurabhM-m2" failures="0" tests="6" name="dataproviderandFactory.SampleTestClass" time="0.005" errors="0" timestamp="10 Jun 2018 15:07:36 GMT">
  <testcase classname="dataproviderandFactory.SampleTestClass" name="Test" time="0.001"/>
  <testcase classname="dataproviderandFactory.SampleTestClass" name="Test" time="0.001"/>
  <testcase classname="dataproviderandFactory.SampleTestClass" name="Test" time="0.001"/>
  <testcase classname="dataproviderandFactory.SampleTestClass" name="Test" time="0.001"/>
  <testcase classname="dataproviderandFactory.SampleTestClass" name="Test" time="0.000"/>
  <testcase classname="dataproviderandFactory.SampleTestClass" name="Test" time="0.001"/>
</testsuite> <!-- dataproviderandFactory.SampleTestClass -->
