<?xml version="1.0" encoding="UTF-8"?>
<!-- Generated by org.testng.reporters.JUnitReportReporter -->
<testsuite hostname="MacBook-Pro-5.cvent.net" failures="0" tests="3" name="TestNG.TestNG.Class1" time="0.014" errors="0" timestamp="23 Feb 2018 09:24:15 GMT">
  <testcase classname="TestNG.TestNG.Class1" name="testMethod2" time="0.001"/>
  <testcase classname="TestNG.TestNG.Class1" name="testMethod3" time="0.009"/>
  <testcase classname="TestNG.TestNG.Class1" name="testMethod1" time="0.004"/>
</testsuite> <!-- TestNG.TestNG.Class1 -->
