<?xml version="1.0" encoding="UTF-8"?>
<!-- Generated by org.testng.reporters.JUnitReportReporter -->
<testsuite hostname="SaurabhM-m2" failures="0" tests="1" name="dataproviderandFactory.testFactory" time="0.005" errors="0" timestamp="10 Jun 2018 15:07:36 GMT">
  <testcase classname="dataproviderandFactory.testFactory" name="test" time="0.005"/>
</testsuite> <!-- dataproviderandFactory.testFactory -->
