<?xml version="1.0" encoding="UTF-8"?>
<!-- Generated by org.testng.reporters.JUnitReportReporter -->
<testsuite hostname="MacBook-Pro-5.cvent.net" failures="0" tests="3" name="TestNG.TestNG.Class2" time="0.009" errors="0" timestamp="23 Feb 2018 09:05:45 GMT">
  <testcase classname="TestNG.TestNG.Class2" name="testMethod3" time="0.007"/>
  <testcase classname="TestNG.TestNG.Class2" name="testMethod2" time="0.001"/>
  <testcase classname="TestNG.TestNG.Class2" name="testMethod1" time="0.001"/>
</testsuite> <!-- TestNG.TestNG.Class2 -->
