<?xml version="1.0" encoding="UTF-8"?>
<!-- Generated by org.testng.reporters.JUnitReportReporter -->
<testsuite hostname="SaurabhM-m2" failures="0" tests="1" name="TestNG.TestNG.ExpectedException" time="0.008" errors="0" timestamp="10 Jun 2018 15:17:53 GMT">
  <testcase classname="TestNG.TestNG.ExpectedException" name="exceptionTestOne" time="0.008"/>
</testsuite> <!-- TestNG.TestNG.ExpectedException -->
