<?xml version="1.0" encoding="UTF-8"?>
<!-- Generated by org.testng.reporters.JUnitReportReporter -->
<testsuite hostname="SaurabhM-m2" failures="0" tests="8" name="TestAutothon17.TestCaseWithFactory" time="2.230" errors="0" timestamp="13 Jun 2018 10:31:50 GMT">
  <testcase classname="TestAutothon17.TestCaseWithFactory" name="testThread" time="0.209"/>
  <testcase classname="TestAutothon17.TestCaseWithFactory" name="testThread" time="0.438"/>
  <testcase classname="TestAutothon17.TestCaseWithFactory" name="testThread" time="0.313"/>
  <testcase classname="TestAutothon17.TestCaseWithFactory" name="testThread" time="0.112"/>
  <testcase classname="TestAutothon17.TestCaseWithFactory" name="testThread" time="0.248"/>
  <testcase classname="TestAutothon17.TestCaseWithFactory" name="testThread" time="0.273"/>
  <testcase classname="TestAutothon17.TestCaseWithFactory" name="testThread" time="0.299"/>
  <testcase classname="TestAutothon17.TestCaseWithFactory" name="testThread" time="0.338"/>
</testsuite> <!-- TestAutothon17.TestCaseWithFactory -->
