<?xml version="1.0" encoding="UTF-8"?>
<!-- Generated by org.testng.reporters.JUnitReportReporter -->
<testsuite hostname="Dee-PC" failures="0" tests="1" name="com.herokuapp.theinternet.dropdowntests.DropdownTest" time="10.954" errors="0" timestamp="29 Sep 2018 13:29:03 GMT" skipped="0">
  <testcase classname="com.herokuapp.theinternet.dropdowntests.DropdownTest" name="optionTwoTest" time="10.954"/>
</testsuite> <!-- com.herokuapp.theinternet.dropdowntests.DropdownTest -->
