<?xml version="1.0" encoding="UTF-8"?>
<!-- Generated by org.testng.reporters.JUnitReportReporter -->
<testsuite hostname="abhi-PC" name="com.seleniumPOM.testcases.LoginTest" tests="1" failures="0" timestamp="17 Nov 2019 09:05:17 GMT" time="17.119" errors="0">
  <testcase name="getLogin" time="17.119" classname="com.seleniumPOM.testcases.LoginTest"/>
</testsuite> <!-- com.seleniumPOM.testcases.LoginTest -->
