<?xml version="1.0" encoding="UTF-8"?>
<testsuite xmlns:xsi="http://www.w3.org/2001/XMLSchema-instance" xsi:noNamespaceSchemaLocation="https://maven.apache.org/surefire/maven-surefire-plugin/xsd/surefire-test-report.xsd" name="TestSuite" time="32.415" tests="1" errors="0" skipped="0" failures="0">
  <properties>
    <property name="gopherProxySet" value="false"/>
    <property name="awt.toolkit" value="sun.lwawt.macosx.LWCToolkit"/>
    <property name="file.encoding.pkg" value="sun.io"/>
    <property name="java.specification.version" value="1.8"/>
    <property name="sun.cpu.isalist" value=""/>
    <property name="sun.jnu.encoding" value="UTF-8"/>
    <property name="java.class.path" value="/Users/NaveenKhunteta/Documents/workspace/CucumberTestNG/target/test-classes:/Users/NaveenKhunteta/Documents/workspace/CucumberTestNG/target/classes:/Users/NaveenKhunteta/.m2/repository/org/testng/testng/6.14.3/testng-6.14.3.jar:/Users/NaveenKhunteta/.m2/repository/com/beust/jcommander/1.72/jcommander-1.72.jar:/Users/NaveenKhunteta/.m2/repository/org/apache-extras/beanshell/bsh/2.0b6/bsh-2.0b6.jar:/Users/NaveenKhunteta/.m2/repository/org/seleniumhq/selenium/selenium-java/3.11.0/selenium-java-3.11.0.jar:/Users/NaveenKhunteta/.m2/repository/org/seleniumhq/selenium/selenium-api/3.11.0/selenium-api-3.11.0.jar:/Users/NaveenKhunteta/.m2/repository/org/seleniumhq/selenium/selenium-chrome-driver/3.11.0/selenium-chrome-driver-3.11.0.jar:/Users/NaveenKhunteta/.m2/repository/org/seleniumhq/selenium/selenium-edge-driver/3.11.0/selenium-edge-driver-3.11.0.jar:/Users/NaveenKhunteta/.m2/repository/org/seleniumhq/selenium/selenium-firefox-driver/3.11.0/selenium-firefox-driver-3.11.0.jar:/Users/NaveenKhunteta/.m2/repository/org/seleniumhq/selenium/selenium-ie-driver/3.11.0/selenium-ie-driver-3.11.0.jar:/Users/NaveenKhunteta/.m2/repository/org/seleniumhq/selenium/selenium-opera-driver/3.11.0/selenium-opera-driver-3.11.0.jar:/Users/NaveenKhunteta/.m2/repository/org/seleniumhq/selenium/selenium-remote-driver/3.11.0/selenium-remote-driver-3.11.0.jar:/Users/NaveenKhunteta/.m2/repository/org/seleniumhq/selenium/selenium-safari-driver/3.11.0/selenium-safari-driver-3.11.0.jar:/Users/NaveenKhunteta/.m2/repository/org/seleniumhq/selenium/selenium-support/3.11.0/selenium-support-3.11.0.jar:/Users/NaveenKhunteta/.m2/repository/net/bytebuddy/byte-buddy/1.7.9/byte-buddy-1.7.9.jar:/Users/NaveenKhunteta/.m2/repository/org/apache/commons/commons-exec/1.3/commons-exec-1.3.jar:/Users/NaveenKhunteta/.m2/repository/commons-codec/commons-codec/1.10/commons-codec-1.10.jar:/Users/NaveenKhunteta/.m2/repository/commons-logging/commons-logging/1.2/commons-logging-1.2.jar:/Users/NaveenKhunteta/.m2/repository/com/google/code/gson/gson/2.8.2/gson-2.8.2.jar:/Users/NaveenKhunteta/.m2/repository/com/google/guava/guava/23.6-jre/guava-23.6-jre.jar:/Users/NaveenKhunteta/.m2/repository/com/google/code/findbugs/jsr305/1.3.9/jsr305-1.3.9.jar:/Users/NaveenKhunteta/.m2/repository/org/checkerframework/checker-compat-qual/2.0.0/checker-compat-qual-2.0.0.jar:/Users/NaveenKhunteta/.m2/repository/com/google/errorprone/error_prone_annotations/2.1.3/error_prone_annotations-2.1.3.jar:/Users/NaveenKhunteta/.m2/repository/com/google/j2objc/j2objc-annotations/1.1/j2objc-annotations-1.1.jar:/Users/NaveenKhunteta/.m2/repository/org/codehaus/mojo/animal-sniffer-annotations/1.14/animal-sniffer-annotations-1.14.jar:/Users/NaveenKhunteta/.m2/repository/org/apache/httpcomponents/httpclient/4.5.3/httpclient-4.5.3.jar:/Users/NaveenKhunteta/.m2/repository/org/apache/httpcomponents/httpcore/4.4.6/httpcore-4.4.6.jar:/Users/NaveenKhunteta/.m2/repository/com/squareup/okhttp3/okhttp/3.9.1/okhttp-3.9.1.jar:/Users/NaveenKhunteta/.m2/repository/com/squareup/okio/okio/1.13.0/okio-1.13.0.jar:/Users/NaveenKhunteta/.m2/repository/info/cukes/cucumber-java/1.2.5/cucumber-java-1.2.5.jar:/Users/NaveenKhunteta/.m2/repository/info/cukes/cucumber-core/1.2.5/cucumber-core-1.2.5.jar:/Users/NaveenKhunteta/.m2/repository/info/cukes/cucumber-html/0.2.3/cucumber-html-0.2.3.jar:/Users/NaveenKhunteta/.m2/repository/info/cukes/gherkin/2.12.2/gherkin-2.12.2.jar:/Users/NaveenKhunteta/.m2/repository/info/cukes/cucumber-jvm-deps/1.0.5/cucumber-jvm-deps-1.0.5.jar:/Users/NaveenKhunteta/.m2/repository/info/cukes/cucumber-testng/1.2.5/cucumber-testng-1.2.5.jar:/Users/NaveenKhunteta/.m2/repository/net/masterthought/cucumber-reporting/3.8.0/cucumber-reporting-3.8.0.jar:/Users/NaveenKhunteta/.m2/repository/org/apache/logging/log4j/log4j-api/2.6/log4j-api-2.6.jar:/Users/NaveenKhunteta/.m2/repository/org/apache/logging/log4j/log4j-core/2.6/log4j-core-2.6.jar:/Users/NaveenKhunteta/.m2/repository/com/fasterxml/jackson/core/jackson-databind/2.8.5/jackson-databind-2.8.5.jar:/Users/NaveenKhunteta/.m2/repository/com/fasterxml/jackson/core/jackson-annotations/2.8.0/jackson-annotations-2.8.0.jar:/Users/NaveenKhunteta/.m2/repository/com/fasterxml/jackson/core/jackson-core/2.8.5/jackson-core-2.8.5.jar:/Users/NaveenKhunteta/.m2/repository/org/apache/velocity/velocity/1.7/velocity-1.7.jar:/Users/NaveenKhunteta/.m2/repository/commons-collections/commons-collections/3.2.1/commons-collections-3.2.1.jar:/Users/NaveenKhunteta/.m2/repository/commons-lang/commons-lang/2.4/commons-lang-2.4.jar:/Users/NaveenKhunteta/.m2/repository/velocity-tools/velocity-tools/1.4/velocity-tools-1.4.jar:/Users/NaveenKhunteta/.m2/repository/joda-time/joda-time/2.9.6/joda-time-2.9.6.jar:/Users/NaveenKhunteta/.m2/repository/org/apache/commons/commons-lang3/3.5/commons-lang3-3.5.jar:/Users/NaveenKhunteta/.m2/repository/commons-io/commons-io/2.5/commons-io-2.5.jar:/Users/NaveenKhunteta/.m2/repository/net/lingala/zip4j/zip4j/1.3.2/zip4j-1.3.2.jar:/Users/NaveenKhunteta/.m2/repository/org/codehaus/plexus/plexus-utils/3.0.24/plexus-utils-3.0.24.jar:/Users/NaveenKhunteta/.m2/repository/org/jsoup/jsoup/1.10.1/jsoup-1.10.1.jar:/Users/NaveenKhunteta/.m2/repository/com/googlecode/owasp-java-html-sanitizer/owasp-java-html-sanitizer/20160924.1/owasp-java-html-sanitizer-20160924.1.jar:/Users/NaveenKhunteta/.m2/repository/org/apache/maven/surefire/surefire-testng-utils/2.21.0/surefire-testng-utils-2.21.0.jar:/Users/NaveenKhunteta/.m2/repository/org/apache/maven/surefire/surefire-grouper/2.21.0/surefire-grouper-2.21.0.jar:"/>
    <property name="java.vm.vendor" value="Oracle Corporation"/>
    <property name="sun.arch.data.model" value="64"/>
    <property name="java.vendor.url" value="http://java.oracle.com/"/>
    <property name="user.timezone" value=""/>
    <property name="user.country.format" value="IN"/>
    <property name="java.vm.specification.version" value="1.8"/>
    <property name="os.name" value="Mac OS X"/>
    <property name="user.country" value="US"/>
    <property name="sun.java.launcher" value="SUN_STANDARD"/>
    <property name="sun.boot.library.path" value="/Library/Java/JavaVirtualMachines/jdk1.8.0_144.jdk/Contents/Home/jre/lib"/>
    <property name="sun.java.command" value="/Users/NaveenKhunteta/Documents/workspace/CucumberTestNG/target/surefire/surefirebooter5648432285344951497.jar /Users/NaveenKhunteta/Documents/workspace/CucumberTestNG/target/surefire 2018-04-12T00-53-47_525-jvmRun1 surefire6841642538629431506tmp surefire_03743151228870665227tmp"/>
    <property name="http.nonProxyHosts" value="local|*.local|169.254/16|*.169.254/16"/>
    <property name="surefire.test.class.path" value="/Users/NaveenKhunteta/Documents/workspace/CucumberTestNG/target/test-classes:/Users/NaveenKhunteta/Documents/workspace/CucumberTestNG/target/classes:/Users/NaveenKhunteta/.m2/repository/org/testng/testng/6.14.3/testng-6.14.3.jar:/Users/NaveenKhunteta/.m2/repository/com/beust/jcommander/1.72/jcommander-1.72.jar:/Users/NaveenKhunteta/.m2/repository/org/apache-extras/beanshell/bsh/2.0b6/bsh-2.0b6.jar:/Users/NaveenKhunteta/.m2/repository/org/seleniumhq/selenium/selenium-java/3.11.0/selenium-java-3.11.0.jar:/Users/NaveenKhunteta/.m2/repository/org/seleniumhq/selenium/selenium-api/3.11.0/selenium-api-3.11.0.jar:/Users/NaveenKhunteta/.m2/repository/org/seleniumhq/selenium/selenium-chrome-driver/3.11.0/selenium-chrome-driver-3.11.0.jar:/Users/NaveenKhunteta/.m2/repository/org/seleniumhq/selenium/selenium-edge-driver/3.11.0/selenium-edge-driver-3.11.0.jar:/Users/NaveenKhunteta/.m2/repository/org/seleniumhq/selenium/selenium-firefox-driver/3.11.0/selenium-firefox-driver-3.11.0.jar:/Users/NaveenKhunteta/.m2/repository/org/seleniumhq/selenium/selenium-ie-driver/3.11.0/selenium-ie-driver-3.11.0.jar:/Users/NaveenKhunteta/.m2/repository/org/seleniumhq/selenium/selenium-opera-driver/3.11.0/selenium-opera-driver-3.11.0.jar:/Users/NaveenKhunteta/.m2/repository/org/seleniumhq/selenium/selenium-remote-driver/3.11.0/selenium-remote-driver-3.11.0.jar:/Users/NaveenKhunteta/.m2/repository/org/seleniumhq/selenium/selenium-safari-driver/3.11.0/selenium-safari-driver-3.11.0.jar:/Users/NaveenKhunteta/.m2/repository/org/seleniumhq/selenium/selenium-support/3.11.0/selenium-support-3.11.0.jar:/Users/NaveenKhunteta/.m2/repository/net/bytebuddy/byte-buddy/1.7.9/byte-buddy-1.7.9.jar:/Users/NaveenKhunteta/.m2/repository/org/apache/commons/commons-exec/1.3/commons-exec-1.3.jar:/Users/NaveenKhunteta/.m2/repository/commons-codec/commons-codec/1.10/commons-codec-1.10.jar:/Users/NaveenKhunteta/.m2/repository/commons-logging/commons-logging/1.2/commons-logging-1.2.jar:/Users/NaveenKhunteta/.m2/repository/com/google/code/gson/gson/2.8.2/gson-2.8.2.jar:/Users/NaveenKhunteta/.m2/repository/com/google/guava/guava/23.6-jre/guava-23.6-jre.jar:/Users/NaveenKhunteta/.m2/repository/com/google/code/findbugs/jsr305/1.3.9/jsr305-1.3.9.jar:/Users/NaveenKhunteta/.m2/repository/org/checkerframework/checker-compat-qual/2.0.0/checker-compat-qual-2.0.0.jar:/Users/NaveenKhunteta/.m2/repository/com/google/errorprone/error_prone_annotations/2.1.3/error_prone_annotations-2.1.3.jar:/Users/NaveenKhunteta/.m2/repository/com/google/j2objc/j2objc-annotations/1.1/j2objc-annotations-1.1.jar:/Users/NaveenKhunteta/.m2/repository/org/codehaus/mojo/animal-sniffer-annotations/1.14/animal-sniffer-annotations-1.14.jar:/Users/NaveenKhunteta/.m2/repository/org/apache/httpcomponents/httpclient/4.5.3/httpclient-4.5.3.jar:/Users/NaveenKhunteta/.m2/repository/org/apache/httpcomponents/httpcore/4.4.6/httpcore-4.4.6.jar:/Users/NaveenKhunteta/.m2/repository/com/squareup/okhttp3/okhttp/3.9.1/okhttp-3.9.1.jar:/Users/NaveenKhunteta/.m2/repository/com/squareup/okio/okio/1.13.0/okio-1.13.0.jar:/Users/NaveenKhunteta/.m2/repository/info/cukes/cucumber-java/1.2.5/cucumber-java-1.2.5.jar:/Users/NaveenKhunteta/.m2/repository/info/cukes/cucumber-core/1.2.5/cucumber-core-1.2.5.jar:/Users/NaveenKhunteta/.m2/repository/info/cukes/cucumber-html/0.2.3/cucumber-html-0.2.3.jar:/Users/NaveenKhunteta/.m2/repository/info/cukes/gherkin/2.12.2/gherkin-2.12.2.jar:/Users/NaveenKhunteta/.m2/repository/info/cukes/cucumber-jvm-deps/1.0.5/cucumber-jvm-deps-1.0.5.jar:/Users/NaveenKhunteta/.m2/repository/info/cukes/cucumber-testng/1.2.5/cucumber-testng-1.2.5.jar:/Users/NaveenKhunteta/.m2/repository/net/masterthought/cucumber-reporting/3.8.0/cucumber-reporting-3.8.0.jar:/Users/NaveenKhunteta/.m2/repository/org/apache/logging/log4j/log4j-api/2.6/log4j-api-2.6.jar:/Users/NaveenKhunteta/.m2/repository/org/apache/logging/log4j/log4j-core/2.6/log4j-core-2.6.jar:/Users/NaveenKhunteta/.m2/repository/com/fasterxml/jackson/core/jackson-databind/2.8.5/jackson-databind-2.8.5.jar:/Users/NaveenKhunteta/.m2/repository/com/fasterxml/jackson/core/jackson-annotations/2.8.0/jackson-annotations-2.8.0.jar:/Users/NaveenKhunteta/.m2/repository/com/fasterxml/jackson/core/jackson-core/2.8.5/jackson-core-2.8.5.jar:/Users/NaveenKhunteta/.m2/repository/org/apache/velocity/velocity/1.7/velocity-1.7.jar:/Users/NaveenKhunteta/.m2/repository/commons-collections/commons-collections/3.2.1/commons-collections-3.2.1.jar:/Users/NaveenKhunteta/.m2/repository/commons-lang/commons-lang/2.4/commons-lang-2.4.jar:/Users/NaveenKhunteta/.m2/repository/velocity-tools/velocity-tools/1.4/velocity-tools-1.4.jar:/Users/NaveenKhunteta/.m2/repository/joda-time/joda-time/2.9.6/joda-time-2.9.6.jar:/Users/NaveenKhunteta/.m2/repository/org/apache/commons/commons-lang3/3.5/commons-lang3-3.5.jar:/Users/NaveenKhunteta/.m2/repository/commons-io/commons-io/2.5/commons-io-2.5.jar:/Users/NaveenKhunteta/.m2/repository/net/lingala/zip4j/zip4j/1.3.2/zip4j-1.3.2.jar:/Users/NaveenKhunteta/.m2/repository/org/codehaus/plexus/plexus-utils/3.0.24/plexus-utils-3.0.24.jar:/Users/NaveenKhunteta/.m2/repository/org/jsoup/jsoup/1.10.1/jsoup-1.10.1.jar:/Users/NaveenKhunteta/.m2/repository/com/googlecode/owasp-java-html-sanitizer/owasp-java-html-sanitizer/20160924.1/owasp-java-html-sanitizer-20160924.1.jar:/Users/NaveenKhunteta/.m2/repository/org/apache/maven/surefire/surefire-testng-utils/2.21.0/surefire-testng-utils-2.21.0.jar:/Users/NaveenKhunteta/.m2/repository/org/apache/maven/surefire/surefire-grouper/2.21.0/surefire-grouper-2.21.0.jar:"/>
    <property name="sun.cpu.endian" value="little"/>
    <property name="user.home" value="/Users/NaveenKhunteta"/>
    <property name="user.language" value="en"/>
    <property name="java.specification.vendor" value="Oracle Corporation"/>
    <property name="java.home" value="/Library/Java/JavaVirtualMachines/jdk1.8.0_144.jdk/Contents/Home/jre"/>
    <property name="basedir" value="/Users/NaveenKhunteta/Documents/workspace/CucumberTestNG"/>
    <property name="file.separator" value="/"/>
    <property name="line.separator" value="&#10;"/>
    <property name="java.vm.specification.vendor" value="Oracle Corporation"/>
    <property name="java.specification.name" value="Java Platform API Specification"/>
    <property name="java.awt.graphicsenv" value="sun.awt.CGraphicsEnvironment"/>
    <property name="surefire.real.class.path" value="/Users/NaveenKhunteta/Documents/workspace/CucumberTestNG/target/surefire/surefirebooter5648432285344951497.jar"/>
    <property name="sun.boot.class.path" value="/Library/Java/JavaVirtualMachines/jdk1.8.0_144.jdk/Contents/Home/jre/lib/resources.jar:/Library/Java/JavaVirtualMachines/jdk1.8.0_144.jdk/Contents/Home/jre/lib/rt.jar:/Library/Java/JavaVirtualMachines/jdk1.8.0_144.jdk/Contents/Home/jre/lib/sunrsasign.jar:/Library/Java/JavaVirtualMachines/jdk1.8.0_144.jdk/Contents/Home/jre/lib/jsse.jar:/Library/Java/JavaVirtualMachines/jdk1.8.0_144.jdk/Contents/Home/jre/lib/jce.jar:/Library/Java/JavaVirtualMachines/jdk1.8.0_144.jdk/Contents/Home/jre/lib/charsets.jar:/Library/Java/JavaVirtualMachines/jdk1.8.0_144.jdk/Contents/Home/jre/lib/jfr.jar:/Library/Java/JavaVirtualMachines/jdk1.8.0_144.jdk/Contents/Home/jre/classes"/>
    <property name="sun.management.compiler" value="HotSpot 64-Bit Tiered Compilers"/>
    <property name="ftp.nonProxyHosts" value="local|*.local|169.254/16|*.169.254/16"/>
    <property name="java.runtime.version" value="1.8.0_144-b01"/>
    <property name="user.name" value="NaveenKhunteta"/>
    <property name="path.separator" value=":"/>
    <property name="os.version" value="10.12.5"/>
    <property name="java.endorsed.dirs" value="/Library/Java/JavaVirtualMachines/jdk1.8.0_144.jdk/Contents/Home/jre/lib/endorsed"/>
    <property name="java.runtime.name" value="Java(TM) SE Runtime Environment"/>
    <property name="file.encoding" value="UTF-8"/>
    <property name="java.vm.name" value="Java HotSpot(TM) 64-Bit Server VM"/>
    <property name="localRepository" value="/Users/NaveenKhunteta/.m2/repository"/>
    <property name="java.vendor.url.bug" value="http://bugreport.sun.com/bugreport/"/>
    <property name="java.io.tmpdir" value="/var/folders/fd/lw5s91x96f947xsp40gd_2180000gp/T/"/>
    <property name="java.version" value="1.8.0_144"/>
    <property name="user.dir" value="/Users/NaveenKhunteta/Documents/workspace/CucumberTestNG"/>
    <property name="os.arch" value="x86_64"/>
    <property name="java.vm.specification.name" value="Java Virtual Machine Specification"/>
    <property name="java.awt.printerjob" value="sun.lwawt.macosx.CPrinterJob"/>
    <property name="sun.os.patch.level" value="unknown"/>
    <property name="java.library.path" value="/Users/NaveenKhunteta/Library/Java/Extensions:/Library/Java/Extensions:/Network/Library/Java/Extensions:/System/Library/Java/Extensions:/usr/lib/java:."/>
    <property name="java.vm.info" value="mixed mode"/>
    <property name="java.vendor" value="Oracle Corporation"/>
    <property name="java.vm.version" value="25.144-b01"/>
    <property name="java.ext.dirs" value="/Users/NaveenKhunteta/Library/Java/Extensions:/Library/Java/JavaVirtualMachines/jdk1.8.0_144.jdk/Contents/Home/jre/lib/ext:/Library/Java/Extensions:/Network/Library/Java/Extensions:/System/Library/Java/Extensions:/usr/lib/java"/>
    <property name="sun.io.unicode.encoding" value="UnicodeBig"/>
    <property name="java.class.version" value="52.0"/>
    <property name="socksNonProxyHosts" value="local|*.local|169.254/16|*.169.254/16"/>
  </properties>
  <testcase name="feature" classname="MyRunner.TestRunner" time="21.974"/>
</testsuite>