<?xml version="1.0" encoding="UTF-8"?>
<!-- Generated by org.testng.reporters.JUnitReportReporter -->
<testsuite skipped="0" hostname="Nicholass-MBP" name="tests.AddCategoryTest" tests="1" failures="0" timestamp="13 Jul 2022 19:13:30 GMT" time="4.699" errors="0">
  <testcase name="validUserShouldBeAbleToAddCategory" time="4.699" classname="tests.AddCategoryTest"/>
</testsuite> <!-- tests.AddCategoryTest -->
