<?xml version="1.0" encoding="UTF-8"?>
<!-- Generated by org.testng.reporters.JUnitReportReporter -->
<testsuite skipped="0" hostname="Nicholass-MBP" name="tests.Todo_List_Test" tests="1" failures="0" timestamp="10 Jul 2022 22:39:32 GMT" time="5.192" errors="0">
  <testcase name="validUserShouldBeAbleToAddProduct" time="5.192" classname="tests.Todo_List_Test"/>
</testsuite> <!-- tests.Todo_List_Test -->
