<?xml version="1.0" encoding="UTF-8"?>
<!-- Generated by org.testng.reporters.JUnitReportReporter -->
<testsuite skipped="0" hostname="Nicholass-MBP" name="util.BrowserFactory" tests="1" failures="0" timestamp="06 Jul 2022 03:23:24 GMT" time="7.012" errors="0">
  <testcase name="init" time="7.012" classname="util.BrowserFactory"/>
</testsuite> <!-- util.BrowserFactory -->
