<?xml version="1.0" encoding="UTF-8"?>
<!-- Generated by org.testng.reporters.JUnitReportReporter -->
<testsuite skipped="0" hostname="Nicholass-MBP" name="tests.DuplicatedCategoryTest" tests="1" failures="0" timestamp="13 Jul 2022 22:45:58 GMT" time="4.431" errors="0">
  <testcase name="validUserShouldBeAbleToAddCategory" time="4.431" classname="tests.DuplicatedCategoryTest"/>
</testsuite> <!-- tests.DuplicatedCategoryTest -->
