<?xml version="1.0" encoding="UTF-8"?>
<!-- Generated by org.testng.reporters.JUnitReportReporter -->
<testsuite skipped="0" hostname="Nicholass-MBP" name="tests.AddProductTest" tests="1" failures="0" timestamp="11 Jul 2022 01:27:00 GMT" time="9.879" errors="0">
  <testcase name="validUserShouldBeAbleToAddProduct" time="9.879" classname="tests.AddProductTest"/>
</testsuite> <!-- tests.AddProductTest -->
