<?xml version="1.0" encoding="UTF-8"?>
<!-- Generated by org.testng.reporters.JUnitReportReporter -->
<testsuite skipped="0" hostname="DESKTOP-6QB07EQ" name="com.rest.api.get.GetNonBDDApi" tests="1" failures="0" timestamp="28 Dec 2019 08:36:06 GMT" time="3.401" errors="0">
  <testcase name="get_post_cancel_order_in_novus" time="3.401" classname="com.rest.api.get.GetNonBDDApi"/>
</testsuite> <!-- com.rest.api.get.GetNonBDDApi -->
