<?xml version="1.0" encoding="UTF-8"?>
<!-- Generated by org.testng.reporters.JUnitReportReporter -->
<testsuite skipped="0" hostname="DESKTOP-6QB07EQ" name="httpClientAPIs.GetUserAPI" tests="1" failures="0" timestamp="02 Apr 2020 11:04:44 GMT" time="7.069" errors="0">
  <testcase name="GetUserTest" time="7.069" classname="httpClientAPIs.GetUserAPI"/>
</testsuite> <!-- httpClientAPIs.GetUserAPI -->
