<?xml version="1.0" encoding="UTF-8"?>
<!-- Generated by org.testng.reporters.JUnitReportReporter -->
<testsuite skipped="0" hostname="DESKTOP-6QB07EQ" name="com.rest.api.get.GETBDDAPI" tests="1" failures="0" timestamp="22 Dec 2019 00:15:47 GMT" time="22.526" errors="0">
  <testcase name="getAPITest" time="22.526" classname="com.rest.api.get.GETBDDAPI"/>
</testsuite> <!-- com.rest.api.get.GETBDDAPI -->
