<?xml version="1.0" encoding="UTF-8"?>
<!-- Generated by org.testng.reporters.JUnitReportReporter -->
<testsuite skipped="0" hostname="Administrators-MacBook-Pro-9.local" name="com.qa.xyz.tests.HomePageTest" tests="2" failures="0" timestamp="15 Oct 2018 16:38:32 GMT" time="21.664" errors="0">
  <testcase name="verifyHomePageTitleTest" time="10.221" classname="com.qa.xyz.tests.HomePageTest"/>
  <testcase name="verifyLoggedInUserTest" time="11.443" classname="com.qa.xyz.tests.HomePageTest"/>
</testsuite> <!-- com.qa.xyz.tests.HomePageTest -->
