<?xml version="1.0" encoding="UTF-8"?>
<!-- Generated by org.testng.reporters.JUnitReportReporter -->
<testsuite skipped="0" hostname="Dell-PC" name="Auth_Tests.AuthFlow_Test" tests="5" failures="0" timestamp="2020-06-18T16:43:30 IST" time="6.605" errors="0">
  <testcase name="ClientRegistrationValidation" time="5.085" classname="Auth_Tests.AuthFlow_Test"/>
  <testcase name="gettokenvalidation" time="0.830" classname="Auth_Tests.AuthFlow_Test"/>
  <testcase name="usercreation" time="0.350" classname="Auth_Tests.AuthFlow_Test"/>
  <testcase name="UserGroupDetails" time="0.182" classname="Auth_Tests.AuthFlow_Test"/>
  <testcase name="DashboardGroupResponseValidation" time="0.158" classname="Auth_Tests.AuthFlow_Test"/>
</testsuite> <!-- Auth_Tests.AuthFlow_Test -->
