<?xml version="1.0" encoding="UTF-8"?>
<!-- Generated by org.testng.reporters.JUnitReportReporter -->
<testsuite hostname="DESKTOP-URFV0HQ" failures="0" tests="1" name="com.herokuapp.restfulbooker.GetBookingIdsTests" time="1.425" errors="0" timestamp="26 Feb 2020 00:51:07 GMT">
  <testcase classname="com.herokuapp.restfulbooker.GetBookingIdsTests" name="getBookingIdsWithoutFilterTest" time="1.425"/>
</testsuite> <!-- com.herokuapp.restfulbooker.GetBookingIdsTests -->
