<?xml version="1.0" encoding="UTF-8"?>
<!-- Generated by org.testng.reporters.JUnitReportReporter -->
<testsuite skipped="0" hostname="Desta" name="com.tokopedia.searchProduct" tests="1" failures="0" timestamp="2022-07-30T10:43:54 ICT" time="2.436" errors="0">
  <testcase name="searchProductTest" time="2.436" classname="com.tokopedia.searchProduct"/>
  <system-out/>
</testsuite> <!-- com.tokopedia.searchProduct -->
