<?xml version="1.0" encoding="UTF-8"?>
<!-- Generated by org.testng.reporters.JUnitReportReporter -->
<testsuite skipped="0" hostname="Naveen-Mac.local" name="com.qa.hubspot.tests.HomePageTest" tests="4" failures="0" timestamp="20 Dec 2019 03:07:10 GMT" time="20.236" errors="0">
  <testcase name="verifyHomePageHeaderValueTest" time="5.106" classname="com.qa.hubspot.tests.HomePageTest"/>
  <testcase name="verifyLoggedInUserTest" time="5.077" classname="com.qa.hubspot.tests.HomePageTest"/>
  <testcase name="verifyHomePageAppLogo" time="5.042" classname="com.qa.hubspot.tests.HomePageTest"/>
  <testcase name="verifyHomePageTitleTest" time="5.011" classname="com.qa.hubspot.tests.HomePageTest"/>
</testsuite> <!-- com.qa.hubspot.tests.HomePageTest -->
