<?xml version="1.0" encoding="UTF-8"?>
<!-- Generated by org.testng.reporters.JUnitReportReporter -->
<testsuite skipped="0" hostname="Naveen-Mac.local" name="com.qa.hubspot.tests.ContactsPageTest" tests="4" failures="0" timestamp="03 Dec 2019 03:46:40 GMT" time="94.264" errors="0">
  <testcase name="createNewContactTest" time="20.145" classname="com.qa.hubspot.tests.ContactsPageTest"/>
  <testcase name="createNewContactTest" time="22.309" classname="com.qa.hubspot.tests.ContactsPageTest"/>
  <testcase name="createNewContactTest" time="32.054" classname="com.qa.hubspot.tests.ContactsPageTest"/>
  <testcase name="createNewContactTest" time="19.756" classname="com.qa.hubspot.tests.ContactsPageTest"/>
</testsuite> <!-- com.qa.hubspot.tests.ContactsPageTest -->
