<?xml version="1.0" encoding="UTF-8"?>
<!-- Generated by org.testng.reporters.JUnitReportReporter -->
<testsuite skipped="0" hostname="Naveen-Mac.local" name="SampleTestNGConcepts.InvocationCountConcept" tests="10" failures="0" timestamp="02 Dec 2019 03:17:00 GMT" time="0.022" errors="0">
  <testcase name="createUserTest" time="0.001" classname="SampleTestNGConcepts.InvocationCountConcept"/>
  <testcase name="createUserTest" time="0.001" classname="SampleTestNGConcepts.InvocationCountConcept"/>
  <testcase name="createUserTest" time="0.001" classname="SampleTestNGConcepts.InvocationCountConcept"/>
  <testcase name="createUserTest" time="0.001" classname="SampleTestNGConcepts.InvocationCountConcept"/>
  <testcase name="createUserTest" time="0.001" classname="SampleTestNGConcepts.InvocationCountConcept"/>
  <testcase name="createUserTest" time="0.000" classname="SampleTestNGConcepts.InvocationCountConcept"/>
  <testcase name="createUserTest" time="0.001" classname="SampleTestNGConcepts.InvocationCountConcept"/>
  <testcase name="createUserTest" time="0.002" classname="SampleTestNGConcepts.InvocationCountConcept"/>
  <testcase name="createUserTest" time="0.013" classname="SampleTestNGConcepts.InvocationCountConcept"/>
  <testcase name="createUserTest" time="0.001" classname="SampleTestNGConcepts.InvocationCountConcept"/>
</testsuite> <!-- SampleTestNGConcepts.InvocationCountConcept -->
