<?xml version="1.0" encoding="UTF-8"?>
<!-- Generated by org.testng.reporters.JUnitReportReporter -->
<testsuite skipped="0" hostname="Naveen-Mac.local" name="SampleTestNGConcepts.ExpectedExceptionCocept" tests="2" failures="0" timestamp="02 Dec 2019 03:37:47 GMT" time="0.012" errors="0">
  <testcase name="loginTest" time="0.002" classname="SampleTestNGConcepts.ExpectedExceptionCocept"/>
  <testcase name="homePageTest" time="0.010" classname="SampleTestNGConcepts.ExpectedExceptionCocept"/>
</testsuite> <!-- SampleTestNGConcepts.ExpectedExceptionCocept -->
