<?xml version="1.0" encoding="UTF-8"?>
<!-- Generated by org.testng.reporters.JUnitReportReporter -->
<testsuite skipped="0" hostname="Naveen-Mac.local" name="SampleTestNGConcepts.PriorityConcept" tests="5" failures="0" timestamp="02 Dec 2019 03:25:36 GMT" time="0.017" errors="0">
  <testcase name="profileTest" time="0.001" classname="SampleTestNGConcepts.PriorityConcept"/>
  <testcase name="homeTabTest" time="0.013" classname="SampleTestNGConcepts.PriorityConcept"/>
  <testcase name="homePageTest" time="0.001" classname="SampleTestNGConcepts.PriorityConcept"/>
  <testcase name="homeSearchTest" time="0.001" classname="SampleTestNGConcepts.PriorityConcept"/>
  <testcase name="loginTest" time="0.001" classname="SampleTestNGConcepts.PriorityConcept"/>
</testsuite> <!-- SampleTestNGConcepts.PriorityConcept -->
