<?xml version="1.0" encoding="UTF-8"?>
<!-- Generated by org.testng.reporters.JUnitReportReporter -->
<testsuite hostname="A303598" name="com.cucumberFramework.testRunner.TestRunner" tests="1" failures="0" timestamp="12 Apr 2019 05:43:54 GMT" time="224.543" errors="0">
  <testcase name="feature" time="224.543" classname="com.cucumberFramework.testRunner.TestRunner"/>
</testsuite> <!-- com.cucumberFramework.testRunner.TestRunner -->
