<?xml version="1.0" encoding="UTF-8"?>
<!-- Generated by org.testng.reporters.JUnitReportReporter -->
<testsuite skipped="0" hostname="LAPTOP-HSPQSV91" name="com.SearchFunctionality.SearchWithValidData" tests="1" failures="0" timestamp="02 Jan 2019 18:48:00 GMT" time="9.190" errors="0">
  <testcase name="searchFunctionalityTest" time="9.190" classname="com.SearchFunctionality.SearchWithValidData"/>
</testsuite> <!-- com.SearchFunctionality.SearchWithValidData -->
