<?xml version="1.0" encoding="UTF-8"?>
<!-- Generated by org.testng.reporters.JUnitReportReporter -->
<testsuite skipped="0" hostname="LAPTOP-TI485JC7" name="com.SearchFunctionality.SearchFunctionalityTest" tests="3" failures="0" timestamp="17 Feb 2019 14:13:03 GMT" time="215.888" errors="0">
  <testcase name="noDataTest" time="58.302" classname="com.SearchFunctionality.SearchFunctionalityTest"/>
  <testcase name="validDataTest" time="92.669" classname="com.SearchFunctionality.SearchFunctionalityTest"/>
  <testcase name="invalidDataTest" time="64.917" classname="com.SearchFunctionality.SearchFunctionalityTest"/>
</testsuite> <!-- com.SearchFunctionality.SearchFunctionalityTest -->
