<?xml version="1.0" encoding="UTF-8"?>
<!-- Generated by org.testng.reporters.JUnitReportReporter -->
<testsuite skipped="0" hostname="LAPTOP-HSPQSV91" name="com.SearchFunctionality.SearchWithInvalidData" tests="1" failures="0" timestamp="03 Jan 2019 05:31:06 GMT" time="7.774" errors="0">
  <testcase name="searchFunctionalityTest" time="7.774" classname="com.SearchFunctionality.SearchWithInvalidData"/>
</testsuite> <!-- com.SearchFunctionality.SearchWithInvalidData -->
