<?xml version="1.0" encoding="UTF-8"?>
<!-- Generated by org.testng.reporters.JUnitReportReporter -->
<testsuite skipped="0" hostname="LAPTOP-HSPQSV91" name="com.SearchFunctionality.SearchWithNoData" tests="1" failures="0" timestamp="03 Jan 2019 05:02:18 GMT" time="1.257" errors="0">
  <testcase name="searchFunctionalityTest" time="1.257" classname="com.SearchFunctionality.SearchWithNoData"/>
</testsuite> <!-- com.SearchFunctionality.SearchWithNoData -->
